#
# A fatal error has been detected by the Java Runtime Environment:
#
#  SIGSEGV (0xb) at pc=0x00007fbe16f639f7, pid=13205, tid=13206
#
# JRE version: OpenJDK Runtime Environment (11.0.11+9) (build 11.0.11+9-Ubuntu-0ubuntu2.18.04)
# Java VM: OpenJDK 64-Bit Server VM (11.0.11+9-Ubuntu-0ubuntu2.18.04, mixed mode, sharing, tiered, compressed oops, g1 gc, linux-amd64)
# Problematic frame:
# C  [libhill.so+0x9f7]  Java_com_java_crypto_jni_HillJni_multiplyMatrices+0x392
#
# Core dump will be written. Default location: Core dumps may be processed with "/lib/systemd/systemd-coredump %P %u %g %s %t 9223372036854775808 %e" (or dumping to /home/user/Faks/5.godina/2.semestar/Java/projekt/ClassicCryptography/core.13205)
#
# If you would like to submit a bug report, please visit:
#   https://bugs.launchpad.net/ubuntu/+source/openjdk-lts
# The crash happened outside the Java Virtual Machine in native code.
# See problematic frame for where to report the bug.
#

---------------  S U M M A R Y ------------

Command Line: com.java.crypto.jni.HillJni

Host: Intel(R) Core(TM) i5-9300H CPU @ 2.40GHz, 8 cores, 7G, Linux Mint 19.3 Tricia
Time: Sun Jul  4 14:07:36 2021 CEST elapsed time: 0.055440 seconds (0d 0h 0m 0s)

---------------  T H R E A D  ---------------

Current thread (0x00007fbe50018800):  JavaThread "main" [_thread_in_native, id=13206, stack(0x00007fbe57f12000,0x00007fbe58013000)]

Stack: [0x00007fbe57f12000,0x00007fbe58013000],  sp=0x00007fbe58011820,  free space=1022k
Native frames: (J=compiled Java code, A=aot compiled Java code, j=interpreted, Vv=VM code, C=native code)
C  [libhill.so+0x9f7]  Java_com_java_crypto_jni_HillJni_multiplyMatrices+0x392
j  com.java.crypto.jni.HillJni.multiplyMatrices([[I[[II)[[I+0
j  com.java.crypto.jni.HillJni.main([Ljava/lang/String;)V+144
v  ~StubRoutines::call_stub
V  [libjvm.so+0x82db91]
V  [libjvm.so+0x8a25bc]
V  [libjvm.so+0x8a4658]
C  [libjli.so+0x4738]
C  [libjli.so+0x87ed]

Java frames: (J=compiled Java code, j=interpreted, Vv=VM code)
j  com.java.crypto.jni.HillJni.multiplyMatrices([[I[[II)[[I+0
j  com.java.crypto.jni.HillJni.main([Ljava/lang/String;)V+144
v  ~StubRoutines::call_stub

siginfo: si_signo: 11 (SIGSEGV), si_code: 128 (SI_KERNEL), si_addr: 0x0000000000000000

Register to memory mapping:

RAX=0x944589d0ffd78948 is an unknown value
RBX=0x00007fbe501d7ea0 points into unknown readable memory: 0x00007fbe501d7f10 | 10 7f 1d 50 be 7f 00 00
RCX=0x00007fbe50000020 points into unknown readable memory: 0x0000000200000000 | 00 00 00 00 02 00 00 00
RDX=0x0 is NULL
RSP=0x00007fbe58011820 is pointing into the stack for thread: 0x00007fbe50018800
RBP=0x00007fbe580118e0 is pointing into the stack for thread: 0x00007fbe50018800
RSI=0x0000000000000004 is an unknown value
RDI=0x00007fbe501d7f80 points into unknown readable memory: 0x8948d0ffcf894800 | 00 48 89 cf ff d0 48 89
R8 =0x0000000000000003 is an unknown value
R9 =0x0 is NULL
R10=0x00007fbe500008d0 points into unknown readable memory: 0x0001000101000000 | 00 00 00 01 01 00 01 00
R11=0x0 is NULL
R12=0x0 is NULL
R13=0x00007fbe2c51f538 is pointing into metadata
R14=0x00007fbe58011988 is pointing into the stack for thread: 0x00007fbe50018800
R15=0x00007fbe50018800 is a thread


Registers:
RAX=0x944589d0ffd78948, RBX=0x00007fbe501d7ea0, RCX=0x00007fbe50000020, RDX=0x0000000000000000
RSP=0x00007fbe58011820, RBP=0x00007fbe580118e0, RSI=0x0000000000000004, RDI=0x00007fbe501d7f80
R8 =0x0000000000000003, R9 =0x0000000000000000, R10=0x00007fbe500008d0, R11=0x0000000000000000
R12=0x0000000000000000, R13=0x00007fbe2c51f538, R14=0x00007fbe58011988, R15=0x00007fbe50018800
RIP=0x00007fbe16f639f7, EFLAGS=0x0000000000010286, CSGSFS=0x002b000000000033, ERR=0x0000000000000000
  TRAPNO=0x000000000000000d

Top of Stack: (sp=0x00007fbe58011820)
0x00007fbe58011820:   0000000000000000 0000001a00000000
0x00007fbe58011830:   00007fbe58011980 00007fbe58011988
0x00007fbe58011840:   00007fbe58011968 00007fbe50018b48
0x00007fbe58011850:   00007fbe2c51f548 0000000350018800 

Instructions: (pc=0x00007fbe16f639f7)
0x00007fbe16f638f7:   00 48 8b 55 d0 48 8d 1c 11 8b 55 80 48 8b b5 58
0x00007fbe16f63907:   ff ff ff 48 8b 8d 68 ff ff ff 48 89 cf ff d0 48
0x00007fbe16f63917:   89 03 48 8b 85 68 ff ff ff 48 8b 00 48 8b 80 d8
0x00007fbe16f63927:   05 00 00 8b 55 80 48 63 d2 48 8d 0c d5 00 00 00
0x00007fbe16f63937:   00 48 8b 55 d0 48 01 ca 48 8b 32 8b 55 80 48 63
0x00007fbe16f63947:   d2 48 8d 0c d5 00 00 00 00 48 8b 55 c8 48 8d 1c
0x00007fbe16f63957:   11 48 8b 8d 68 ff ff ff ba 00 00 00 00 48 89 cf
0x00007fbe16f63967:   ff d0 48 89 03 83 45 80 01 8b 45 80 3b 45 90 0f
0x00007fbe16f63977:   8c 5d ff ff ff 8b 45 90 48 98 48 c1 e0 03 48 89
0x00007fbe16f63987:   c7 e8 03 fc ff ff 48 89 45 d8 8b 45 98 48 98 48
0x00007fbe16f63997:   c1 e0 03 48 89 c7 e8 ee fb ff ff 48 89 45 e0 8b
0x00007fbe16f639a7:   45 90 48 98 48 c1 e0 02 48 89 c7 e8 d9 fb ff ff
0x00007fbe16f639b7:   48 89 45 e8 c7 45 84 00 00 00 00 e9 3c 01 00 00
0x00007fbe16f639c7:   c7 45 88 00 00 00 00 e9 20 01 00 00 8b 45 84 48
0x00007fbe16f639d7:   98 48 8d 14 c5 00 00 00 00 48 8b 45 d8 48 01 d0
0x00007fbe16f639e7:   48 8b 00 8b 55 88 48 63 d2 48 c1 e2 02 48 01 d0
0x00007fbe16f639f7:   c7 00 00 00 00 00 c7 45 8c 00 00 00 00 e9 a1 00
0x00007fbe16f63a07:   00 00 8b 45 84 48 98 48 8d 14 c5 00 00 00 00 48
0x00007fbe16f63a17:   8b 45 d8 48 01 d0 48 8b 00 8b 55 88 48 63 d2 48
0x00007fbe16f63a27:   c1 e2 02 48 01 d0 8b 08 8b 45 84 48 98 48 8d 14
0x00007fbe16f63a37:   c5 00 00 00 00 48 8b 45 c8 48 01 d0 48 8b 00 8b
0x00007fbe16f63a47:   55 8c 48 63 d2 48 c1 e2 02 48 01 d0 8b 10 8b 45
0x00007fbe16f63a57:   8c 48 98 48 8d 34 c5 00 00 00 00 48 8b 45 b8 48
0x00007fbe16f63a67:   01 f0 48 8b 00 8b 75 88 48 63 f6 48 c1 e6 02 48
0x00007fbe16f63a77:   01 f0 8b 00 0f af d0 8b 45 84 48 98 48 8d 34 c5
0x00007fbe16f63a87:   00 00 00 00 48 8b 45 d8 48 01 f0 48 8b 00 8b 75
0x00007fbe16f63a97:   88 48 63 f6 48 c1 e6 02 48 01 f0 01 ca 89 10 83
0x00007fbe16f63aa7:   45 8c 01 8b 45 8c 3b 45 90 0f 8c 53 ff ff ff 8b
0x00007fbe16f63ab7:   45 84 48 98 48 8d 14 c5 00 00 00 00 48 8b 45 d8
0x00007fbe16f63ac7:   48 01 d0 48 8b 00 8b 55 88 48 63 d2 48 c1 e2 02
0x00007fbe16f63ad7:   48 01 d0 8b 00 89 c6 48 8d 3d 47 00 00 00 b8 00
0x00007fbe16f63ae7:   00 00 00 e8 91 fa ff ff 83 45 88 01 8b 45 88 3b 


Stack slot to memory mapping:
stack at sp + 0 slots: 0x0 is NULL
stack at sp + 1 slots: 0x0000001a00000000 is an unknown value
stack at sp + 2 slots: 0x00007fbe58011980 is pointing into the stack for thread: 0x00007fbe50018800
stack at sp + 3 slots: 0x00007fbe58011988 is pointing into the stack for thread: 0x00007fbe50018800
stack at sp + 4 slots: 0x00007fbe58011968 is pointing into the stack for thread: 0x00007fbe50018800
stack at sp + 5 slots: 0x00007fbe50018b48 points into unknown readable memory: 0x00007fbe57140a60 | 60 0a 14 57 be 7f 00 00
stack at sp + 6 slots: {method} {0x00007fbe2c51f548} 'multiplyMatrices' '([[I[[II)[[I' in 'com/java/crypto/jni/HillJni'
stack at sp + 7 slots: 0x0000000350018800 is an unknown value


---------------  P R O C E S S  ---------------

Threads class SMR info:
_java_thread_list=0x00007fbe50190f20, length=9, elements={
0x00007fbe50018800, 0x00007fbe50123800, 0x00007fbe50125800, 0x00007fbe5012c000,
0x00007fbe5012e000, 0x00007fbe50130000, 0x00007fbe50132000, 0x00007fbe50134000,
0x00007fbe5018f800
}

Java Threads: ( => current thread )
=>0x00007fbe50018800 JavaThread "main" [_thread_in_native, id=13206, stack(0x00007fbe57f12000,0x00007fbe58013000)]
  0x00007fbe50123800 JavaThread "Reference Handler" daemon [_thread_blocked, id=13217, stack(0x00007fbe17eff000,0x00007fbe18000000)]
  0x00007fbe50125800 JavaThread "Finalizer" daemon [_thread_blocked, id=13218, stack(0x00007fbe17dfe000,0x00007fbe17eff000)]
  0x00007fbe5012c000 JavaThread "Signal Dispatcher" daemon [_thread_blocked, id=13219, stack(0x00007fbe1776c000,0x00007fbe1786d000)]
  0x00007fbe5012e000 JavaThread "Service Thread" daemon [_thread_blocked, id=13220, stack(0x00007fbe1766b000,0x00007fbe1776c000)]
  0x00007fbe50130000 JavaThread "C2 CompilerThread0" daemon [_thread_blocked, id=13221, stack(0x00007fbe1756a000,0x00007fbe1766b000)]
  0x00007fbe50132000 JavaThread "C1 CompilerThread0" daemon [_thread_blocked, id=13222, stack(0x00007fbe17469000,0x00007fbe1756a000)]
  0x00007fbe50134000 JavaThread "Sweeper thread" daemon [_thread_blocked, id=13223, stack(0x00007fbe17368000,0x00007fbe17469000)]
  0x00007fbe5018f800 JavaThread "Common-Cleaner" daemon [_thread_blocked, id=13225, stack(0x00007fbe17165000,0x00007fbe17266000)]

Other Threads:
  0x00007fbe50120800 VMThread "VM Thread" [stack: 0x00007fbe2c01f000,0x00007fbe2c11f000] [id=13216]
  0x00007fbe5018d000 WatcherThread [stack: 0x00007fbe17268000,0x00007fbe17368000] [id=13224]
  0x00007fbe50031000 GCTaskThread "GC Thread#0" [stack: 0x00007fbe3868d000,0x00007fbe3878d000] [id=13211]
  0x00007fbe50062000 ConcurrentGCThread "G1 Main Marker" [stack: 0x00007fbe2f42f000,0x00007fbe2f52f000] [id=13212]
  0x00007fbe50064000 ConcurrentGCThread "G1 Conc#0" [stack: 0x00007fbe2f32d000,0x00007fbe2f42d000] [id=13213]
  0x00007fbe500ed000 ConcurrentGCThread "G1 Refine#0" [stack: 0x00007fbe2ca23000,0x00007fbe2cb23000] [id=13214]
  0x00007fbe500ee800 ConcurrentGCThread "G1 Young RemSet Sampling" [stack: 0x00007fbe2c921000,0x00007fbe2ca21000] [id=13215]

Threads with active compile tasks:

VM state:not at safepoint (normal execution)

VM Mutex/Monitor currently owned by a thread: None

Heap address: 0x0000000085600000, size: 1962 MB, Compressed Oops mode: 32-bit
Narrow klass base: 0x0000000800000000, Narrow klass shift: 3
Compressed class space size: 1073741824 Address: 0x0000000840000000

Heap:
 garbage-first heap   total 129024K, used 1736K [0x0000000085600000, 0x0000000100000000)
  region size 1024K, 2 young (2048K), 0 survivors (0K)
 Metaspace       used 369K, capacity 4520K, committed 4864K, reserved 1056768K
  class space    used 30K, capacity 399K, committed 512K, reserved 1048576K
Heap Regions: E=young(eden), S=young(survivor), O=old, HS=humongous(starts), HC=humongous(continues), CS=collection set, F=free, A=archive, TAMS=top-at-mark-start (previous, next)
|   0|0x0000000085600000, 0x0000000085600000, 0x0000000085700000|  0%| F|  |TAMS 0x0000000085600000, 0x0000000085600000| Untracked 
|   1|0x0000000085700000, 0x0000000085700000, 0x0000000085800000|  0%| F|  |TAMS 0x0000000085700000, 0x0000000085700000| Untracked 
|   2|0x0000000085800000, 0x0000000085800000, 0x0000000085900000|  0%| F|  |TAMS 0x0000000085800000, 0x0000000085800000| Untracked 
|   3|0x0000000085900000, 0x0000000085900000, 0x0000000085a00000|  0%| F|  |TAMS 0x0000000085900000, 0x0000000085900000| Untracked 
|   4|0x0000000085a00000, 0x0000000085a00000, 0x0000000085b00000|  0%| F|  |TAMS 0x0000000085a00000, 0x0000000085a00000| Untracked 
|   5|0x0000000085b00000, 0x0000000085b00000, 0x0000000085c00000|  0%| F|  |TAMS 0x0000000085b00000, 0x0000000085b00000| Untracked 
|   6|0x0000000085c00000, 0x0000000085c00000, 0x0000000085d00000|  0%| F|  |TAMS 0x0000000085c00000, 0x0000000085c00000| Untracked 
|   7|0x0000000085d00000, 0x0000000085d00000, 0x0000000085e00000|  0%| F|  |TAMS 0x0000000085d00000, 0x0000000085d00000| Untracked 
|   8|0x0000000085e00000, 0x0000000085e00000, 0x0000000085f00000|  0%| F|  |TAMS 0x0000000085e00000, 0x0000000085e00000| Untracked 
|   9|0x0000000085f00000, 0x0000000085f00000, 0x0000000086000000|  0%| F|  |TAMS 0x0000000085f00000, 0x0000000085f00000| Untracked 
|  10|0x0000000086000000, 0x0000000086000000, 0x0000000086100000|  0%| F|  |TAMS 0x0000000086000000, 0x0000000086000000| Untracked 
|  11|0x0000000086100000, 0x0000000086100000, 0x0000000086200000|  0%| F|  |TAMS 0x0000000086100000, 0x0000000086100000| Untracked 
|  12|0x0000000086200000, 0x0000000086200000, 0x0000000086300000|  0%| F|  |TAMS 0x0000000086200000, 0x0000000086200000| Untracked 
|  13|0x0000000086300000, 0x0000000086300000, 0x0000000086400000|  0%| F|  |TAMS 0x0000000086300000, 0x0000000086300000| Untracked 
|  14|0x0000000086400000, 0x0000000086400000, 0x0000000086500000|  0%| F|  |TAMS 0x0000000086400000, 0x0000000086400000| Untracked 
|  15|0x0000000086500000, 0x0000000086500000, 0x0000000086600000|  0%| F|  |TAMS 0x0000000086500000, 0x0000000086500000| Untracked 
|  16|0x0000000086600000, 0x0000000086600000, 0x0000000086700000|  0%| F|  |TAMS 0x0000000086600000, 0x0000000086600000| Untracked 
|  17|0x0000000086700000, 0x0000000086700000, 0x0000000086800000|  0%| F|  |TAMS 0x0000000086700000, 0x0000000086700000| Untracked 
|  18|0x0000000086800000, 0x0000000086800000, 0x0000000086900000|  0%| F|  |TAMS 0x0000000086800000, 0x0000000086800000| Untracked 
|  19|0x0000000086900000, 0x0000000086900000, 0x0000000086a00000|  0%| F|  |TAMS 0x0000000086900000, 0x0000000086900000| Untracked 
|  20|0x0000000086a00000, 0x0000000086a00000, 0x0000000086b00000|  0%| F|  |TAMS 0x0000000086a00000, 0x0000000086a00000| Untracked 
|  21|0x0000000086b00000, 0x0000000086b00000, 0x0000000086c00000|  0%| F|  |TAMS 0x0000000086b00000, 0x0000000086b00000| Untracked 
|  22|0x0000000086c00000, 0x0000000086c00000, 0x0000000086d00000|  0%| F|  |TAMS 0x0000000086c00000, 0x0000000086c00000| Untracked 
|  23|0x0000000086d00000, 0x0000000086d00000, 0x0000000086e00000|  0%| F|  |TAMS 0x0000000086d00000, 0x0000000086d00000| Untracked 
|  24|0x0000000086e00000, 0x0000000086e00000, 0x0000000086f00000|  0%| F|  |TAMS 0x0000000086e00000, 0x0000000086e00000| Untracked 
|  25|0x0000000086f00000, 0x0000000086f00000, 0x0000000087000000|  0%| F|  |TAMS 0x0000000086f00000, 0x0000000086f00000| Untracked 
|  26|0x0000000087000000, 0x0000000087000000, 0x0000000087100000|  0%| F|  |TAMS 0x0000000087000000, 0x0000000087000000| Untracked 
|  27|0x0000000087100000, 0x0000000087100000, 0x0000000087200000|  0%| F|  |TAMS 0x0000000087100000, 0x0000000087100000| Untracked 
|  28|0x0000000087200000, 0x0000000087200000, 0x0000000087300000|  0%| F|  |TAMS 0x0000000087200000, 0x0000000087200000| Untracked 
|  29|0x0000000087300000, 0x0000000087300000, 0x0000000087400000|  0%| F|  |TAMS 0x0000000087300000, 0x0000000087300000| Untracked 
|  30|0x0000000087400000, 0x0000000087400000, 0x0000000087500000|  0%| F|  |TAMS 0x0000000087400000, 0x0000000087400000| Untracked 
|  31|0x0000000087500000, 0x0000000087500000, 0x0000000087600000|  0%| F|  |TAMS 0x0000000087500000, 0x0000000087500000| Untracked 
|  32|0x0000000087600000, 0x0000000087600000, 0x0000000087700000|  0%| F|  |TAMS 0x0000000087600000, 0x0000000087600000| Untracked 
|  33|0x0000000087700000, 0x0000000087700000, 0x0000000087800000|  0%| F|  |TAMS 0x0000000087700000, 0x0000000087700000| Untracked 
|  34|0x0000000087800000, 0x0000000087800000, 0x0000000087900000|  0%| F|  |TAMS 0x0000000087800000, 0x0000000087800000| Untracked 
|  35|0x0000000087900000, 0x0000000087900000, 0x0000000087a00000|  0%| F|  |TAMS 0x0000000087900000, 0x0000000087900000| Untracked 
|  36|0x0000000087a00000, 0x0000000087a00000, 0x0000000087b00000|  0%| F|  |TAMS 0x0000000087a00000, 0x0000000087a00000| Untracked 
|  37|0x0000000087b00000, 0x0000000087b00000, 0x0000000087c00000|  0%| F|  |TAMS 0x0000000087b00000, 0x0000000087b00000| Untracked 
|  38|0x0000000087c00000, 0x0000000087c00000, 0x0000000087d00000|  0%| F|  |TAMS 0x0000000087c00000, 0x0000000087c00000| Untracked 
|  39|0x0000000087d00000, 0x0000000087d00000, 0x0000000087e00000|  0%| F|  |TAMS 0x0000000087d00000, 0x0000000087d00000| Untracked 
|  40|0x0000000087e00000, 0x0000000087e00000, 0x0000000087f00000|  0%| F|  |TAMS 0x0000000087e00000, 0x0000000087e00000| Untracked 
|  41|0x0000000087f00000, 0x0000000087f00000, 0x0000000088000000|  0%| F|  |TAMS 0x0000000087f00000, 0x0000000087f00000| Untracked 
|  42|0x0000000088000000, 0x0000000088000000, 0x0000000088100000|  0%| F|  |TAMS 0x0000000088000000, 0x0000000088000000| Untracked 
|  43|0x0000000088100000, 0x0000000088100000, 0x0000000088200000|  0%| F|  |TAMS 0x0000000088100000, 0x0000000088100000| Untracked 
|  44|0x0000000088200000, 0x0000000088200000, 0x0000000088300000|  0%| F|  |TAMS 0x0000000088200000, 0x0000000088200000| Untracked 
|  45|0x0000000088300000, 0x0000000088300000, 0x0000000088400000|  0%| F|  |TAMS 0x0000000088300000, 0x0000000088300000| Untracked 
|  46|0x0000000088400000, 0x0000000088400000, 0x0000000088500000|  0%| F|  |TAMS 0x0000000088400000, 0x0000000088400000| Untracked 
|  47|0x0000000088500000, 0x0000000088500000, 0x0000000088600000|  0%| F|  |TAMS 0x0000000088500000, 0x0000000088500000| Untracked 
|  48|0x0000000088600000, 0x0000000088600000, 0x0000000088700000|  0%| F|  |TAMS 0x0000000088600000, 0x0000000088600000| Untracked 
|  49|0x0000000088700000, 0x0000000088700000, 0x0000000088800000|  0%| F|  |TAMS 0x0000000088700000, 0x0000000088700000| Untracked 
|  50|0x0000000088800000, 0x0000000088800000, 0x0000000088900000|  0%| F|  |TAMS 0x0000000088800000, 0x0000000088800000| Untracked 
|  51|0x0000000088900000, 0x0000000088900000, 0x0000000088a00000|  0%| F|  |TAMS 0x0000000088900000, 0x0000000088900000| Untracked 
|  52|0x0000000088a00000, 0x0000000088a00000, 0x0000000088b00000|  0%| F|  |TAMS 0x0000000088a00000, 0x0000000088a00000| Untracked 
|  53|0x0000000088b00000, 0x0000000088b00000, 0x0000000088c00000|  0%| F|  |TAMS 0x0000000088b00000, 0x0000000088b00000| Untracked 
|  54|0x0000000088c00000, 0x0000000088c00000, 0x0000000088d00000|  0%| F|  |TAMS 0x0000000088c00000, 0x0000000088c00000| Untracked 
|  55|0x0000000088d00000, 0x0000000088d00000, 0x0000000088e00000|  0%| F|  |TAMS 0x0000000088d00000, 0x0000000088d00000| Untracked 
|  56|0x0000000088e00000, 0x0000000088e00000, 0x0000000088f00000|  0%| F|  |TAMS 0x0000000088e00000, 0x0000000088e00000| Untracked 
|  57|0x0000000088f00000, 0x0000000088f00000, 0x0000000089000000|  0%| F|  |TAMS 0x0000000088f00000, 0x0000000088f00000| Untracked 
|  58|0x0000000089000000, 0x0000000089000000, 0x0000000089100000|  0%| F|  |TAMS 0x0000000089000000, 0x0000000089000000| Untracked 
|  59|0x0000000089100000, 0x0000000089100000, 0x0000000089200000|  0%| F|  |TAMS 0x0000000089100000, 0x0000000089100000| Untracked 
|  60|0x0000000089200000, 0x0000000089200000, 0x0000000089300000|  0%| F|  |TAMS 0x0000000089200000, 0x0000000089200000| Untracked 
|  61|0x0000000089300000, 0x0000000089300000, 0x0000000089400000|  0%| F|  |TAMS 0x0000000089300000, 0x0000000089300000| Untracked 
|  62|0x0000000089400000, 0x0000000089400000, 0x0000000089500000|  0%| F|  |TAMS 0x0000000089400000, 0x0000000089400000| Untracked 
|  63|0x0000000089500000, 0x0000000089500000, 0x0000000089600000|  0%| F|  |TAMS 0x0000000089500000, 0x0000000089500000| Untracked 
|  64|0x0000000089600000, 0x0000000089600000, 0x0000000089700000|  0%| F|  |TAMS 0x0000000089600000, 0x0000000089600000| Untracked 
|  65|0x0000000089700000, 0x0000000089700000, 0x0000000089800000|  0%| F|  |TAMS 0x0000000089700000, 0x0000000089700000| Untracked 
|  66|0x0000000089800000, 0x0000000089800000, 0x0000000089900000|  0%| F|  |TAMS 0x0000000089800000, 0x0000000089800000| Untracked 
|  67|0x0000000089900000, 0x0000000089900000, 0x0000000089a00000|  0%| F|  |TAMS 0x0000000089900000, 0x0000000089900000| Untracked 
|  68|0x0000000089a00000, 0x0000000089a00000, 0x0000000089b00000|  0%| F|  |TAMS 0x0000000089a00000, 0x0000000089a00000| Untracked 
|  69|0x0000000089b00000, 0x0000000089b00000, 0x0000000089c00000|  0%| F|  |TAMS 0x0000000089b00000, 0x0000000089b00000| Untracked 
|  70|0x0000000089c00000, 0x0000000089c00000, 0x0000000089d00000|  0%| F|  |TAMS 0x0000000089c00000, 0x0000000089c00000| Untracked 
|  71|0x0000000089d00000, 0x0000000089d00000, 0x0000000089e00000|  0%| F|  |TAMS 0x0000000089d00000, 0x0000000089d00000| Untracked 
|  72|0x0000000089e00000, 0x0000000089e00000, 0x0000000089f00000|  0%| F|  |TAMS 0x0000000089e00000, 0x0000000089e00000| Untracked 
|  73|0x0000000089f00000, 0x0000000089f00000, 0x000000008a000000|  0%| F|  |TAMS 0x0000000089f00000, 0x0000000089f00000| Untracked 
|  74|0x000000008a000000, 0x000000008a000000, 0x000000008a100000|  0%| F|  |TAMS 0x000000008a000000, 0x000000008a000000| Untracked 
|  75|0x000000008a100000, 0x000000008a100000, 0x000000008a200000|  0%| F|  |TAMS 0x000000008a100000, 0x000000008a100000| Untracked 
|  76|0x000000008a200000, 0x000000008a200000, 0x000000008a300000|  0%| F|  |TAMS 0x000000008a200000, 0x000000008a200000| Untracked 
|  77|0x000000008a300000, 0x000000008a300000, 0x000000008a400000|  0%| F|  |TAMS 0x000000008a300000, 0x000000008a300000| Untracked 
|  78|0x000000008a400000, 0x000000008a400000, 0x000000008a500000|  0%| F|  |TAMS 0x000000008a400000, 0x000000008a400000| Untracked 
|  79|0x000000008a500000, 0x000000008a500000, 0x000000008a600000|  0%| F|  |TAMS 0x000000008a500000, 0x000000008a500000| Untracked 
|  80|0x000000008a600000, 0x000000008a600000, 0x000000008a700000|  0%| F|  |TAMS 0x000000008a600000, 0x000000008a600000| Untracked 
|  81|0x000000008a700000, 0x000000008a700000, 0x000000008a800000|  0%| F|  |TAMS 0x000000008a700000, 0x000000008a700000| Untracked 
|  82|0x000000008a800000, 0x000000008a800000, 0x000000008a900000|  0%| F|  |TAMS 0x000000008a800000, 0x000000008a800000| Untracked 
|  83|0x000000008a900000, 0x000000008a900000, 0x000000008aa00000|  0%| F|  |TAMS 0x000000008a900000, 0x000000008a900000| Untracked 
|  84|0x000000008aa00000, 0x000000008aa00000, 0x000000008ab00000|  0%| F|  |TAMS 0x000000008aa00000, 0x000000008aa00000| Untracked 
|  85|0x000000008ab00000, 0x000000008ab00000, 0x000000008ac00000|  0%| F|  |TAMS 0x000000008ab00000, 0x000000008ab00000| Untracked 
|  86|0x000000008ac00000, 0x000000008ac00000, 0x000000008ad00000|  0%| F|  |TAMS 0x000000008ac00000, 0x000000008ac00000| Untracked 
|  87|0x000000008ad00000, 0x000000008ad00000, 0x000000008ae00000|  0%| F|  |TAMS 0x000000008ad00000, 0x000000008ad00000| Untracked 
|  88|0x000000008ae00000, 0x000000008ae00000, 0x000000008af00000|  0%| F|  |TAMS 0x000000008ae00000, 0x000000008ae00000| Untracked 
|  89|0x000000008af00000, 0x000000008af00000, 0x000000008b000000|  0%| F|  |TAMS 0x000000008af00000, 0x000000008af00000| Untracked 
|  90|0x000000008b000000, 0x000000008b000000, 0x000000008b100000|  0%| F|  |TAMS 0x000000008b000000, 0x000000008b000000| Untracked 
|  91|0x000000008b100000, 0x000000008b100000, 0x000000008b200000|  0%| F|  |TAMS 0x000000008b100000, 0x000000008b100000| Untracked 
|  92|0x000000008b200000, 0x000000008b200000, 0x000000008b300000|  0%| F|  |TAMS 0x000000008b200000, 0x000000008b200000| Untracked 
|  93|0x000000008b300000, 0x000000008b300000, 0x000000008b400000|  0%| F|  |TAMS 0x000000008b300000, 0x000000008b300000| Untracked 
|  94|0x000000008b400000, 0x000000008b400000, 0x000000008b500000|  0%| F|  |TAMS 0x000000008b400000, 0x000000008b400000| Untracked 
|  95|0x000000008b500000, 0x000000008b500000, 0x000000008b600000|  0%| F|  |TAMS 0x000000008b500000, 0x000000008b500000| Untracked 
|  96|0x000000008b600000, 0x000000008b600000, 0x000000008b700000|  0%| F|  |TAMS 0x000000008b600000, 0x000000008b600000| Untracked 
|  97|0x000000008b700000, 0x000000008b700000, 0x000000008b800000|  0%| F|  |TAMS 0x000000008b700000, 0x000000008b700000| Untracked 
|  98|0x000000008b800000, 0x000000008b800000, 0x000000008b900000|  0%| F|  |TAMS 0x000000008b800000, 0x000000008b800000| Untracked 
|  99|0x000000008b900000, 0x000000008b900000, 0x000000008ba00000|  0%| F|  |TAMS 0x000000008b900000, 0x000000008b900000| Untracked 
| 100|0x000000008ba00000, 0x000000008ba00000, 0x000000008bb00000|  0%| F|  |TAMS 0x000000008ba00000, 0x000000008ba00000| Untracked 
| 101|0x000000008bb00000, 0x000000008bb00000, 0x000000008bc00000|  0%| F|  |TAMS 0x000000008bb00000, 0x000000008bb00000| Untracked 
| 102|0x000000008bc00000, 0x000000008bc00000, 0x000000008bd00000|  0%| F|  |TAMS 0x000000008bc00000, 0x000000008bc00000| Untracked 
| 103|0x000000008bd00000, 0x000000008bd00000, 0x000000008be00000|  0%| F|  |TAMS 0x000000008bd00000, 0x000000008bd00000| Untracked 
| 104|0x000000008be00000, 0x000000008be00000, 0x000000008bf00000|  0%| F|  |TAMS 0x000000008be00000, 0x000000008be00000| Untracked 
| 105|0x000000008bf00000, 0x000000008bf00000, 0x000000008c000000|  0%| F|  |TAMS 0x000000008bf00000, 0x000000008bf00000| Untracked 
| 106|0x000000008c000000, 0x000000008c000000, 0x000000008c100000|  0%| F|  |TAMS 0x000000008c000000, 0x000000008c000000| Untracked 
| 107|0x000000008c100000, 0x000000008c100000, 0x000000008c200000|  0%| F|  |TAMS 0x000000008c100000, 0x000000008c100000| Untracked 
| 108|0x000000008c200000, 0x000000008c200000, 0x000000008c300000|  0%| F|  |TAMS 0x000000008c200000, 0x000000008c200000| Untracked 
| 109|0x000000008c300000, 0x000000008c300000, 0x000000008c400000|  0%| F|  |TAMS 0x000000008c300000, 0x000000008c300000| Untracked 
| 110|0x000000008c400000, 0x000000008c400000, 0x000000008c500000|  0%| F|  |TAMS 0x000000008c400000, 0x000000008c400000| Untracked 
| 111|0x000000008c500000, 0x000000008c500000, 0x000000008c600000|  0%| F|  |TAMS 0x000000008c500000, 0x000000008c500000| Untracked 
| 112|0x000000008c600000, 0x000000008c600000, 0x000000008c700000|  0%| F|  |TAMS 0x000000008c600000, 0x000000008c600000| Untracked 
| 113|0x000000008c700000, 0x000000008c700000, 0x000000008c800000|  0%| F|  |TAMS 0x000000008c700000, 0x000000008c700000| Untracked 
| 114|0x000000008c800000, 0x000000008c800000, 0x000000008c900000|  0%| F|  |TAMS 0x000000008c800000, 0x000000008c800000| Untracked 
| 115|0x000000008c900000, 0x000000008c900000, 0x000000008ca00000|  0%| F|  |TAMS 0x000000008c900000, 0x000000008c900000| Untracked 
| 116|0x000000008ca00000, 0x000000008ca00000, 0x000000008cb00000|  0%| F|  |TAMS 0x000000008ca00000, 0x000000008ca00000| Untracked 
| 117|0x000000008cb00000, 0x000000008cb00000, 0x000000008cc00000|  0%| F|  |TAMS 0x000000008cb00000, 0x000000008cb00000| Untracked 
| 118|0x000000008cc00000, 0x000000008cc00000, 0x000000008cd00000|  0%| F|  |TAMS 0x000000008cc00000, 0x000000008cc00000| Untracked 
| 119|0x000000008cd00000, 0x000000008cd00000, 0x000000008ce00000|  0%| F|  |TAMS 0x000000008cd00000, 0x000000008cd00000| Untracked 
| 120|0x000000008ce00000, 0x000000008ce00000, 0x000000008cf00000|  0%| F|  |TAMS 0x000000008ce00000, 0x000000008ce00000| Untracked 
| 121|0x000000008cf00000, 0x000000008cf00000, 0x000000008d000000|  0%| F|  |TAMS 0x000000008cf00000, 0x000000008cf00000| Untracked 
| 122|0x000000008d000000, 0x000000008d07b648, 0x000000008d100000| 48%| E|  |TAMS 0x000000008d000000, 0x000000008d000000| Complete 
| 123|0x000000008d100000, 0x000000008d200000, 0x000000008d200000|100%| E|CS|TAMS 0x000000008d100000, 0x000000008d100000| Complete 
|1960|0x00000000ffe00000, 0x00000000ffe47000, 0x00000000fff00000| 27%|OA|  |TAMS 0x00000000ffe00000, 0x00000000ffe00000| Untracked 
|1961|0x00000000fff00000, 0x00000000fff6b000, 0x0000000100000000| 41%|CA|  |TAMS 0x00000000fff00000, 0x00000000fff00000| Untracked 

Card table byte_map: [0x00007fbe33654000,0x00007fbe33a29000] _byte_map_base: 0x00007fbe33229000

Marking Bits (Prev, Next): (CMBitMap*) 0x00007fbe50059908, (CMBitMap*) 0x00007fbe50059940
 Prev Bits: [0x00007fbe313d7000, 0x00007fbe3327f000)
 Next Bits: [0x00007fbe2f52f000, 0x00007fbe313d7000)

Polling page: 0x00007fbe58032000

Metaspace:

Usage:
  Non-class:      4,02 MB capacity,   339,66 KB (  8%) used,     3,69 MB ( 92%) free+waste,     1,44 KB ( <1%) overhead. 
      Class:    399,00 KB capacity,    30,23 KB (  8%) used,   367,83 KB ( 92%) free+waste,   960 bytes ( <1%) overhead. 
       Both:      4,41 MB capacity,   369,89 KB (  8%) used,     4,05 MB ( 92%) free+waste,     2,38 KB ( <1%) overhead. 

Virtual space:
  Non-class space:        8,00 MB reserved,       4,25 MB ( 53%) committed 
      Class space:        1,00 GB reserved,     512,00 KB ( <1%) committed 
             Both:        1,01 GB reserved,       4,75 MB ( <1%) committed 

Chunk freelists:
   Non-Class:  0 bytes
       Class:  0 bytes
        Both:  0 bytes

MaxMetaspaceSize: unlimited
CompressedClassSpaceSize: 1,00 GB

CodeHeap 'non-profiled nmethods': size=120032Kb used=52Kb max_used=52Kb free=119979Kb
 bounds [0x00007fbe40340000, 0x00007fbe405b0000, 0x00007fbe47878000]
CodeHeap 'profiled nmethods': size=120028Kb used=201Kb max_used=201Kb free=119826Kb
 bounds [0x00007fbe38e09000, 0x00007fbe39079000, 0x00007fbe40340000]
CodeHeap 'non-nmethods': size=5700Kb used=1017Kb max_used=1029Kb free=4682Kb
 bounds [0x00007fbe38878000, 0x00007fbe38ae8000, 0x00007fbe38e09000]
 total_blobs=457 nmethods=164 adapters=206
 compilation: enabled
              stopped_count=0, restarted_count=0
 full_count=0

Compilation events (20 events):
Event: 0,054 Thread 0x00007fbe50132000  146       3       jdk.internal.org.objectweb.asm.Item::<init> (66 bytes)
Event: 0,054 Thread 0x00007fbe50132000 nmethod 146 0x00007fbe38e37510 code [0x00007fbe38e376e0, 0x00007fbe38e37990]
Event: 0,054 Thread 0x00007fbe50132000  147       3       jdk.internal.org.objectweb.asm.ClassWriter::put (152 bytes)
Event: 0,054 Thread 0x00007fbe50132000 nmethod 147 0x00007fbe38e37a90 code [0x00007fbe38e37cc0, 0x00007fbe38e38590]
Event: 0,054 Thread 0x00007fbe50132000  161       3       java.lang.invoke.LambdaForm$Name::useCount (42 bytes)
Event: 0,054 Thread 0x00007fbe50132000 nmethod 161 0x00007fbe38e38890 code [0x00007fbe38e38a60, 0x00007fbe38e38d70]
Event: 0,054 Thread 0x00007fbe50132000  156       3       java.lang.ref.Reference::<init> (7 bytes)
Event: 0,054 Thread 0x00007fbe50132000 nmethod 156 0x00007fbe38e38e90 code [0x00007fbe38e39060, 0x00007fbe38e39310]
Event: 0,054 Thread 0x00007fbe50132000  148       3       jdk.internal.org.objectweb.asm.ByteVector::putShort (52 bytes)
Event: 0,055 Thread 0x00007fbe50130000 nmethod 151 0x00007fbe4034c790 code [0x00007fbe4034c920, 0x00007fbe4034cb58]
Event: 0,055 Thread 0x00007fbe50132000 nmethod 148 0x00007fbe38e39410 code [0x00007fbe38e395e0, 0x00007fbe38e39800]
Event: 0,055 Thread 0x00007fbe50132000  157       3       java.lang.invoke.MemberName::testAllFlags (7 bytes)
Event: 0,055 Thread 0x00007fbe50132000 nmethod 157 0x00007fbe38e39990 code [0x00007fbe38e39b40, 0x00007fbe38e39d10]
Event: 0,055 Thread 0x00007fbe50132000  154       1       java.lang.invoke.LambdaForm$Name::type (5 bytes)
Event: 0,055 Thread 0x00007fbe50132000 nmethod 154 0x00007fbe4034d090 code [0x00007fbe4034d240, 0x00007fbe4034d310]
Event: 0,055 Thread 0x00007fbe50132000  162       3       java.lang.invoke.MemberName::getReferenceKind (12 bytes)
Event: 0,055 Thread 0x00007fbe50132000 nmethod 162 0x00007fbe38e39e10 code [0x00007fbe38e39fc0, 0x00007fbe38e3a0f0]
Event: 0,055 Thread 0x00007fbe50132000  144       3       java.lang.System::getSecurityManager (4 bytes)
Event: 0,055 Thread 0x00007fbe50132000 nmethod 144 0x00007fbe38e3a190 code [0x00007fbe38e3a340, 0x00007fbe38e3a430]
Event: 0,055 Thread 0x00007fbe50132000  164       3       java.lang.String::startsWith (138 bytes)

GC Heap History (0 events):
No events

Deoptimization events (0 events):
No events

Classes redefined (0 events):
No events

Internal exceptions (0 events):
No events

Events (20 events):
Event: 0,039 Protecting memory [0x00007fbe17165000,0x00007fbe17169000] with protection modes 0
Event: 0,039 Executing VM operation: RevokeBias
Event: 0,039 Executing VM operation: RevokeBias done
Event: 0,045 loading class java/lang/invoke/BoundMethodHandle$Species_LL
Event: 0,045 loading class java/lang/invoke/BoundMethodHandle$Species_LL done
Event: 0,046 loading class java/lang/invoke/BoundMethodHandle$Species_LLL
Event: 0,046 loading class java/lang/invoke/BoundMethodHandle$Species_LLL done
Event: 0,047 loading class java/lang/invoke/BoundMethodHandle$Species_LLLL
Event: 0,047 loading class java/lang/invoke/BoundMethodHandle$Species_LLLL done
Event: 0,049 loading class java/lang/invoke/BoundMethodHandle$Species_LLLLL
Event: 0,049 loading class java/lang/invoke/BoundMethodHandle$Species_LLLLL done
Event: 0,050 loading class java/lang/invoke/BoundMethodHandle$Species_LLLLLL
Event: 0,050 loading class java/lang/invoke/BoundMethodHandle$Species_LLLLLL done
Event: 0,051 loading class java/lang/invoke/BoundMethodHandle$Species_LLLLLLI
Event: 0,051 loading class java/lang/invoke/BoundMethodHandle$Species_LLLLLLI done
Event: 0,052 loading class java/lang/invoke/BoundMethodHandle$Species_LLLLLLII
Event: 0,052 loading class java/lang/invoke/BoundMethodHandle$Species_LLLLLLII done
Event: 0,053 loading class java/lang/invoke/BoundMethodHandle$Species_LLLLLLIIL
Event: 0,053 loading class java/lang/invoke/BoundMethodHandle$Species_LLLLLLIIL done
Event: 0,055 Loaded shared library /home/user/Faks/5.godina/2.semestar/Java/projekt/ClassicCryptography/src/main/resources/native/libhill.so


Dynamic libraries:
85600000-8d200000 rw-p 00000000 00:00 0 
8d200000-ffe00000 ---p 00000000 00:00 0 
ffe00000-ffe47000 rw-p 01111000 08:03 1048744                            /usr/lib/jvm/java-11-openjdk-amd64/lib/server/classes.jsa
ffe47000-fff00000 rw-p 00000000 00:00 0 
fff00000-fff6b000 rw-p 010a6000 08:03 1048744                            /usr/lib/jvm/java-11-openjdk-amd64/lib/server/classes.jsa
fff6b000-100000000 rw-p 00000000 00:00 0 
800000000-800002000 rwxp 00001000 08:03 1048744                          /usr/lib/jvm/java-11-openjdk-amd64/lib/server/classes.jsa
800002000-8003b9000 rw-p 00003000 08:03 1048744                          /usr/lib/jvm/java-11-openjdk-amd64/lib/server/classes.jsa
8003b9000-800a96000 r--p 003ba000 08:03 1048744                          /usr/lib/jvm/java-11-openjdk-amd64/lib/server/classes.jsa
800a96000-800a97000 rw-p 00a97000 08:03 1048744                          /usr/lib/jvm/java-11-openjdk-amd64/lib/server/classes.jsa
800a97000-8010a5000 r--p 00a98000 08:03 1048744                          /usr/lib/jvm/java-11-openjdk-amd64/lib/server/classes.jsa
840000000-840080000 rw-p 00000000 00:00 0 
840080000-880000000 ---p 00000000 00:00 0 
55d80bfae000-55d80bfaf000 r-xp 00000000 08:03 1055283                    /usr/lib/jvm/java-11-openjdk-amd64/bin/java
55d80c1af000-55d80c1b0000 r--p 00001000 08:03 1055283                    /usr/lib/jvm/java-11-openjdk-amd64/bin/java
55d80c1b0000-55d80c1b1000 rw-p 00002000 08:03 1055283                    /usr/lib/jvm/java-11-openjdk-amd64/bin/java
55d80d54d000-55d80d56e000 rw-p 00000000 00:00 0                          [heap]
7fbdf0000000-7fbdf0021000 rw-p 00000000 00:00 0 
7fbdf0021000-7fbdf4000000 ---p 00000000 00:00 0 
7fbdf4000000-7fbdf4021000 rw-p 00000000 00:00 0 
7fbdf4021000-7fbdf8000000 ---p 00000000 00:00 0 
7fbdf8000000-7fbdf81bf000 rw-p 00000000 00:00 0 
7fbdf81bf000-7fbdfc000000 ---p 00000000 00:00 0 
7fbdfc000000-7fbdfc021000 rw-p 00000000 00:00 0 
7fbdfc021000-7fbe00000000 ---p 00000000 00:00 0 
7fbe00000000-7fbe00021000 rw-p 00000000 00:00 0 
7fbe00021000-7fbe04000000 ---p 00000000 00:00 0 
7fbe04000000-7fbe04133000 rw-p 00000000 00:00 0 
7fbe04133000-7fbe08000000 ---p 00000000 00:00 0 
7fbe08000000-7fbe08021000 rw-p 00000000 00:00 0 
7fbe08021000-7fbe0c000000 ---p 00000000 00:00 0 
7fbe0c000000-7fbe0c021000 rw-p 00000000 00:00 0 
7fbe0c021000-7fbe10000000 ---p 00000000 00:00 0 
7fbe10000000-7fbe10021000 rw-p 00000000 00:00 0 
7fbe10021000-7fbe14000000 ---p 00000000 00:00 0 
7fbe16f63000-7fbe16f64000 r-xp 00000000 08:03 1078776                    /home/user/Faks/5.godina/2.semestar/Java/projekt/ClassicCryptography/src/main/resources/native/libhill.so
7fbe16f64000-7fbe17163000 ---p 00001000 08:03 1078776                    /home/user/Faks/5.godina/2.semestar/Java/projekt/ClassicCryptography/src/main/resources/native/libhill.so
7fbe17163000-7fbe17164000 r--p 00000000 08:03 1078776                    /home/user/Faks/5.godina/2.semestar/Java/projekt/ClassicCryptography/src/main/resources/native/libhill.so
7fbe17164000-7fbe17165000 rw-p 00001000 08:03 1078776                    /home/user/Faks/5.godina/2.semestar/Java/projekt/ClassicCryptography/src/main/resources/native/libhill.so
7fbe17165000-7fbe17169000 ---p 00000000 00:00 0 
7fbe17169000-7fbe17266000 rw-p 00000000 00:00 0 
7fbe17266000-7fbe17267000 ---p 00000000 00:00 0 
7fbe17267000-7fbe17368000 rw-p 00000000 00:00 0 
7fbe17368000-7fbe1736c000 ---p 00000000 00:00 0 
7fbe1736c000-7fbe17469000 rw-p 00000000 00:00 0 
7fbe17469000-7fbe1746d000 ---p 00000000 00:00 0 
7fbe1746d000-7fbe1756a000 rw-p 00000000 00:00 0 
7fbe1756a000-7fbe1756e000 ---p 00000000 00:00 0 
7fbe1756e000-7fbe1766b000 rw-p 00000000 00:00 0 
7fbe1766b000-7fbe1766f000 ---p 00000000 00:00 0 
7fbe1766f000-7fbe1776c000 rw-p 00000000 00:00 0 
7fbe1776c000-7fbe17770000 ---p 00000000 00:00 0 
7fbe17770000-7fbe1786d000 rw-p 00000000 00:00 0 
7fbe1786d000-7fbe17dfe000 r--p 00000000 08:03 1050494                    /usr/lib/locale/locale-archive
7fbe17dfe000-7fbe17e02000 ---p 00000000 00:00 0 
7fbe17e02000-7fbe17eff000 rw-p 00000000 00:00 0 
7fbe17eff000-7fbe17f03000 ---p 00000000 00:00 0 
7fbe17f03000-7fbe18000000 rw-p 00000000 00:00 0 
7fbe18000000-7fbe18021000 rw-p 00000000 00:00 0 
7fbe18021000-7fbe1c000000 ---p 00000000 00:00 0 
7fbe1c000000-7fbe1c021000 rw-p 00000000 00:00 0 
7fbe1c021000-7fbe20000000 ---p 00000000 00:00 0 
7fbe20000000-7fbe20021000 rw-p 00000000 00:00 0 
7fbe20021000-7fbe24000000 ---p 00000000 00:00 0 
7fbe24000000-7fbe24021000 rw-p 00000000 00:00 0 
7fbe24021000-7fbe28000000 ---p 00000000 00:00 0 
7fbe28000000-7fbe28021000 rw-p 00000000 00:00 0 
7fbe28021000-7fbe2c000000 ---p 00000000 00:00 0 
7fbe2c01d000-7fbe2c01e000 ---p 00000000 00:00 0 
7fbe2c01e000-7fbe2c55f000 rw-p 00000000 00:00 0 
7fbe2c55f000-7fbe2c91f000 ---p 00000000 00:00 0 
7fbe2c91f000-7fbe2c920000 ---p 00000000 00:00 0 
7fbe2c920000-7fbe2ca21000 rw-p 00000000 00:00 0 
7fbe2ca21000-7fbe2ca22000 ---p 00000000 00:00 0 
7fbe2ca22000-7fbe2f32b000 rw-p 00000000 00:00 0 
7fbe2f32b000-7fbe2f32c000 ---p 00000000 00:00 0 
7fbe2f32c000-7fbe2f42d000 rw-p 00000000 00:00 0 
7fbe2f42d000-7fbe2f42e000 ---p 00000000 00:00 0 
7fbe2f42e000-7fbe2f71f000 rw-p 00000000 00:00 0 
7fbe2f71f000-7fbe313cf000 ---p 00000000 00:00 0 
7fbe313cf000-7fbe315c7000 rw-p 00000000 00:00 0 
7fbe315c7000-7fbe33277000 ---p 00000000 00:00 0 
7fbe33277000-7fbe332bd000 rw-p 00000000 00:00 0 
7fbe332bd000-7fbe33653000 ---p 00000000 00:00 0 
7fbe33653000-7fbe33692000 rw-p 00000000 00:00 0 
7fbe33692000-7fbe33a28000 ---p 00000000 00:00 0 
7fbe33a28000-7fbe33a67000 rw-p 00000000 00:00 0 
7fbe33a67000-7fbe33dfd000 ---p 00000000 00:00 0 
7fbe33dfd000-7fbe34000000 rw-p 00000000 00:00 0 
7fbe34000000-7fbe34021000 rw-p 00000000 00:00 0 
7fbe34021000-7fbe38000000 ---p 00000000 00:00 0 
7fbe38004000-7fbe3868b000 rw-p 00000000 00:00 0 
7fbe3868b000-7fbe3868c000 ---p 00000000 00:00 0 
7fbe3868c000-7fbe38792000 rw-p 00000000 00:00 0 
7fbe38792000-7fbe38878000 ---p 00000000 00:00 0 
7fbe38878000-7fbe38ae8000 rwxp 00000000 00:00 0 
7fbe38ae8000-7fbe38e09000 ---p 00000000 00:00 0 
7fbe38e09000-7fbe39079000 rwxp 00000000 00:00 0 
7fbe39079000-7fbe40340000 ---p 00000000 00:00 0 
7fbe40340000-7fbe405b0000 rwxp 00000000 00:00 0 
7fbe405b0000-7fbe47878000 ---p 00000000 00:00 0 
7fbe47878000-7fbe50000000 r--s 00000000 08:03 1056645                    /usr/lib/jvm/java-11-openjdk-amd64/lib/modules
7fbe50000000-7fbe501e0000 rw-p 00000000 00:00 0 
7fbe501e0000-7fbe54000000 ---p 00000000 00:00 0 
7fbe54008000-7fbe54090000 rw-p 00000000 00:00 0 
7fbe54090000-7fbe54176000 ---p 00000000 00:00 0 
7fbe54176000-7fbe5417d000 r-xp 00000000 08:03 1056644                    /usr/lib/jvm/java-11-openjdk-amd64/lib/libzip.so
7fbe5417d000-7fbe5437c000 ---p 00007000 08:03 1056644                    /usr/lib/jvm/java-11-openjdk-amd64/lib/libzip.so
7fbe5437c000-7fbe5437d000 r--p 00006000 08:03 1056644                    /usr/lib/jvm/java-11-openjdk-amd64/lib/libzip.so
7fbe5437d000-7fbe5437e000 rw-p 00007000 08:03 1056644                    /usr/lib/jvm/java-11-openjdk-amd64/lib/libzip.so
7fbe5437e000-7fbe54389000 r-xp 00000000 08:03 267275                     /lib/x86_64-linux-gnu/libnss_files-2.27.so
7fbe54389000-7fbe54588000 ---p 0000b000 08:03 267275                     /lib/x86_64-linux-gnu/libnss_files-2.27.so
7fbe54588000-7fbe54589000 r--p 0000a000 08:03 267275                     /lib/x86_64-linux-gnu/libnss_files-2.27.so
7fbe54589000-7fbe5458a000 rw-p 0000b000 08:03 267275                     /lib/x86_64-linux-gnu/libnss_files-2.27.so
7fbe5458a000-7fbe54590000 rw-p 00000000 00:00 0 
7fbe54590000-7fbe545a7000 r-xp 00000000 08:03 267268                     /lib/x86_64-linux-gnu/libnsl-2.27.so
7fbe545a7000-7fbe547a6000 ---p 00017000 08:03 267268                     /lib/x86_64-linux-gnu/libnsl-2.27.so
7fbe547a6000-7fbe547a7000 r--p 00016000 08:03 267268                     /lib/x86_64-linux-gnu/libnsl-2.27.so
7fbe547a7000-7fbe547a8000 rw-p 00017000 08:03 267268                     /lib/x86_64-linux-gnu/libnsl-2.27.so
7fbe547a8000-7fbe547aa000 rw-p 00000000 00:00 0 
7fbe547aa000-7fbe547b5000 r-xp 00000000 08:03 267291                     /lib/x86_64-linux-gnu/libnss_nis-2.27.so
7fbe547b5000-7fbe549b4000 ---p 0000b000 08:03 267291                     /lib/x86_64-linux-gnu/libnss_nis-2.27.so
7fbe549b4000-7fbe549b5000 r--p 0000a000 08:03 267291                     /lib/x86_64-linux-gnu/libnss_nis-2.27.so
7fbe549b5000-7fbe549b6000 rw-p 0000b000 08:03 267291                     /lib/x86_64-linux-gnu/libnss_nis-2.27.so
7fbe549b6000-7fbe549be000 r-xp 00000000 08:03 267269                     /lib/x86_64-linux-gnu/libnss_compat-2.27.so
7fbe549be000-7fbe54bbe000 ---p 00008000 08:03 267269                     /lib/x86_64-linux-gnu/libnss_compat-2.27.so
7fbe54bbe000-7fbe54bbf000 r--p 00008000 08:03 267269                     /lib/x86_64-linux-gnu/libnss_compat-2.27.so
7fbe54bbf000-7fbe54bc0000 rw-p 00009000 08:03 267269                     /lib/x86_64-linux-gnu/libnss_compat-2.27.so
7fbe54bc0000-7fbe54bc5000 r-xp 00000000 08:03 1056623                    /usr/lib/jvm/java-11-openjdk-amd64/lib/libjimage.so
7fbe54bc5000-7fbe54dc4000 ---p 00005000 08:03 1056623                    /usr/lib/jvm/java-11-openjdk-amd64/lib/libjimage.so
7fbe54dc4000-7fbe54dc5000 r--p 00004000 08:03 1056623                    /usr/lib/jvm/java-11-openjdk-amd64/lib/libjimage.so
7fbe54dc5000-7fbe54dc6000 rw-p 00005000 08:03 1056623                    /usr/lib/jvm/java-11-openjdk-amd64/lib/libjimage.so
7fbe54dc6000-7fbe54dee000 r-xp 00000000 08:03 1056619                    /usr/lib/jvm/java-11-openjdk-amd64/lib/libjava.so
7fbe54dee000-7fbe54fee000 ---p 00028000 08:03 1056619                    /usr/lib/jvm/java-11-openjdk-amd64/lib/libjava.so
7fbe54fee000-7fbe54fef000 r--p 00028000 08:03 1056619                    /usr/lib/jvm/java-11-openjdk-amd64/lib/libjava.so
7fbe54fef000-7fbe54ff0000 rw-p 00029000 08:03 1056619                    /usr/lib/jvm/java-11-openjdk-amd64/lib/libjava.so
7fbe54ff0000-7fbe54ff1000 rw-p 00000000 00:00 0 
7fbe54ff1000-7fbe54ffe000 r-xp 00000000 08:03 1056643                    /usr/lib/jvm/java-11-openjdk-amd64/lib/libverify.so
7fbe54ffe000-7fbe551fd000 ---p 0000d000 08:03 1056643                    /usr/lib/jvm/java-11-openjdk-amd64/lib/libverify.so
7fbe551fd000-7fbe551ff000 r--p 0000c000 08:03 1056643                    /usr/lib/jvm/java-11-openjdk-amd64/lib/libverify.so
7fbe551ff000-7fbe55200000 rw-p 0000e000 08:03 1056643                    /usr/lib/jvm/java-11-openjdk-amd64/lib/libverify.so
7fbe55200000-7fbe55207000 r-xp 00000000 08:03 267306                     /lib/x86_64-linux-gnu/librt-2.27.so
7fbe55207000-7fbe55406000 ---p 00007000 08:03 267306                     /lib/x86_64-linux-gnu/librt-2.27.so
7fbe55406000-7fbe55407000 r--p 00006000 08:03 267306                     /lib/x86_64-linux-gnu/librt-2.27.so
7fbe55407000-7fbe55408000 rw-p 00007000 08:03 267306                     /lib/x86_64-linux-gnu/librt-2.27.so
7fbe55408000-7fbe5541f000 r-xp 00000000 08:03 262233                     /lib/x86_64-linux-gnu/libgcc_s.so.1
7fbe5541f000-7fbe5561e000 ---p 00017000 08:03 262233                     /lib/x86_64-linux-gnu/libgcc_s.so.1
7fbe5561e000-7fbe5561f000 r--p 00016000 08:03 262233                     /lib/x86_64-linux-gnu/libgcc_s.so.1
7fbe5561f000-7fbe55620000 rw-p 00017000 08:03 262233                     /lib/x86_64-linux-gnu/libgcc_s.so.1
7fbe55620000-7fbe557bd000 r-xp 00000000 08:03 267211                     /lib/x86_64-linux-gnu/libm-2.27.so
7fbe557bd000-7fbe559bc000 ---p 0019d000 08:03 267211                     /lib/x86_64-linux-gnu/libm-2.27.so
7fbe559bc000-7fbe559bd000 r--p 0019c000 08:03 267211                     /lib/x86_64-linux-gnu/libm-2.27.so
7fbe559bd000-7fbe559be000 rw-p 0019d000 08:03 267211                     /lib/x86_64-linux-gnu/libm-2.27.so
7fbe559be000-7fbe55b81000 r-xp 00000000 08:03 1052506                    /usr/lib/x86_64-linux-gnu/libstdc++.so.6.0.28
7fbe55b81000-7fbe55d81000 ---p 001c3000 08:03 1052506                    /usr/lib/x86_64-linux-gnu/libstdc++.so.6.0.28
7fbe55d81000-7fbe55d8c000 r--p 001c3000 08:03 1052506                    /usr/lib/x86_64-linux-gnu/libstdc++.so.6.0.28
7fbe55d8c000-7fbe55d8f000 rw-p 001ce000 08:03 1052506                    /usr/lib/x86_64-linux-gnu/libstdc++.so.6.0.28
7fbe55d8f000-7fbe55d92000 rw-p 00000000 00:00 0 
7fbe55d92000-7fbe56e7a000 r-xp 00000000 08:03 1056649                    /usr/lib/jvm/java-11-openjdk-amd64/lib/server/libjvm.so
7fbe56e7a000-7fbe57079000 ---p 010e8000 08:03 1056649                    /usr/lib/jvm/java-11-openjdk-amd64/lib/server/libjvm.so
7fbe57079000-7fbe5713a000 r--p 010e7000 08:03 1056649                    /usr/lib/jvm/java-11-openjdk-amd64/lib/server/libjvm.so
7fbe5713a000-7fbe57175000 rw-p 011a8000 08:03 1056649                    /usr/lib/jvm/java-11-openjdk-amd64/lib/server/libjvm.so
7fbe57175000-7fbe571cc000 rw-p 00000000 00:00 0 
7fbe571cc000-7fbe571e6000 r-xp 00000000 08:03 267296                     /lib/x86_64-linux-gnu/libpthread-2.27.so
7fbe571e6000-7fbe573e5000 ---p 0001a000 08:03 267296                     /lib/x86_64-linux-gnu/libpthread-2.27.so
7fbe573e5000-7fbe573e6000 r--p 00019000 08:03 267296                     /lib/x86_64-linux-gnu/libpthread-2.27.so
7fbe573e6000-7fbe573e7000 rw-p 0001a000 08:03 267296                     /lib/x86_64-linux-gnu/libpthread-2.27.so
7fbe573e7000-7fbe573eb000 rw-p 00000000 00:00 0 
7fbe573eb000-7fbe573ee000 r-xp 00000000 08:03 267210                     /lib/x86_64-linux-gnu/libdl-2.27.so
7fbe573ee000-7fbe575ed000 ---p 00003000 08:03 267210                     /lib/x86_64-linux-gnu/libdl-2.27.so
7fbe575ed000-7fbe575ee000 r--p 00002000 08:03 267210                     /lib/x86_64-linux-gnu/libdl-2.27.so
7fbe575ee000-7fbe575ef000 rw-p 00003000 08:03 267210                     /lib/x86_64-linux-gnu/libdl-2.27.so
7fbe575ef000-7fbe5760b000 r-xp 00000000 08:03 267378                     /lib/x86_64-linux-gnu/libz.so.1.2.11
7fbe5760b000-7fbe5780a000 ---p 0001c000 08:03 267378                     /lib/x86_64-linux-gnu/libz.so.1.2.11
7fbe5780a000-7fbe5780b000 r--p 0001b000 08:03 267378                     /lib/x86_64-linux-gnu/libz.so.1.2.11
7fbe5780b000-7fbe5780c000 rw-p 0001c000 08:03 267378                     /lib/x86_64-linux-gnu/libz.so.1.2.11
7fbe5780c000-7fbe579f3000 r-xp 00000000 08:03 267183                     /lib/x86_64-linux-gnu/libc-2.27.so
7fbe579f3000-7fbe57bf3000 ---p 001e7000 08:03 267183                     /lib/x86_64-linux-gnu/libc-2.27.so
7fbe57bf3000-7fbe57bf7000 r--p 001e7000 08:03 267183                     /lib/x86_64-linux-gnu/libc-2.27.so
7fbe57bf7000-7fbe57bf9000 rw-p 001eb000 08:03 267183                     /lib/x86_64-linux-gnu/libc-2.27.so
7fbe57bf9000-7fbe57bfd000 rw-p 00000000 00:00 0 
7fbe57bfd000-7fbe57c0c000 r-xp 00000000 08:03 1055366                    /usr/lib/jvm/java-11-openjdk-amd64/lib/jli/libjli.so
7fbe57c0c000-7fbe57e0b000 ---p 0000f000 08:03 1055366                    /usr/lib/jvm/java-11-openjdk-amd64/lib/jli/libjli.so
7fbe57e0b000-7fbe57e0c000 r--p 0000e000 08:03 1055366                    /usr/lib/jvm/java-11-openjdk-amd64/lib/jli/libjli.so
7fbe57e0c000-7fbe57e0d000 rw-p 0000f000 08:03 1055366                    /usr/lib/jvm/java-11-openjdk-amd64/lib/jli/libjli.so
7fbe57e0d000-7fbe57e36000 r-xp 00000000 08:03 267177                     /lib/x86_64-linux-gnu/ld-2.27.so
7fbe57e51000-7fbe57f12000 rw-p 00000000 00:00 0 
7fbe57f12000-7fbe57f16000 ---p 00000000 00:00 0 
7fbe57f16000-7fbe58015000 rw-p 00000000 00:00 0 
7fbe5801e000-7fbe58023000 rw-p 00000000 00:00 0 
7fbe58023000-7fbe5802a000 ---p 00000000 00:00 0 
7fbe5802a000-7fbe58032000 rw-s 00000000 08:03 4850385                    /tmp/hsperfdata_user/13205
7fbe58032000-7fbe58033000 ---p 00000000 00:00 0 
7fbe58033000-7fbe58034000 r--p 00000000 00:00 0 
7fbe58034000-7fbe58036000 rw-p 00000000 00:00 0 
7fbe58036000-7fbe58037000 r--p 00029000 08:03 267177                     /lib/x86_64-linux-gnu/ld-2.27.so
7fbe58037000-7fbe58038000 rw-p 0002a000 08:03 267177                     /lib/x86_64-linux-gnu/ld-2.27.so
7fbe58038000-7fbe58039000 rw-p 00000000 00:00 0 
7ffe23256000-7ffe23279000 rw-p 00000000 00:00 0                          [stack]
7ffe232ce000-7ffe232d1000 r--p 00000000 00:00 0                          [vvar]
7ffe232d1000-7ffe232d2000 r-xp 00000000 00:00 0                          [vdso]
ffffffffff600000-ffffffffff601000 --xp 00000000 00:00 0                  [vsyscall]


VM Arguments:
java_command: com.java.crypto.jni.HillJni
java_class_path (initial): /home/user/Faks/5.godina/2.semestar/Java/projekt/ClassicCryptography/target/classes:/home/user/.m2/repository/org/springframework/boot/spring-boot-starter-data-jpa/2.3.12.RELEASE/spring-boot-starter-data-jpa-2.3.12.RELEASE.jar:/home/user/.m2/repository/org/springframework/boot/spring-boot-starter-aop/2.3.12.RELEASE/spring-boot-starter-aop-2.3.12.RELEASE.jar:/home/user/.m2/repository/org/springframework/spring-aop/5.2.15.RELEASE/spring-aop-5.2.15.RELEASE.jar:/home/user/.m2/repository/org/aspectj/aspectjweaver/1.9.6/aspectjweaver-1.9.6.jar:/home/user/.m2/repository/org/springframework/boot/spring-boot-starter-jdbc/2.3.12.RELEASE/spring-boot-starter-jdbc-2.3.12.RELEASE.jar:/home/user/.m2/repository/com/zaxxer/HikariCP/3.4.5/HikariCP-3.4.5.jar:/home/user/.m2/repository/org/springframework/spring-jdbc/5.2.15.RELEASE/spring-jdbc-5.2.15.RELEASE.jar:/home/user/.m2/repository/jakarta/transaction/jakarta.transaction-api/1.3.3/jakarta.transaction-api-1.3.3.jar:/home/user/.m2/repository/jakarta/persistence/jakarta.persistence-api/2.2.3/jakarta.persistence-api-2.2.3.jar:/home/user/.m2/repository/org/hibernate/hibernate-core/5.4.32.Final/hibernate-core-5.4.32.Final.jar:/home/user/.m2/repository/org/jboss/logging/jboss-logging/3.4.2.Final/jboss-logging-3.4.2.Final.jar:/home/user/.m2/repository/org/javassist/javassist/3.27.0-GA/javassist-3.27.0-GA.jar:/home/user/.m2/repository/net/bytebuddy/byte-buddy/1.10.22/byte-buddy-1.10.22.jar:/home/user/.m2/repository/antlr/antlr/2.7.7/antlr-2.7.7.jar:/home/user/.m2/repository/org/jboss/jandex/2.2.3.Final/jandex-2.2.3.Final.jar:/home/user/.m2/repository/com/fasterxml/classmate/1.5.1/classmate-1.5.1.jar:/home/user/.m2/repository/org/dom4j/dom4j/2.1.3/dom4j-2.1.3.jar:/home/user/.m2/repository/org/hibernate/common/hibernate-commons-annotations/5.1.2.Final/hibernate-commons-annotations-5.1.2.Final.jar:/home/user/.m2/repository/org/glassfish/jaxb/jaxb-runtime/2.3.4/jaxb-runtime-2.3.4.jar:/home/user/.m2/repository/org/g
Launcher Type: SUN_STANDARD

[Global flags]
     intx CICompilerCount                          = 4                                         {product} {ergonomic}
     uint ConcGCThreads                            = 2                                         {product} {ergonomic}
     uint G1ConcRefinementThreads                  = 8                                         {product} {ergonomic}
   size_t G1HeapRegionSize                         = 1048576                                   {product} {ergonomic}
    uintx GCDrainStackTargetSize                   = 64                                        {product} {ergonomic}
   size_t InitialHeapSize                          = 130023424                                 {product} {ergonomic}
   size_t MarkStackSize                            = 4194304                                   {product} {ergonomic}
   size_t MaxHeapSize                              = 2057306112                                {product} {ergonomic}
   size_t MaxNewSize                               = 1234173952                                {product} {ergonomic}
   size_t MinHeapDeltaBytes                        = 1048576                                   {product} {ergonomic}
    uintx NonNMethodCodeHeapSize                   = 5836300                                {pd product} {ergonomic}
    uintx NonProfiledCodeHeapSize                  = 122910970                              {pd product} {ergonomic}
    uintx ProfiledCodeHeapSize                     = 122910970                              {pd product} {ergonomic}
    uintx ReservedCodeCacheSize                    = 251658240                              {pd product} {ergonomic}
     bool SegmentedCodeCache                       = true                                      {product} {ergonomic}
     bool UseCompressedClassPointers               = true                                 {lp64_product} {ergonomic}
     bool UseCompressedOops                        = true                                 {lp64_product} {ergonomic}
     bool UseG1GC                                  = true                                      {product} {ergonomic}

Logging:
Log output configuration:
 #0: stdout all=warning uptime,level,tags
 #1: stderr all=off uptime,level,tags

Environment Variables:
JAVA_HOME=/usr/lib/jvm/java-11-openjdk-amd64
PATH=/usr/local/sbin:/usr/local/bin:/usr/sbin:/usr/bin:/sbin:/bin:/usr/games:/usr/local/games:/snap/bin:/home/user/.dotnet/tools
SHELL=/bin/bash
DISPLAY=:0
LANG=en_US.UTF-8

Signal Handlers:
SIGSEGV: [libjvm.so+0xe1d0a0], sa_mask[0]=11111111011111111101111111111110, sa_flags=SA_RESTART|SA_SIGINFO
SIGBUS: [libjvm.so+0xe1d0a0], sa_mask[0]=11111111011111111101111111111110, sa_flags=SA_RESTART|SA_SIGINFO
SIGFPE: [libjvm.so+0xe1d0a0], sa_mask[0]=11111111011111111101111111111110, sa_flags=SA_RESTART|SA_SIGINFO
SIGPIPE: [libjvm.so+0xb717f0], sa_mask[0]=11111111011111111101111111111110, sa_flags=SA_RESTART|SA_SIGINFO
SIGXFSZ: [libjvm.so+0xb717f0], sa_mask[0]=11111111011111111101111111111110, sa_flags=SA_RESTART|SA_SIGINFO
SIGILL: [libjvm.so+0xe1d0a0], sa_mask[0]=11111111011111111101111111111110, sa_flags=SA_RESTART|SA_SIGINFO
SIGUSR2: [libjvm.so+0xb71680], sa_mask[0]=00100000000000000000000000000000, sa_flags=SA_RESTART|SA_SIGINFO
SIGHUP: [libjvm.so+0xb71b30], sa_mask[0]=11111111011111111101111111111110, sa_flags=SA_RESTART|SA_SIGINFO
SIGINT: SIG_IGN, sa_mask[0]=00000000000000000000000000000000, sa_flags=none
SIGTERM: [libjvm.so+0xb71b30], sa_mask[0]=11111111011111111101111111111110, sa_flags=SA_RESTART|SA_SIGINFO
SIGQUIT: [libjvm.so+0xb71b30], sa_mask[0]=11111111011111111101111111111110, sa_flags=SA_RESTART|SA_SIGINFO


---------------  S Y S T E M  ---------------

OS:DISTRIB_ID=LinuxMint
DISTRIB_RELEASE=19.3
DISTRIB_CODENAME=tricia
DISTRIB_DESCRIPTION="Linux Mint 19.3 Tricia"
uname:Linux 5.4.0-52-generic #57~18.04.1-Ubuntu SMP Thu Oct 15 14:04:49 UTC 2020 x86_64
OS uptime: 0 days 2:53 hours
libc:glibc 2.27 NPTL 2.27 
rlimit (soft/hard): STACK 8192k/infinity , CORE 0k/infinity , NPROC 31068/31068 , NOFILE 1048576/1048576 , AS infinity/infinity , CPU infinity/infinity , DATA infinity/infinity , FSIZE infinity/infinity , MEMLOCK 65536k/65536k
load average:1,62 2,18 1,80

/proc/meminfo:
MemTotal:        8028268 kB
MemFree:          718700 kB
MemAvailable:    3050324 kB
Buffers:          237496 kB
Cached:          2345460 kB
SwapCached:           40 kB
Active:          5159432 kB
Inactive:        1563480 kB
Active(anon):    3862940 kB
Inactive(anon):   371440 kB
Active(file):    1296492 kB
Inactive(file):  1192040 kB
Unevictable:         708 kB
Mlocked:              64 kB
SwapTotal:       2097148 kB
SwapFree:        2096112 kB
Dirty:               552 kB
Writeback:             0 kB
AnonPages:       4140548 kB
Mapped:           831732 kB
Shmem:             98760 kB
KReclaimable:     134600 kB
Slab:             318752 kB
SReclaimable:     134600 kB
SUnreclaim:       184152 kB
KernelStack:       17548 kB
PageTables:        75232 kB
NFS_Unstable:          0 kB
Bounce:                0 kB
WritebackTmp:          0 kB
CommitLimit:     6111280 kB
Committed_AS:   13277380 kB
VmallocTotal:   34359738367 kB
VmallocUsed:       69588 kB
VmallocChunk:          0 kB
Percpu:             6240 kB
HardwareCorrupted:     0 kB
AnonHugePages:         0 kB
ShmemHugePages:        0 kB
ShmemPmdMapped:        0 kB
FileHugePages:         0 kB
FilePmdMapped:         0 kB
CmaTotal:              0 kB
CmaFree:               0 kB
HugePages_Total:       0
HugePages_Free:        0
HugePages_Rsvd:        0
HugePages_Surp:        0
Hugepagesize:       2048 kB
Hugetlb:               0 kB
DirectMap4k:      572028 kB
DirectMap2M:     7694336 kB
DirectMap1G:           0 kB

/sys/kernel/mm/transparent_hugepage/enabled:
always [madvise] never
/sys/kernel/mm/transparent_hugepage/defrag (defrag/compaction efforts parameter):
always defer defer+madvise [madvise] never

Process Memory:
Virtual Size: 4730340K (peak: 13484624K)
Resident Set Size: 38652K (peak: 38652K) (anon: 12284K, file: 26368K, shmem: 0K)
Swapped out: 0K
C-Heap outstanding allocations: 5039K

/proc/sys/kernel/threads-max (system-wide limit on the number of threads):
62137
/proc/sys/vm/max_map_count (maximum number of memory map areas a process may have):
65530
/proc/sys/kernel/pid_max (system-wide limit on number of process identifiers):
32768

container (cgroup) information:
container_type: cgroupv1
cpu_cpuset_cpus: 0-7
cpu_memory_nodes: 0
active_processor_count: 8
cpu_quota: -1
cpu_period: 100000
cpu_shares: -1
memory_limit_in_bytes: -1
memory_and_swap_limit_in_bytes: -2
memory_soft_limit_in_bytes: -1
memory_usage_in_bytes: 5566767104
memory_max_usage_in_bytes: 5804519424

Steal ticks since vm start: 0
Steal ticks percentage since vm start:  0,000

CPU:total 8 (initial active 8) (4 cores per cpu, 2 threads per core) family 6 model 158 stepping 10 microcode 0xde, cmov, cx8, fxsr, mmx, sse, sse2, sse3, ssse3, sse4.1, sse4.2, popcnt, avx, avx2, aes, clmul, erms, 3dnowpref, lzcnt, ht, tsc, tscinvbit, bmi1, bmi2, adx, fma
CPU Model and flags from /proc/cpuinfo:
model name	: Intel(R) Core(TM) i5-9300H CPU @ 2.40GHz
flags		: fpu vme de pse tsc msr pae mce cx8 apic sep mtrr pge mca cmov pat pse36 clflush dts acpi mmx fxsr sse sse2 ss ht tm pbe syscall nx pdpe1gb rdtscp lm constant_tsc art arch_perfmon pebs bts rep_good nopl xtopology nonstop_tsc cpuid aperfmperf pni pclmulqdq dtes64 monitor ds_cpl vmx est tm2 ssse3 sdbg fma cx16 xtpr pdcm pcid sse4_1 sse4_2 x2apic movbe popcnt tsc_deadline_timer aes xsave avx f16c rdrand lahf_lm abm 3dnowprefetch cpuid_fault epb invpcid_single pti ssbd ibrs ibpb stibp tpr_shadow vnmi flexpriority ept vpid ept_ad fsgsbase tsc_adjust bmi1 avx2 smep bmi2 erms invpcid mpx rdseed adx smap clflushopt intel_pt xsaveopt xsavec xgetbv1 xsaves dtherm ida arat pln pts hwp hwp_notify hwp_act_window hwp_epp md_clear flush_l1d
Online cpus:
0-7
Offline cpus:

BIOS frequency limitation:
<Not Available>
Frequency switch latency (ns):
0
Available cpu frequencies:
<Not Available>
Current governor:
powersave
Core performance/turbo boost:
<Not Available>

Memory: 4k page, physical 8028268k(718700k free), swap 2097148k(2096112k free)

vm_info: OpenJDK 64-Bit Server VM (11.0.11+9-Ubuntu-0ubuntu2.18.04) for linux-amd64 JRE (11.0.11+9-Ubuntu-0ubuntu2.18.04), built on Apr 21 2021 09:15:32 by "unknown" with gcc 8.4.0

END.
