#
# A fatal error has been detected by the Java Runtime Environment:
#
#  SIGSEGV (0xb) at pc=0x00007f789a17f9cd, pid=13467, tid=13468
#
# JRE version: OpenJDK Runtime Environment (11.0.11+9) (build 11.0.11+9-Ubuntu-0ubuntu2.18.04)
# Java VM: OpenJDK 64-Bit Server VM (11.0.11+9-Ubuntu-0ubuntu2.18.04, mixed mode, sharing, tiered, compressed oops, g1 gc, linux-amd64)
# Problematic frame:
# C  [libhill.so+0x9cd]  Java_com_java_crypto_jni_HillJni_multiplyMatrices+0x368
#
# Core dump will be written. Default location: Core dumps may be processed with "/lib/systemd/systemd-coredump %P %u %g %s %t 9223372036854775808 %e" (or dumping to /home/user/Faks/5.godina/2.semestar/Java/projekt/ClassicCryptography/core.13467)
#
# If you would like to submit a bug report, please visit:
#   https://bugs.launchpad.net/ubuntu/+source/openjdk-lts
# The crash happened outside the Java Virtual Machine in native code.
# See problematic frame for where to report the bug.
#

---------------  S U M M A R Y ------------

Command Line: com.java.crypto.jni.HillJni

Host: Intel(R) Core(TM) i5-9300H CPU @ 2.40GHz, 8 cores, 7G, Linux Mint 19.3 Tricia
Time: Sun Jul  4 14:10:18 2021 CEST elapsed time: 0.080168 seconds (0d 0h 0m 0s)

---------------  T H R E A D  ---------------

Current thread (0x00007f78c4018800):  JavaThread "main" [_thread_in_native, id=13468, stack(0x00007f78cb1b2000,0x00007f78cb2b3000)]

Stack: [0x00007f78cb1b2000,0x00007f78cb2b3000],  sp=0x00007f78cb2b1830,  free space=1022k
Native frames: (J=compiled Java code, A=aot compiled Java code, j=interpreted, Vv=VM code, C=native code)
C  [libhill.so+0x9cd]  Java_com_java_crypto_jni_HillJni_multiplyMatrices+0x368
j  com.java.crypto.jni.HillJni.multiplyMatrices([[I[[II)[[I+0
j  com.java.crypto.jni.HillJni.main([Ljava/lang/String;)V+144
v  ~StubRoutines::call_stub
V  [libjvm.so+0x82db91]
V  [libjvm.so+0x8a25bc]
V  [libjvm.so+0x8a4658]
C  [libjli.so+0x4738]
C  [libjli.so+0x87ed]

Java frames: (J=compiled Java code, j=interpreted, Vv=VM code)
j  com.java.crypto.jni.HillJni.multiplyMatrices([[I[[II)[[I+0
j  com.java.crypto.jni.HillJni.main([Ljava/lang/String;)V+144
v  ~StubRoutines::call_stub

siginfo: si_signo: 11 (SIGSEGV), si_code: 128 (SI_KERNEL), si_addr: 0x0000000000000000

Register to memory mapping:

RAX=0x008b48ffffff7885 is an unknown value
RBX=0x00007f78c41c7c50 points into unknown readable memory: 0x00007f78c41c7cc0 | c0 7c 1c c4 78 7f 00 00
RCX=0x00007f78c4000020 points into unknown readable memory: 0x0000000200000000 | 00 00 00 00 02 00 00 00
RDX=0x0 is NULL
RSP=0x00007f78cb2b1830 is pointing into the stack for thread: 0x00007f78c4018800
RBP=0x00007f78cb2b18e0 is pointing into the stack for thread: 0x00007f78c4018800
RSI=0x0000000000000004 is an unknown value
RDI=0x00007f78c41c7d10 points into unknown readable memory: 0x8b4830408b48008b | 8b 00 48 8b 40 30 48 8b
R8 =0x0000000000000003 is an unknown value
R9 =0x0 is NULL
R10=0x00007f78c40008d0 points into unknown readable memory: 0x0001000101000000 | 00 00 00 01 01 00 01 00
R11=0x0 is NULL
R12=0x0 is NULL
R13=0x00007f789b7fa538 is pointing into metadata
R14=0x00007f78cb2b1988 is pointing into the stack for thread: 0x00007f78c4018800
R15=0x00007f78c4018800 is a thread


Registers:
RAX=0x008b48ffffff7885, RBX=0x00007f78c41c7c50, RCX=0x00007f78c4000020, RDX=0x0000000000000000
RSP=0x00007f78cb2b1830, RBP=0x00007f78cb2b18e0, RSI=0x0000000000000004, RDI=0x00007f78c41c7d10
R8 =0x0000000000000003, R9 =0x0000000000000000, R10=0x00007f78c40008d0, R11=0x0000000000000000
R12=0x0000000000000000, R13=0x00007f789b7fa538, R14=0x00007f78cb2b1988, R15=0x00007f78c4018800
RIP=0x00007f789a17f9cd, EFLAGS=0x0000000000010202, CSGSFS=0x002b000000000033, ERR=0x0000000000000000
  TRAPNO=0x000000000000000d

Top of Stack: (sp=0x00007f78cb2b1830)
0x00007f78cb2b1830:   0000000000000000 0000001ac9b3aa00
0x00007f78cb2b1840:   00007f78cb2b1980 00007f78cb2b1988
0x00007f78cb2b1850:   00007f78cb2b1968 00007f78c4018b48
0x00007f78cb2b1860:   00000003cb2b18a0 0000000000000003 

Instructions: (pc=0x00007f789a17f9cd)
0x00007f789a17f8cd:   00 48 8b 80 68 05 00 00 8b 55 88 48 63 d2 48 8d
0x00007f789a17f8dd:   0c d5 00 00 00 00 48 8b 55 d8 48 8d 1c 11 8b 55
0x00007f789a17f8ed:   88 48 8b b5 68 ff ff ff 48 8b 8d 78 ff ff ff 48
0x00007f789a17f8fd:   89 cf ff d0 48 89 03 48 8b 85 78 ff ff ff 48 8b
0x00007f789a17f90d:   00 48 8b 80 d8 05 00 00 8b 55 88 48 63 d2 48 8d
0x00007f789a17f91d:   0c d5 00 00 00 00 48 8b 55 d8 48 01 ca 48 8b 32
0x00007f789a17f92d:   8b 55 88 48 63 d2 48 8d 0c d5 00 00 00 00 48 8b
0x00007f789a17f93d:   55 d0 48 8d 1c 11 48 8b 8d 78 ff ff ff ba 00 00
0x00007f789a17f94d:   00 00 48 89 cf ff d0 48 89 03 83 45 88 01 8b 45
0x00007f789a17f95d:   88 3b 45 98 0f 8c 5d ff ff ff 8b 45 98 48 98 48
0x00007f789a17f96d:   c1 e0 03 48 89 c7 e8 18 fc ff ff 48 89 45 e0 8b
0x00007f789a17f97d:   45 a0 48 98 48 c1 e0 03 48 89 c7 e8 03 fc ff ff
0x00007f789a17f98d:   48 89 45 e8 c7 45 8c 00 00 00 00 e9 3c 01 00 00
0x00007f789a17f99d:   c7 45 90 00 00 00 00 e9 20 01 00 00 8b 45 8c 48
0x00007f789a17f9ad:   98 48 8d 14 c5 00 00 00 00 48 8b 45 e0 48 01 d0
0x00007f789a17f9bd:   48 8b 00 8b 55 90 48 63 d2 48 c1 e2 02 48 01 d0
0x00007f789a17f9cd:   c7 00 00 00 00 00 c7 45 94 00 00 00 00 e9 a1 00
0x00007f789a17f9dd:   00 00 8b 45 8c 48 98 48 8d 14 c5 00 00 00 00 48
0x00007f789a17f9ed:   8b 45 e0 48 01 d0 48 8b 00 8b 55 90 48 63 d2 48
0x00007f789a17f9fd:   c1 e2 02 48 01 d0 8b 08 8b 45 8c 48 98 48 8d 14
0x00007f789a17fa0d:   c5 00 00 00 00 48 8b 45 d0 48 01 d0 48 8b 00 8b
0x00007f789a17fa1d:   55 94 48 63 d2 48 c1 e2 02 48 01 d0 8b 10 8b 45
0x00007f789a17fa2d:   94 48 98 48 8d 34 c5 00 00 00 00 48 8b 45 c0 48
0x00007f789a17fa3d:   01 f0 48 8b 00 8b 75 90 48 63 f6 48 c1 e6 02 48
0x00007f789a17fa4d:   01 f0 8b 00 0f af d0 8b 45 8c 48 98 48 8d 34 c5
0x00007f789a17fa5d:   00 00 00 00 48 8b 45 e0 48 01 f0 48 8b 00 8b 75
0x00007f789a17fa6d:   90 48 63 f6 48 c1 e6 02 48 01 f0 01 ca 89 10 83
0x00007f789a17fa7d:   45 94 01 8b 45 94 3b 45 9c 0f 8c 53 ff ff ff 8b
0x00007f789a17fa8d:   45 8c 48 98 48 8d 14 c5 00 00 00 00 48 8b 45 e0
0x00007f789a17fa9d:   48 01 d0 48 8b 00 8b 55 90 48 63 d2 48 c1 e2 02
0x00007f789a17faad:   48 01 d0 8b 00 89 c6 48 8d 3d 45 00 00 00 b8 00
0x00007f789a17fabd:   00 00 00 e8 bb fa ff ff 83 45 90 01 8b 45 90 3b 


Stack slot to memory mapping:
stack at sp + 0 slots: 0x0 is NULL
stack at sp + 1 slots: 0x0000001ac9b3aa00 is an unknown value
stack at sp + 2 slots: 0x00007f78cb2b1980 is pointing into the stack for thread: 0x00007f78c4018800
stack at sp + 3 slots: 0x00007f78cb2b1988 is pointing into the stack for thread: 0x00007f78c4018800
stack at sp + 4 slots: 0x00007f78cb2b1968 is pointing into the stack for thread: 0x00007f78c4018800
stack at sp + 5 slots: 0x00007f78c4018b48 points into unknown readable memory: 0x00007f78ca3e0a60 | 60 0a 3e ca 78 7f 00 00
stack at sp + 6 slots: 0x00000003cb2b18a0 is an unknown value
stack at sp + 7 slots: 0x0000000000000003 is an unknown value


---------------  P R O C E S S  ---------------

Threads class SMR info:
_java_thread_list=0x00007f78c4180d60, length=9, elements={
0x00007f78c4018800, 0x00007f78c4123800, 0x00007f78c4125800, 0x00007f78c412c000,
0x00007f78c412e000, 0x00007f78c4130000, 0x00007f78c4132000, 0x00007f78c4134000,
0x00007f78c417f800
}

Java Threads: ( => current thread )
=>0x00007f78c4018800 JavaThread "main" [_thread_in_native, id=13468, stack(0x00007f78cb1b2000,0x00007f78cb2b3000)]
  0x00007f78c4123800 JavaThread "Reference Handler" daemon [_thread_blocked, id=13479, stack(0x00007f789b11b000,0x00007f789b21c000)]
  0x00007f78c4125800 JavaThread "Finalizer" daemon [_thread_blocked, id=13480, stack(0x00007f789b01a000,0x00007f789b11b000)]
  0x00007f78c412c000 JavaThread "Signal Dispatcher" daemon [_thread_blocked, id=13481, stack(0x00007f789a988000,0x00007f789aa89000)]
  0x00007f78c412e000 JavaThread "Service Thread" daemon [_thread_blocked, id=13482, stack(0x00007f789a887000,0x00007f789a988000)]
  0x00007f78c4130000 JavaThread "C2 CompilerThread0" daemon [_thread_blocked, id=13483, stack(0x00007f789a786000,0x00007f789a887000)]
  0x00007f78c4132000 JavaThread "C1 CompilerThread0" daemon [_thread_blocked, id=13484, stack(0x00007f789a685000,0x00007f789a786000)]
  0x00007f78c4134000 JavaThread "Sweeper thread" daemon [_thread_blocked, id=13485, stack(0x00007f789a584000,0x00007f789a685000)]
  0x00007f78c417f800 JavaThread "Common-Cleaner" daemon [_thread_blocked, id=13487, stack(0x00007f789a381000,0x00007f789a482000)]

Other Threads:
  0x00007f78c4120800 VMThread "VM Thread" [stack: 0x00007f789b21e000,0x00007f789b31e000] [id=13478]
  0x00007f78c417d000 WatcherThread [stack: 0x00007f789a484000,0x00007f789a584000] [id=13486]
  0x00007f78c4031000 GCTaskThread "GC Thread#0" [stack: 0x00007f78ab952000,0x00007f78aba52000] [id=13473]
  0x00007f78c4062000 ConcurrentGCThread "G1 Main Marker" [stack: 0x00007f78a8621000,0x00007f78a8721000] [id=13474]
  0x00007f78c4064000 ConcurrentGCThread "G1 Conc#0" [stack: 0x00007f78a851f000,0x00007f78a861f000] [id=13475]
  0x00007f78c40ed000 ConcurrentGCThread "G1 Refine#0" [stack: 0x00007f789bcfe000,0x00007f789bdfe000] [id=13476]
  0x00007f78c40ee800 ConcurrentGCThread "G1 Young RemSet Sampling" [stack: 0x00007f789bbfc000,0x00007f789bcfc000] [id=13477]

Threads with active compile tasks:

VM state:not at safepoint (normal execution)

VM Mutex/Monitor currently owned by a thread: None

Heap address: 0x0000000085600000, size: 1962 MB, Compressed Oops mode: 32-bit
Narrow klass base: 0x0000000800000000, Narrow klass shift: 3
Compressed class space size: 1073741824 Address: 0x0000000840000000

Heap:
 garbage-first heap   total 129024K, used 1736K [0x0000000085600000, 0x0000000100000000)
  region size 1024K, 2 young (2048K), 0 survivors (0K)
 Metaspace       used 371K, capacity 4520K, committed 4864K, reserved 1056768K
  class space    used 30K, capacity 399K, committed 512K, reserved 1048576K
Heap Regions: E=young(eden), S=young(survivor), O=old, HS=humongous(starts), HC=humongous(continues), CS=collection set, F=free, A=archive, TAMS=top-at-mark-start (previous, next)
|   0|0x0000000085600000, 0x0000000085600000, 0x0000000085700000|  0%| F|  |TAMS 0x0000000085600000, 0x0000000085600000| Untracked 
|   1|0x0000000085700000, 0x0000000085700000, 0x0000000085800000|  0%| F|  |TAMS 0x0000000085700000, 0x0000000085700000| Untracked 
|   2|0x0000000085800000, 0x0000000085800000, 0x0000000085900000|  0%| F|  |TAMS 0x0000000085800000, 0x0000000085800000| Untracked 
|   3|0x0000000085900000, 0x0000000085900000, 0x0000000085a00000|  0%| F|  |TAMS 0x0000000085900000, 0x0000000085900000| Untracked 
|   4|0x0000000085a00000, 0x0000000085a00000, 0x0000000085b00000|  0%| F|  |TAMS 0x0000000085a00000, 0x0000000085a00000| Untracked 
|   5|0x0000000085b00000, 0x0000000085b00000, 0x0000000085c00000|  0%| F|  |TAMS 0x0000000085b00000, 0x0000000085b00000| Untracked 
|   6|0x0000000085c00000, 0x0000000085c00000, 0x0000000085d00000|  0%| F|  |TAMS 0x0000000085c00000, 0x0000000085c00000| Untracked 
|   7|0x0000000085d00000, 0x0000000085d00000, 0x0000000085e00000|  0%| F|  |TAMS 0x0000000085d00000, 0x0000000085d00000| Untracked 
|   8|0x0000000085e00000, 0x0000000085e00000, 0x0000000085f00000|  0%| F|  |TAMS 0x0000000085e00000, 0x0000000085e00000| Untracked 
|   9|0x0000000085f00000, 0x0000000085f00000, 0x0000000086000000|  0%| F|  |TAMS 0x0000000085f00000, 0x0000000085f00000| Untracked 
|  10|0x0000000086000000, 0x0000000086000000, 0x0000000086100000|  0%| F|  |TAMS 0x0000000086000000, 0x0000000086000000| Untracked 
|  11|0x0000000086100000, 0x0000000086100000, 0x0000000086200000|  0%| F|  |TAMS 0x0000000086100000, 0x0000000086100000| Untracked 
|  12|0x0000000086200000, 0x0000000086200000, 0x0000000086300000|  0%| F|  |TAMS 0x0000000086200000, 0x0000000086200000| Untracked 
|  13|0x0000000086300000, 0x0000000086300000, 0x0000000086400000|  0%| F|  |TAMS 0x0000000086300000, 0x0000000086300000| Untracked 
|  14|0x0000000086400000, 0x0000000086400000, 0x0000000086500000|  0%| F|  |TAMS 0x0000000086400000, 0x0000000086400000| Untracked 
|  15|0x0000000086500000, 0x0000000086500000, 0x0000000086600000|  0%| F|  |TAMS 0x0000000086500000, 0x0000000086500000| Untracked 
|  16|0x0000000086600000, 0x0000000086600000, 0x0000000086700000|  0%| F|  |TAMS 0x0000000086600000, 0x0000000086600000| Untracked 
|  17|0x0000000086700000, 0x0000000086700000, 0x0000000086800000|  0%| F|  |TAMS 0x0000000086700000, 0x0000000086700000| Untracked 
|  18|0x0000000086800000, 0x0000000086800000, 0x0000000086900000|  0%| F|  |TAMS 0x0000000086800000, 0x0000000086800000| Untracked 
|  19|0x0000000086900000, 0x0000000086900000, 0x0000000086a00000|  0%| F|  |TAMS 0x0000000086900000, 0x0000000086900000| Untracked 
|  20|0x0000000086a00000, 0x0000000086a00000, 0x0000000086b00000|  0%| F|  |TAMS 0x0000000086a00000, 0x0000000086a00000| Untracked 
|  21|0x0000000086b00000, 0x0000000086b00000, 0x0000000086c00000|  0%| F|  |TAMS 0x0000000086b00000, 0x0000000086b00000| Untracked 
|  22|0x0000000086c00000, 0x0000000086c00000, 0x0000000086d00000|  0%| F|  |TAMS 0x0000000086c00000, 0x0000000086c00000| Untracked 
|  23|0x0000000086d00000, 0x0000000086d00000, 0x0000000086e00000|  0%| F|  |TAMS 0x0000000086d00000, 0x0000000086d00000| Untracked 
|  24|0x0000000086e00000, 0x0000000086e00000, 0x0000000086f00000|  0%| F|  |TAMS 0x0000000086e00000, 0x0000000086e00000| Untracked 
|  25|0x0000000086f00000, 0x0000000086f00000, 0x0000000087000000|  0%| F|  |TAMS 0x0000000086f00000, 0x0000000086f00000| Untracked 
|  26|0x0000000087000000, 0x0000000087000000, 0x0000000087100000|  0%| F|  |TAMS 0x0000000087000000, 0x0000000087000000| Untracked 
|  27|0x0000000087100000, 0x0000000087100000, 0x0000000087200000|  0%| F|  |TAMS 0x0000000087100000, 0x0000000087100000| Untracked 
|  28|0x0000000087200000, 0x0000000087200000, 0x0000000087300000|  0%| F|  |TAMS 0x0000000087200000, 0x0000000087200000| Untracked 
|  29|0x0000000087300000, 0x0000000087300000, 0x0000000087400000|  0%| F|  |TAMS 0x0000000087300000, 0x0000000087300000| Untracked 
|  30|0x0000000087400000, 0x0000000087400000, 0x0000000087500000|  0%| F|  |TAMS 0x0000000087400000, 0x0000000087400000| Untracked 
|  31|0x0000000087500000, 0x0000000087500000, 0x0000000087600000|  0%| F|  |TAMS 0x0000000087500000, 0x0000000087500000| Untracked 
|  32|0x0000000087600000, 0x0000000087600000, 0x0000000087700000|  0%| F|  |TAMS 0x0000000087600000, 0x0000000087600000| Untracked 
|  33|0x0000000087700000, 0x0000000087700000, 0x0000000087800000|  0%| F|  |TAMS 0x0000000087700000, 0x0000000087700000| Untracked 
|  34|0x0000000087800000, 0x0000000087800000, 0x0000000087900000|  0%| F|  |TAMS 0x0000000087800000, 0x0000000087800000| Untracked 
|  35|0x0000000087900000, 0x0000000087900000, 0x0000000087a00000|  0%| F|  |TAMS 0x0000000087900000, 0x0000000087900000| Untracked 
|  36|0x0000000087a00000, 0x0000000087a00000, 0x0000000087b00000|  0%| F|  |TAMS 0x0000000087a00000, 0x0000000087a00000| Untracked 
|  37|0x0000000087b00000, 0x0000000087b00000, 0x0000000087c00000|  0%| F|  |TAMS 0x0000000087b00000, 0x0000000087b00000| Untracked 
|  38|0x0000000087c00000, 0x0000000087c00000, 0x0000000087d00000|  0%| F|  |TAMS 0x0000000087c00000, 0x0000000087c00000| Untracked 
|  39|0x0000000087d00000, 0x0000000087d00000, 0x0000000087e00000|  0%| F|  |TAMS 0x0000000087d00000, 0x0000000087d00000| Untracked 
|  40|0x0000000087e00000, 0x0000000087e00000, 0x0000000087f00000|  0%| F|  |TAMS 0x0000000087e00000, 0x0000000087e00000| Untracked 
|  41|0x0000000087f00000, 0x0000000087f00000, 0x0000000088000000|  0%| F|  |TAMS 0x0000000087f00000, 0x0000000087f00000| Untracked 
|  42|0x0000000088000000, 0x0000000088000000, 0x0000000088100000|  0%| F|  |TAMS 0x0000000088000000, 0x0000000088000000| Untracked 
|  43|0x0000000088100000, 0x0000000088100000, 0x0000000088200000|  0%| F|  |TAMS 0x0000000088100000, 0x0000000088100000| Untracked 
|  44|0x0000000088200000, 0x0000000088200000, 0x0000000088300000|  0%| F|  |TAMS 0x0000000088200000, 0x0000000088200000| Untracked 
|  45|0x0000000088300000, 0x0000000088300000, 0x0000000088400000|  0%| F|  |TAMS 0x0000000088300000, 0x0000000088300000| Untracked 
|  46|0x0000000088400000, 0x0000000088400000, 0x0000000088500000|  0%| F|  |TAMS 0x0000000088400000, 0x0000000088400000| Untracked 
|  47|0x0000000088500000, 0x0000000088500000, 0x0000000088600000|  0%| F|  |TAMS 0x0000000088500000, 0x0000000088500000| Untracked 
|  48|0x0000000088600000, 0x0000000088600000, 0x0000000088700000|  0%| F|  |TAMS 0x0000000088600000, 0x0000000088600000| Untracked 
|  49|0x0000000088700000, 0x0000000088700000, 0x0000000088800000|  0%| F|  |TAMS 0x0000000088700000, 0x0000000088700000| Untracked 
|  50|0x0000000088800000, 0x0000000088800000, 0x0000000088900000|  0%| F|  |TAMS 0x0000000088800000, 0x0000000088800000| Untracked 
|  51|0x0000000088900000, 0x0000000088900000, 0x0000000088a00000|  0%| F|  |TAMS 0x0000000088900000, 0x0000000088900000| Untracked 
|  52|0x0000000088a00000, 0x0000000088a00000, 0x0000000088b00000|  0%| F|  |TAMS 0x0000000088a00000, 0x0000000088a00000| Untracked 
|  53|0x0000000088b00000, 0x0000000088b00000, 0x0000000088c00000|  0%| F|  |TAMS 0x0000000088b00000, 0x0000000088b00000| Untracked 
|  54|0x0000000088c00000, 0x0000000088c00000, 0x0000000088d00000|  0%| F|  |TAMS 0x0000000088c00000, 0x0000000088c00000| Untracked 
|  55|0x0000000088d00000, 0x0000000088d00000, 0x0000000088e00000|  0%| F|  |TAMS 0x0000000088d00000, 0x0000000088d00000| Untracked 
|  56|0x0000000088e00000, 0x0000000088e00000, 0x0000000088f00000|  0%| F|  |TAMS 0x0000000088e00000, 0x0000000088e00000| Untracked 
|  57|0x0000000088f00000, 0x0000000088f00000, 0x0000000089000000|  0%| F|  |TAMS 0x0000000088f00000, 0x0000000088f00000| Untracked 
|  58|0x0000000089000000, 0x0000000089000000, 0x0000000089100000|  0%| F|  |TAMS 0x0000000089000000, 0x0000000089000000| Untracked 
|  59|0x0000000089100000, 0x0000000089100000, 0x0000000089200000|  0%| F|  |TAMS 0x0000000089100000, 0x0000000089100000| Untracked 
|  60|0x0000000089200000, 0x0000000089200000, 0x0000000089300000|  0%| F|  |TAMS 0x0000000089200000, 0x0000000089200000| Untracked 
|  61|0x0000000089300000, 0x0000000089300000, 0x0000000089400000|  0%| F|  |TAMS 0x0000000089300000, 0x0000000089300000| Untracked 
|  62|0x0000000089400000, 0x0000000089400000, 0x0000000089500000|  0%| F|  |TAMS 0x0000000089400000, 0x0000000089400000| Untracked 
|  63|0x0000000089500000, 0x0000000089500000, 0x0000000089600000|  0%| F|  |TAMS 0x0000000089500000, 0x0000000089500000| Untracked 
|  64|0x0000000089600000, 0x0000000089600000, 0x0000000089700000|  0%| F|  |TAMS 0x0000000089600000, 0x0000000089600000| Untracked 
|  65|0x0000000089700000, 0x0000000089700000, 0x0000000089800000|  0%| F|  |TAMS 0x0000000089700000, 0x0000000089700000| Untracked 
|  66|0x0000000089800000, 0x0000000089800000, 0x0000000089900000|  0%| F|  |TAMS 0x0000000089800000, 0x0000000089800000| Untracked 
|  67|0x0000000089900000, 0x0000000089900000, 0x0000000089a00000|  0%| F|  |TAMS 0x0000000089900000, 0x0000000089900000| Untracked 
|  68|0x0000000089a00000, 0x0000000089a00000, 0x0000000089b00000|  0%| F|  |TAMS 0x0000000089a00000, 0x0000000089a00000| Untracked 
|  69|0x0000000089b00000, 0x0000000089b00000, 0x0000000089c00000|  0%| F|  |TAMS 0x0000000089b00000, 0x0000000089b00000| Untracked 
|  70|0x0000000089c00000, 0x0000000089c00000, 0x0000000089d00000|  0%| F|  |TAMS 0x0000000089c00000, 0x0000000089c00000| Untracked 
|  71|0x0000000089d00000, 0x0000000089d00000, 0x0000000089e00000|  0%| F|  |TAMS 0x0000000089d00000, 0x0000000089d00000| Untracked 
|  72|0x0000000089e00000, 0x0000000089e00000, 0x0000000089f00000|  0%| F|  |TAMS 0x0000000089e00000, 0x0000000089e00000| Untracked 
|  73|0x0000000089f00000, 0x0000000089f00000, 0x000000008a000000|  0%| F|  |TAMS 0x0000000089f00000, 0x0000000089f00000| Untracked 
|  74|0x000000008a000000, 0x000000008a000000, 0x000000008a100000|  0%| F|  |TAMS 0x000000008a000000, 0x000000008a000000| Untracked 
|  75|0x000000008a100000, 0x000000008a100000, 0x000000008a200000|  0%| F|  |TAMS 0x000000008a100000, 0x000000008a100000| Untracked 
|  76|0x000000008a200000, 0x000000008a200000, 0x000000008a300000|  0%| F|  |TAMS 0x000000008a200000, 0x000000008a200000| Untracked 
|  77|0x000000008a300000, 0x000000008a300000, 0x000000008a400000|  0%| F|  |TAMS 0x000000008a300000, 0x000000008a300000| Untracked 
|  78|0x000000008a400000, 0x000000008a400000, 0x000000008a500000|  0%| F|  |TAMS 0x000000008a400000, 0x000000008a400000| Untracked 
|  79|0x000000008a500000, 0x000000008a500000, 0x000000008a600000|  0%| F|  |TAMS 0x000000008a500000, 0x000000008a500000| Untracked 
|  80|0x000000008a600000, 0x000000008a600000, 0x000000008a700000|  0%| F|  |TAMS 0x000000008a600000, 0x000000008a600000| Untracked 
|  81|0x000000008a700000, 0x000000008a700000, 0x000000008a800000|  0%| F|  |TAMS 0x000000008a700000, 0x000000008a700000| Untracked 
|  82|0x000000008a800000, 0x000000008a800000, 0x000000008a900000|  0%| F|  |TAMS 0x000000008a800000, 0x000000008a800000| Untracked 
|  83|0x000000008a900000, 0x000000008a900000, 0x000000008aa00000|  0%| F|  |TAMS 0x000000008a900000, 0x000000008a900000| Untracked 
|  84|0x000000008aa00000, 0x000000008aa00000, 0x000000008ab00000|  0%| F|  |TAMS 0x000000008aa00000, 0x000000008aa00000| Untracked 
|  85|0x000000008ab00000, 0x000000008ab00000, 0x000000008ac00000|  0%| F|  |TAMS 0x000000008ab00000, 0x000000008ab00000| Untracked 
|  86|0x000000008ac00000, 0x000000008ac00000, 0x000000008ad00000|  0%| F|  |TAMS 0x000000008ac00000, 0x000000008ac00000| Untracked 
|  87|0x000000008ad00000, 0x000000008ad00000, 0x000000008ae00000|  0%| F|  |TAMS 0x000000008ad00000, 0x000000008ad00000| Untracked 
|  88|0x000000008ae00000, 0x000000008ae00000, 0x000000008af00000|  0%| F|  |TAMS 0x000000008ae00000, 0x000000008ae00000| Untracked 
|  89|0x000000008af00000, 0x000000008af00000, 0x000000008b000000|  0%| F|  |TAMS 0x000000008af00000, 0x000000008af00000| Untracked 
|  90|0x000000008b000000, 0x000000008b000000, 0x000000008b100000|  0%| F|  |TAMS 0x000000008b000000, 0x000000008b000000| Untracked 
|  91|0x000000008b100000, 0x000000008b100000, 0x000000008b200000|  0%| F|  |TAMS 0x000000008b100000, 0x000000008b100000| Untracked 
|  92|0x000000008b200000, 0x000000008b200000, 0x000000008b300000|  0%| F|  |TAMS 0x000000008b200000, 0x000000008b200000| Untracked 
|  93|0x000000008b300000, 0x000000008b300000, 0x000000008b400000|  0%| F|  |TAMS 0x000000008b300000, 0x000000008b300000| Untracked 
|  94|0x000000008b400000, 0x000000008b400000, 0x000000008b500000|  0%| F|  |TAMS 0x000000008b400000, 0x000000008b400000| Untracked 
|  95|0x000000008b500000, 0x000000008b500000, 0x000000008b600000|  0%| F|  |TAMS 0x000000008b500000, 0x000000008b500000| Untracked 
|  96|0x000000008b600000, 0x000000008b600000, 0x000000008b700000|  0%| F|  |TAMS 0x000000008b600000, 0x000000008b600000| Untracked 
|  97|0x000000008b700000, 0x000000008b700000, 0x000000008b800000|  0%| F|  |TAMS 0x000000008b700000, 0x000000008b700000| Untracked 
|  98|0x000000008b800000, 0x000000008b800000, 0x000000008b900000|  0%| F|  |TAMS 0x000000008b800000, 0x000000008b800000| Untracked 
|  99|0x000000008b900000, 0x000000008b900000, 0x000000008ba00000|  0%| F|  |TAMS 0x000000008b900000, 0x000000008b900000| Untracked 
| 100|0x000000008ba00000, 0x000000008ba00000, 0x000000008bb00000|  0%| F|  |TAMS 0x000000008ba00000, 0x000000008ba00000| Untracked 
| 101|0x000000008bb00000, 0x000000008bb00000, 0x000000008bc00000|  0%| F|  |TAMS 0x000000008bb00000, 0x000000008bb00000| Untracked 
| 102|0x000000008bc00000, 0x000000008bc00000, 0x000000008bd00000|  0%| F|  |TAMS 0x000000008bc00000, 0x000000008bc00000| Untracked 
| 103|0x000000008bd00000, 0x000000008bd00000, 0x000000008be00000|  0%| F|  |TAMS 0x000000008bd00000, 0x000000008bd00000| Untracked 
| 104|0x000000008be00000, 0x000000008be00000, 0x000000008bf00000|  0%| F|  |TAMS 0x000000008be00000, 0x000000008be00000| Untracked 
| 105|0x000000008bf00000, 0x000000008bf00000, 0x000000008c000000|  0%| F|  |TAMS 0x000000008bf00000, 0x000000008bf00000| Untracked 
| 106|0x000000008c000000, 0x000000008c000000, 0x000000008c100000|  0%| F|  |TAMS 0x000000008c000000, 0x000000008c000000| Untracked 
| 107|0x000000008c100000, 0x000000008c100000, 0x000000008c200000|  0%| F|  |TAMS 0x000000008c100000, 0x000000008c100000| Untracked 
| 108|0x000000008c200000, 0x000000008c200000, 0x000000008c300000|  0%| F|  |TAMS 0x000000008c200000, 0x000000008c200000| Untracked 
| 109|0x000000008c300000, 0x000000008c300000, 0x000000008c400000|  0%| F|  |TAMS 0x000000008c300000, 0x000000008c300000| Untracked 
| 110|0x000000008c400000, 0x000000008c400000, 0x000000008c500000|  0%| F|  |TAMS 0x000000008c400000, 0x000000008c400000| Untracked 
| 111|0x000000008c500000, 0x000000008c500000, 0x000000008c600000|  0%| F|  |TAMS 0x000000008c500000, 0x000000008c500000| Untracked 
| 112|0x000000008c600000, 0x000000008c600000, 0x000000008c700000|  0%| F|  |TAMS 0x000000008c600000, 0x000000008c600000| Untracked 
| 113|0x000000008c700000, 0x000000008c700000, 0x000000008c800000|  0%| F|  |TAMS 0x000000008c700000, 0x000000008c700000| Untracked 
| 114|0x000000008c800000, 0x000000008c800000, 0x000000008c900000|  0%| F|  |TAMS 0x000000008c800000, 0x000000008c800000| Untracked 
| 115|0x000000008c900000, 0x000000008c900000, 0x000000008ca00000|  0%| F|  |TAMS 0x000000008c900000, 0x000000008c900000| Untracked 
| 116|0x000000008ca00000, 0x000000008ca00000, 0x000000008cb00000|  0%| F|  |TAMS 0x000000008ca00000, 0x000000008ca00000| Untracked 
| 117|0x000000008cb00000, 0x000000008cb00000, 0x000000008cc00000|  0%| F|  |TAMS 0x000000008cb00000, 0x000000008cb00000| Untracked 
| 118|0x000000008cc00000, 0x000000008cc00000, 0x000000008cd00000|  0%| F|  |TAMS 0x000000008cc00000, 0x000000008cc00000| Untracked 
| 119|0x000000008cd00000, 0x000000008cd00000, 0x000000008ce00000|  0%| F|  |TAMS 0x000000008cd00000, 0x000000008cd00000| Untracked 
| 120|0x000000008ce00000, 0x000000008ce00000, 0x000000008cf00000|  0%| F|  |TAMS 0x000000008ce00000, 0x000000008ce00000| Untracked 
| 121|0x000000008cf00000, 0x000000008cf00000, 0x000000008d000000|  0%| F|  |TAMS 0x000000008cf00000, 0x000000008cf00000| Untracked 
| 122|0x000000008d000000, 0x000000008d07b648, 0x000000008d100000| 48%| E|  |TAMS 0x000000008d000000, 0x000000008d000000| Complete 
| 123|0x000000008d100000, 0x000000008d200000, 0x000000008d200000|100%| E|CS|TAMS 0x000000008d100000, 0x000000008d100000| Complete 
|1960|0x00000000ffe00000, 0x00000000ffe47000, 0x00000000fff00000| 27%|OA|  |TAMS 0x00000000ffe00000, 0x00000000ffe00000| Untracked 
|1961|0x00000000fff00000, 0x00000000fff6b000, 0x0000000100000000| 41%|CA|  |TAMS 0x00000000fff00000, 0x00000000fff00000| Untracked 

Card table byte_map: [0x00007f78aa99e000,0x00007f78aad73000] _byte_map_base: 0x00007f78aa573000

Marking Bits (Prev, Next): (CMBitMap*) 0x00007f78c4059908, (CMBitMap*) 0x00007f78c4059940
 Prev Bits: [0x00007f78a8721000, 0x00007f78aa5c9000)
 Next Bits: [0x00007f78a2158000, 0x00007f78a4000000)

Polling page: 0x00007f78cb2d2000

Metaspace:

Usage:
  Non-class:      4,02 MB capacity,   341,65 KB (  8%) used,     3,69 MB ( 92%) free+waste,     1,44 KB ( <1%) overhead. 
      Class:    399,00 KB capacity,    30,23 KB (  8%) used,   367,83 KB ( 92%) free+waste,   960 bytes ( <1%) overhead. 
       Both:      4,41 MB capacity,   371,88 KB (  8%) used,     4,05 MB ( 92%) free+waste,     2,38 KB ( <1%) overhead. 

Virtual space:
  Non-class space:        8,00 MB reserved,       4,25 MB ( 53%) committed 
      Class space:        1,00 GB reserved,     512,00 KB ( <1%) committed 
             Both:        1,01 GB reserved,       4,75 MB ( <1%) committed 

Chunk freelists:
   Non-Class:  0 bytes
       Class:  0 bytes
        Both:  0 bytes

MaxMetaspaceSize: unlimited
CompressedClassSpaceSize: 1,00 GB

CodeHeap 'non-profiled nmethods': size=120032Kb used=52Kb max_used=52Kb free=119979Kb
 bounds [0x00007f78b36f0000, 0x00007f78b3960000, 0x00007f78bac28000]
CodeHeap 'profiled nmethods': size=120028Kb used=200Kb max_used=200Kb free=119827Kb
 bounds [0x00007f78ac1b9000, 0x00007f78ac429000, 0x00007f78b36f0000]
CodeHeap 'non-nmethods': size=5700Kb used=1018Kb max_used=1030Kb free=4681Kb
 bounds [0x00007f78abc28000, 0x00007f78abe98000, 0x00007f78ac1b9000]
 total_blobs=458 nmethods=165 adapters=206
 compilation: enabled
              stopped_count=0, restarted_count=0
 full_count=0

Compilation events (20 events):
Event: 0,073 Thread 0x00007f78c4132000 nmethod 133 0x00007f78ac1db410 code [0x00007f78ac1db680, 0x00007f78ac1dc000]
Event: 0,073 Thread 0x00007f78c4132000  136       3       jdk.internal.org.objectweb.asm.ClassWriter::get (49 bytes)
Event: 0,073 Thread 0x00007f78c4132000 nmethod 136 0x00007f78ac1dc410 code [0x00007f78ac1dc5e0, 0x00007f78ac1dc8c0]
Event: 0,073 Thread 0x00007f78c4132000  134       1       java.lang.invoke.LambdaForm$Name::index (5 bytes)
Event: 0,073 Thread 0x00007f78c4132000 nmethod 134 0x00007f78b36fa290 code [0x00007f78b36fa440, 0x00007f78b36fa510]
Event: 0,073 Thread 0x00007f78c4132000  131       3       java.lang.invoke.MethodType$ConcurrentWeakInternSet::get (54 bytes)
Event: 0,074 Thread 0x00007f78c4132000 nmethod 131 0x00007f78ac1dca10 code [0x00007f78ac1dcc80, 0x00007f78ac1dd9f0]
Event: 0,074 Thread 0x00007f78c4132000  139       3       java.lang.AbstractStringBuilder::isLatin1 (19 bytes)
Event: 0,074 Thread 0x00007f78c4132000 nmethod 139 0x00007f78ac1dde10 code [0x00007f78ac1ddfc0, 0x00007f78ac1de150]
Event: 0,074 Thread 0x00007f78c4132000  137       1       sun.invoke.util.Wrapper::basicTypeChar (5 bytes)
Event: 0,074 Thread 0x00007f78c4132000 nmethod 137 0x00007f78b36fad90 code [0x00007f78b36faf40, 0x00007f78b36fb010]
Event: 0,074 Thread 0x00007f78c4132000  142       1       java.lang.invoke.MethodHandle::type (5 bytes)
Event: 0,074 Thread 0x00007f78c4132000 nmethod 142 0x00007f78b36fb090 code [0x00007f78b36fb240, 0x00007f78b36fb310]
Event: 0,074 Thread 0x00007f78c4132000  144       3       jdk.internal.org.objectweb.asm.ByteVector::putByte (39 bytes)
Event: 0,074 Thread 0x00007f78c4132000 nmethod 144 0x00007f78ac1de210 code [0x00007f78ac1de3e0, 0x00007f78ac1de5e0]
Event: 0,074 Thread 0x00007f78c4132000  145       1       java.lang.invoke.LambdaForm$BasicType::basicTypeClass (5 bytes)
Event: 0,074 Thread 0x00007f78c4132000 nmethod 145 0x00007f78b36fb390 code [0x00007f78b36fb540, 0x00007f78b36fb610]
Event: 0,074 Thread 0x00007f78c4132000  146       3       jdk.internal.org.objectweb.asm.Frame::execute (2264 bytes)
Event: 0,076 Thread 0x00007f78c4130000  157       4       java.lang.String::hashCode (49 bytes)
Event: 0,079 Thread 0x00007f78c4130000 nmethod 157 0x00007f78b36fca90 code [0x00007f78b36fcc20, 0x00007f78b36fce58]

GC Heap History (0 events):
No events

Deoptimization events (0 events):
No events

Classes redefined (0 events):
No events

Internal exceptions (0 events):
No events

Events (20 events):
Event: 0,061 Protecting memory [0x00007f789a381000,0x00007f789a385000] with protection modes 0
Event: 0,061 Executing VM operation: RevokeBias
Event: 0,061 Executing VM operation: RevokeBias done
Event: 0,068 loading class java/lang/invoke/BoundMethodHandle$Species_LL
Event: 0,068 loading class java/lang/invoke/BoundMethodHandle$Species_LL done
Event: 0,070 loading class java/lang/invoke/BoundMethodHandle$Species_LLL
Event: 0,070 loading class java/lang/invoke/BoundMethodHandle$Species_LLL done
Event: 0,071 loading class java/lang/invoke/BoundMethodHandle$Species_LLLL
Event: 0,071 loading class java/lang/invoke/BoundMethodHandle$Species_LLLL done
Event: 0,073 loading class java/lang/invoke/BoundMethodHandle$Species_LLLLL
Event: 0,073 loading class java/lang/invoke/BoundMethodHandle$Species_LLLLL done
Event: 0,074 loading class java/lang/invoke/BoundMethodHandle$Species_LLLLLL
Event: 0,074 loading class java/lang/invoke/BoundMethodHandle$Species_LLLLLL done
Event: 0,076 loading class java/lang/invoke/BoundMethodHandle$Species_LLLLLLI
Event: 0,076 loading class java/lang/invoke/BoundMethodHandle$Species_LLLLLLI done
Event: 0,077 loading class java/lang/invoke/BoundMethodHandle$Species_LLLLLLII
Event: 0,077 loading class java/lang/invoke/BoundMethodHandle$Species_LLLLLLII done
Event: 0,078 loading class java/lang/invoke/BoundMethodHandle$Species_LLLLLLIIL
Event: 0,078 loading class java/lang/invoke/BoundMethodHandle$Species_LLLLLLIIL done
Event: 0,080 Loaded shared library /home/user/Faks/5.godina/2.semestar/Java/projekt/ClassicCryptography/src/main/resources/native/libhill.so


Dynamic libraries:
85600000-8d200000 rw-p 00000000 00:00 0 
8d200000-ffe00000 ---p 00000000 00:00 0 
ffe00000-ffe47000 rw-p 01111000 08:03 1048744                            /usr/lib/jvm/java-11-openjdk-amd64/lib/server/classes.jsa
ffe47000-fff00000 rw-p 00000000 00:00 0 
fff00000-fff6b000 rw-p 010a6000 08:03 1048744                            /usr/lib/jvm/java-11-openjdk-amd64/lib/server/classes.jsa
fff6b000-100000000 rw-p 00000000 00:00 0 
800000000-800002000 rwxp 00001000 08:03 1048744                          /usr/lib/jvm/java-11-openjdk-amd64/lib/server/classes.jsa
800002000-8003b9000 rw-p 00003000 08:03 1048744                          /usr/lib/jvm/java-11-openjdk-amd64/lib/server/classes.jsa
8003b9000-800a96000 r--p 003ba000 08:03 1048744                          /usr/lib/jvm/java-11-openjdk-amd64/lib/server/classes.jsa
800a96000-800a97000 rw-p 00a97000 08:03 1048744                          /usr/lib/jvm/java-11-openjdk-amd64/lib/server/classes.jsa
800a97000-8010a5000 r--p 00a98000 08:03 1048744                          /usr/lib/jvm/java-11-openjdk-amd64/lib/server/classes.jsa
840000000-840080000 rw-p 00000000 00:00 0 
840080000-880000000 ---p 00000000 00:00 0 
557d0a554000-557d0a555000 r-xp 00000000 08:03 1055283                    /usr/lib/jvm/java-11-openjdk-amd64/bin/java
557d0a755000-557d0a756000 r--p 00001000 08:03 1055283                    /usr/lib/jvm/java-11-openjdk-amd64/bin/java
557d0a756000-557d0a757000 rw-p 00002000 08:03 1055283                    /usr/lib/jvm/java-11-openjdk-amd64/bin/java
557d0b140000-557d0b161000 rw-p 00000000 00:00 0                          [heap]
7f7860000000-7f7860021000 rw-p 00000000 00:00 0 
7f7860021000-7f7864000000 ---p 00000000 00:00 0 
7f7868000000-7f7868021000 rw-p 00000000 00:00 0 
7f7868021000-7f786c000000 ---p 00000000 00:00 0 
7f786c000000-7f786c021000 rw-p 00000000 00:00 0 
7f786c021000-7f7870000000 ---p 00000000 00:00 0 
7f7870000000-7f7870147000 rw-p 00000000 00:00 0 
7f7870147000-7f7874000000 ---p 00000000 00:00 0 
7f7874000000-7f78741b0000 rw-p 00000000 00:00 0 
7f78741b0000-7f7878000000 ---p 00000000 00:00 0 
7f7878000000-7f7878021000 rw-p 00000000 00:00 0 
7f7878021000-7f787c000000 ---p 00000000 00:00 0 
7f787c000000-7f787c021000 rw-p 00000000 00:00 0 
7f787c021000-7f7880000000 ---p 00000000 00:00 0 
7f7880000000-7f7880021000 rw-p 00000000 00:00 0 
7f7880021000-7f7884000000 ---p 00000000 00:00 0 
7f7884000000-7f7884021000 rw-p 00000000 00:00 0 
7f7884021000-7f7888000000 ---p 00000000 00:00 0 
7f7888000000-7f7888021000 rw-p 00000000 00:00 0 
7f7888021000-7f788c000000 ---p 00000000 00:00 0 
7f788c000000-7f788c021000 rw-p 00000000 00:00 0 
7f788c021000-7f7890000000 ---p 00000000 00:00 0 
7f7890000000-7f7890021000 rw-p 00000000 00:00 0 
7f7890021000-7f7894000000 ---p 00000000 00:00 0 
7f7894000000-7f7894021000 rw-p 00000000 00:00 0 
7f7894021000-7f7898000000 ---p 00000000 00:00 0 
7f789a17f000-7f789a180000 r-xp 00000000 08:03 1078776                    /home/user/Faks/5.godina/2.semestar/Java/projekt/ClassicCryptography/src/main/resources/native/libhill.so
7f789a180000-7f789a37f000 ---p 00001000 08:03 1078776                    /home/user/Faks/5.godina/2.semestar/Java/projekt/ClassicCryptography/src/main/resources/native/libhill.so
7f789a37f000-7f789a380000 r--p 00000000 08:03 1078776                    /home/user/Faks/5.godina/2.semestar/Java/projekt/ClassicCryptography/src/main/resources/native/libhill.so
7f789a380000-7f789a381000 rw-p 00001000 08:03 1078776                    /home/user/Faks/5.godina/2.semestar/Java/projekt/ClassicCryptography/src/main/resources/native/libhill.so
7f789a381000-7f789a385000 ---p 00000000 00:00 0 
7f789a385000-7f789a482000 rw-p 00000000 00:00 0 
7f789a482000-7f789a483000 ---p 00000000 00:00 0 
7f789a483000-7f789a584000 rw-p 00000000 00:00 0 
7f789a584000-7f789a588000 ---p 00000000 00:00 0 
7f789a588000-7f789a685000 rw-p 00000000 00:00 0 
7f789a685000-7f789a689000 ---p 00000000 00:00 0 
7f789a689000-7f789a786000 rw-p 00000000 00:00 0 
7f789a786000-7f789a78a000 ---p 00000000 00:00 0 
7f789a78a000-7f789a887000 rw-p 00000000 00:00 0 
7f789a887000-7f789a88b000 ---p 00000000 00:00 0 
7f789a88b000-7f789a988000 rw-p 00000000 00:00 0 
7f789a988000-7f789a98c000 ---p 00000000 00:00 0 
7f789a98c000-7f789aa89000 rw-p 00000000 00:00 0 
7f789aa89000-7f789b01a000 r--p 00000000 08:03 1050494                    /usr/lib/locale/locale-archive
7f789b01a000-7f789b01e000 ---p 00000000 00:00 0 
7f789b01e000-7f789b11b000 rw-p 00000000 00:00 0 
7f789b11b000-7f789b11f000 ---p 00000000 00:00 0 
7f789b11f000-7f789b21c000 rw-p 00000000 00:00 0 
7f789b21c000-7f789b21d000 ---p 00000000 00:00 0 
7f789b21d000-7f789b83a000 rw-p 00000000 00:00 0 
7f789b83a000-7f789bbfa000 ---p 00000000 00:00 0 
7f789bbfa000-7f789bbfb000 ---p 00000000 00:00 0 
7f789bbfb000-7f789bcfc000 rw-p 00000000 00:00 0 
7f789bcfc000-7f789bcfd000 ---p 00000000 00:00 0 
7f789bcfd000-7f789c000000 rw-p 00000000 00:00 0 
7f789c000000-7f789c021000 rw-p 00000000 00:00 0 
7f789c021000-7f78a0000000 ---p 00000000 00:00 0 
7f78a0057000-7f78a2348000 rw-p 00000000 00:00 0 
7f78a2348000-7f78a3ff8000 ---p 00000000 00:00 0 
7f78a3ff8000-7f78a4000000 rw-p 00000000 00:00 0 
7f78a4000000-7f78a4021000 rw-p 00000000 00:00 0 
7f78a4021000-7f78a8000000 ---p 00000000 00:00 0 
7f78a8018000-7f78a851d000 rw-p 00000000 00:00 0 
7f78a851d000-7f78a851e000 ---p 00000000 00:00 0 
7f78a851e000-7f78a861f000 rw-p 00000000 00:00 0 
7f78a861f000-7f78a8620000 ---p 00000000 00:00 0 
7f78a8620000-7f78a8911000 rw-p 00000000 00:00 0 
7f78a8911000-7f78aa5c1000 ---p 00000000 00:00 0 
7f78aa5c1000-7f78aa607000 rw-p 00000000 00:00 0 
7f78aa607000-7f78aa99d000 ---p 00000000 00:00 0 
7f78aa99d000-7f78aa9dc000 rw-p 00000000 00:00 0 
7f78aa9dc000-7f78aad72000 ---p 00000000 00:00 0 
7f78aad72000-7f78aadb1000 rw-p 00000000 00:00 0 
7f78aadb1000-7f78ab147000 ---p 00000000 00:00 0 
7f78ab147000-7f78ab950000 rw-p 00000000 00:00 0 
7f78ab950000-7f78ab951000 ---p 00000000 00:00 0 
7f78ab951000-7f78aba57000 rw-p 00000000 00:00 0 
7f78aba57000-7f78abb3d000 ---p 00000000 00:00 0 
7f78abb3d000-7f78abb42000 rw-p 00000000 00:00 0 
7f78abb42000-7f78abc28000 ---p 00000000 00:00 0 
7f78abc28000-7f78abe98000 rwxp 00000000 00:00 0 
7f78abe98000-7f78ac1b9000 ---p 00000000 00:00 0 
7f78ac1b9000-7f78ac429000 rwxp 00000000 00:00 0 
7f78ac429000-7f78b36f0000 ---p 00000000 00:00 0 
7f78b36f0000-7f78b3960000 rwxp 00000000 00:00 0 
7f78b3960000-7f78bac28000 ---p 00000000 00:00 0 
7f78bac28000-7f78bac2f000 r-xp 00000000 08:03 1056644                    /usr/lib/jvm/java-11-openjdk-amd64/lib/libzip.so
7f78bac2f000-7f78bae2e000 ---p 00007000 08:03 1056644                    /usr/lib/jvm/java-11-openjdk-amd64/lib/libzip.so
7f78bae2e000-7f78bae2f000 r--p 00006000 08:03 1056644                    /usr/lib/jvm/java-11-openjdk-amd64/lib/libzip.so
7f78bae2f000-7f78bae30000 rw-p 00007000 08:03 1056644                    /usr/lib/jvm/java-11-openjdk-amd64/lib/libzip.so
7f78bae30000-7f78bae3b000 r-xp 00000000 08:03 267275                     /lib/x86_64-linux-gnu/libnss_files-2.27.so
7f78bae3b000-7f78bb03a000 ---p 0000b000 08:03 267275                     /lib/x86_64-linux-gnu/libnss_files-2.27.so
7f78bb03a000-7f78bb03b000 r--p 0000a000 08:03 267275                     /lib/x86_64-linux-gnu/libnss_files-2.27.so
7f78bb03b000-7f78bb03c000 rw-p 0000b000 08:03 267275                     /lib/x86_64-linux-gnu/libnss_files-2.27.so
7f78bb03c000-7f78bb042000 rw-p 00000000 00:00 0 
7f78bb042000-7f78bb059000 r-xp 00000000 08:03 267268                     /lib/x86_64-linux-gnu/libnsl-2.27.so
7f78bb059000-7f78bb258000 ---p 00017000 08:03 267268                     /lib/x86_64-linux-gnu/libnsl-2.27.so
7f78bb258000-7f78bb259000 r--p 00016000 08:03 267268                     /lib/x86_64-linux-gnu/libnsl-2.27.so
7f78bb259000-7f78bb25a000 rw-p 00017000 08:03 267268                     /lib/x86_64-linux-gnu/libnsl-2.27.so
7f78bb25a000-7f78bb25c000 rw-p 00000000 00:00 0 
7f78bb25c000-7f78bb267000 r-xp 00000000 08:03 267291                     /lib/x86_64-linux-gnu/libnss_nis-2.27.so
7f78bb267000-7f78bb466000 ---p 0000b000 08:03 267291                     /lib/x86_64-linux-gnu/libnss_nis-2.27.so
7f78bb466000-7f78bb467000 r--p 0000a000 08:03 267291                     /lib/x86_64-linux-gnu/libnss_nis-2.27.so
7f78bb467000-7f78bb468000 rw-p 0000b000 08:03 267291                     /lib/x86_64-linux-gnu/libnss_nis-2.27.so
7f78bb468000-7f78bb470000 r-xp 00000000 08:03 267269                     /lib/x86_64-linux-gnu/libnss_compat-2.27.so
7f78bb470000-7f78bb670000 ---p 00008000 08:03 267269                     /lib/x86_64-linux-gnu/libnss_compat-2.27.so
7f78bb670000-7f78bb671000 r--p 00008000 08:03 267269                     /lib/x86_64-linux-gnu/libnss_compat-2.27.so
7f78bb671000-7f78bb672000 rw-p 00009000 08:03 267269                     /lib/x86_64-linux-gnu/libnss_compat-2.27.so
7f78bb672000-7f78c3dfa000 r--s 00000000 08:03 1056645                    /usr/lib/jvm/java-11-openjdk-amd64/lib/modules
7f78c3dfa000-7f78c3dff000 r-xp 00000000 08:03 1056623                    /usr/lib/jvm/java-11-openjdk-amd64/lib/libjimage.so
7f78c3dff000-7f78c3ffe000 ---p 00005000 08:03 1056623                    /usr/lib/jvm/java-11-openjdk-amd64/lib/libjimage.so
7f78c3ffe000-7f78c3fff000 r--p 00004000 08:03 1056623                    /usr/lib/jvm/java-11-openjdk-amd64/lib/libjimage.so
7f78c3fff000-7f78c4000000 rw-p 00005000 08:03 1056623                    /usr/lib/jvm/java-11-openjdk-amd64/lib/libjimage.so
7f78c4000000-7f78c41d0000 rw-p 00000000 00:00 0 
7f78c41d0000-7f78c8000000 ---p 00000000 00:00 0 
7f78c803e000-7f78c8066000 rw-p 00000000 00:00 0 
7f78c8066000-7f78c808e000 r-xp 00000000 08:03 1056619                    /usr/lib/jvm/java-11-openjdk-amd64/lib/libjava.so
7f78c808e000-7f78c828e000 ---p 00028000 08:03 1056619                    /usr/lib/jvm/java-11-openjdk-amd64/lib/libjava.so
7f78c828e000-7f78c828f000 r--p 00028000 08:03 1056619                    /usr/lib/jvm/java-11-openjdk-amd64/lib/libjava.so
7f78c828f000-7f78c8290000 rw-p 00029000 08:03 1056619                    /usr/lib/jvm/java-11-openjdk-amd64/lib/libjava.so
7f78c8290000-7f78c8291000 rw-p 00000000 00:00 0 
7f78c8291000-7f78c829e000 r-xp 00000000 08:03 1056643                    /usr/lib/jvm/java-11-openjdk-amd64/lib/libverify.so
7f78c829e000-7f78c849d000 ---p 0000d000 08:03 1056643                    /usr/lib/jvm/java-11-openjdk-amd64/lib/libverify.so
7f78c849d000-7f78c849f000 r--p 0000c000 08:03 1056643                    /usr/lib/jvm/java-11-openjdk-amd64/lib/libverify.so
7f78c849f000-7f78c84a0000 rw-p 0000e000 08:03 1056643                    /usr/lib/jvm/java-11-openjdk-amd64/lib/libverify.so
7f78c84a0000-7f78c84a7000 r-xp 00000000 08:03 267306                     /lib/x86_64-linux-gnu/librt-2.27.so
7f78c84a7000-7f78c86a6000 ---p 00007000 08:03 267306                     /lib/x86_64-linux-gnu/librt-2.27.so
7f78c86a6000-7f78c86a7000 r--p 00006000 08:03 267306                     /lib/x86_64-linux-gnu/librt-2.27.so
7f78c86a7000-7f78c86a8000 rw-p 00007000 08:03 267306                     /lib/x86_64-linux-gnu/librt-2.27.so
7f78c86a8000-7f78c86bf000 r-xp 00000000 08:03 262233                     /lib/x86_64-linux-gnu/libgcc_s.so.1
7f78c86bf000-7f78c88be000 ---p 00017000 08:03 262233                     /lib/x86_64-linux-gnu/libgcc_s.so.1
7f78c88be000-7f78c88bf000 r--p 00016000 08:03 262233                     /lib/x86_64-linux-gnu/libgcc_s.so.1
7f78c88bf000-7f78c88c0000 rw-p 00017000 08:03 262233                     /lib/x86_64-linux-gnu/libgcc_s.so.1
7f78c88c0000-7f78c8a5d000 r-xp 00000000 08:03 267211                     /lib/x86_64-linux-gnu/libm-2.27.so
7f78c8a5d000-7f78c8c5c000 ---p 0019d000 08:03 267211                     /lib/x86_64-linux-gnu/libm-2.27.so
7f78c8c5c000-7f78c8c5d000 r--p 0019c000 08:03 267211                     /lib/x86_64-linux-gnu/libm-2.27.so
7f78c8c5d000-7f78c8c5e000 rw-p 0019d000 08:03 267211                     /lib/x86_64-linux-gnu/libm-2.27.so
7f78c8c5e000-7f78c8e21000 r-xp 00000000 08:03 1052506                    /usr/lib/x86_64-linux-gnu/libstdc++.so.6.0.28
7f78c8e21000-7f78c9021000 ---p 001c3000 08:03 1052506                    /usr/lib/x86_64-linux-gnu/libstdc++.so.6.0.28
7f78c9021000-7f78c902c000 r--p 001c3000 08:03 1052506                    /usr/lib/x86_64-linux-gnu/libstdc++.so.6.0.28
7f78c902c000-7f78c902f000 rw-p 001ce000 08:03 1052506                    /usr/lib/x86_64-linux-gnu/libstdc++.so.6.0.28
7f78c902f000-7f78c9032000 rw-p 00000000 00:00 0 
7f78c9032000-7f78ca11a000 r-xp 00000000 08:03 1056649                    /usr/lib/jvm/java-11-openjdk-amd64/lib/server/libjvm.so
7f78ca11a000-7f78ca319000 ---p 010e8000 08:03 1056649                    /usr/lib/jvm/java-11-openjdk-amd64/lib/server/libjvm.so
7f78ca319000-7f78ca3da000 r--p 010e7000 08:03 1056649                    /usr/lib/jvm/java-11-openjdk-amd64/lib/server/libjvm.so
7f78ca3da000-7f78ca415000 rw-p 011a8000 08:03 1056649                    /usr/lib/jvm/java-11-openjdk-amd64/lib/server/libjvm.so
7f78ca415000-7f78ca46c000 rw-p 00000000 00:00 0 
7f78ca46c000-7f78ca486000 r-xp 00000000 08:03 267296                     /lib/x86_64-linux-gnu/libpthread-2.27.so
7f78ca486000-7f78ca685000 ---p 0001a000 08:03 267296                     /lib/x86_64-linux-gnu/libpthread-2.27.so
7f78ca685000-7f78ca686000 r--p 00019000 08:03 267296                     /lib/x86_64-linux-gnu/libpthread-2.27.so
7f78ca686000-7f78ca687000 rw-p 0001a000 08:03 267296                     /lib/x86_64-linux-gnu/libpthread-2.27.so
7f78ca687000-7f78ca68b000 rw-p 00000000 00:00 0 
7f78ca68b000-7f78ca68e000 r-xp 00000000 08:03 267210                     /lib/x86_64-linux-gnu/libdl-2.27.so
7f78ca68e000-7f78ca88d000 ---p 00003000 08:03 267210                     /lib/x86_64-linux-gnu/libdl-2.27.so
7f78ca88d000-7f78ca88e000 r--p 00002000 08:03 267210                     /lib/x86_64-linux-gnu/libdl-2.27.so
7f78ca88e000-7f78ca88f000 rw-p 00003000 08:03 267210                     /lib/x86_64-linux-gnu/libdl-2.27.so
7f78ca88f000-7f78ca8ab000 r-xp 00000000 08:03 267378                     /lib/x86_64-linux-gnu/libz.so.1.2.11
7f78ca8ab000-7f78caaaa000 ---p 0001c000 08:03 267378                     /lib/x86_64-linux-gnu/libz.so.1.2.11
7f78caaaa000-7f78caaab000 r--p 0001b000 08:03 267378                     /lib/x86_64-linux-gnu/libz.so.1.2.11
7f78caaab000-7f78caaac000 rw-p 0001c000 08:03 267378                     /lib/x86_64-linux-gnu/libz.so.1.2.11
7f78caaac000-7f78cac93000 r-xp 00000000 08:03 267183                     /lib/x86_64-linux-gnu/libc-2.27.so
7f78cac93000-7f78cae93000 ---p 001e7000 08:03 267183                     /lib/x86_64-linux-gnu/libc-2.27.so
7f78cae93000-7f78cae97000 r--p 001e7000 08:03 267183                     /lib/x86_64-linux-gnu/libc-2.27.so
7f78cae97000-7f78cae99000 rw-p 001eb000 08:03 267183                     /lib/x86_64-linux-gnu/libc-2.27.so
7f78cae99000-7f78cae9d000 rw-p 00000000 00:00 0 
7f78cae9d000-7f78caeac000 r-xp 00000000 08:03 1055366                    /usr/lib/jvm/java-11-openjdk-amd64/lib/jli/libjli.so
7f78caeac000-7f78cb0ab000 ---p 0000f000 08:03 1055366                    /usr/lib/jvm/java-11-openjdk-amd64/lib/jli/libjli.so
7f78cb0ab000-7f78cb0ac000 r--p 0000e000 08:03 1055366                    /usr/lib/jvm/java-11-openjdk-amd64/lib/jli/libjli.so
7f78cb0ac000-7f78cb0ad000 rw-p 0000f000 08:03 1055366                    /usr/lib/jvm/java-11-openjdk-amd64/lib/jli/libjli.so
7f78cb0ad000-7f78cb0d6000 r-xp 00000000 08:03 267177                     /lib/x86_64-linux-gnu/ld-2.27.so
7f78cb0f1000-7f78cb1b2000 rw-p 00000000 00:00 0 
7f78cb1b2000-7f78cb1b6000 ---p 00000000 00:00 0 
7f78cb1b6000-7f78cb2b5000 rw-p 00000000 00:00 0 
7f78cb2be000-7f78cb2c3000 rw-p 00000000 00:00 0 
7f78cb2c3000-7f78cb2ca000 ---p 00000000 00:00 0 
7f78cb2ca000-7f78cb2d2000 rw-s 00000000 08:03 4850384                    /tmp/hsperfdata_user/13467
7f78cb2d2000-7f78cb2d3000 ---p 00000000 00:00 0 
7f78cb2d3000-7f78cb2d4000 r--p 00000000 00:00 0 
7f78cb2d4000-7f78cb2d6000 rw-p 00000000 00:00 0 
7f78cb2d6000-7f78cb2d7000 r--p 00029000 08:03 267177                     /lib/x86_64-linux-gnu/ld-2.27.so
7f78cb2d7000-7f78cb2d8000 rw-p 0002a000 08:03 267177                     /lib/x86_64-linux-gnu/ld-2.27.so
7f78cb2d8000-7f78cb2d9000 rw-p 00000000 00:00 0 
7ffe6bf2e000-7ffe6bf51000 rw-p 00000000 00:00 0                          [stack]
7ffe6bfe8000-7ffe6bfeb000 r--p 00000000 00:00 0                          [vvar]
7ffe6bfeb000-7ffe6bfec000 r-xp 00000000 00:00 0                          [vdso]
ffffffffff600000-ffffffffff601000 --xp 00000000 00:00 0                  [vsyscall]


VM Arguments:
java_command: com.java.crypto.jni.HillJni
java_class_path (initial): /home/user/Faks/5.godina/2.semestar/Java/projekt/ClassicCryptography/target/classes:/home/user/.m2/repository/org/springframework/boot/spring-boot-starter-data-jpa/2.3.12.RELEASE/spring-boot-starter-data-jpa-2.3.12.RELEASE.jar:/home/user/.m2/repository/org/springframework/boot/spring-boot-starter-aop/2.3.12.RELEASE/spring-boot-starter-aop-2.3.12.RELEASE.jar:/home/user/.m2/repository/org/springframework/spring-aop/5.2.15.RELEASE/spring-aop-5.2.15.RELEASE.jar:/home/user/.m2/repository/org/aspectj/aspectjweaver/1.9.6/aspectjweaver-1.9.6.jar:/home/user/.m2/repository/org/springframework/boot/spring-boot-starter-jdbc/2.3.12.RELEASE/spring-boot-starter-jdbc-2.3.12.RELEASE.jar:/home/user/.m2/repository/com/zaxxer/HikariCP/3.4.5/HikariCP-3.4.5.jar:/home/user/.m2/repository/org/springframework/spring-jdbc/5.2.15.RELEASE/spring-jdbc-5.2.15.RELEASE.jar:/home/user/.m2/repository/jakarta/transaction/jakarta.transaction-api/1.3.3/jakarta.transaction-api-1.3.3.jar:/home/user/.m2/repository/jakarta/persistence/jakarta.persistence-api/2.2.3/jakarta.persistence-api-2.2.3.jar:/home/user/.m2/repository/org/hibernate/hibernate-core/5.4.32.Final/hibernate-core-5.4.32.Final.jar:/home/user/.m2/repository/org/jboss/logging/jboss-logging/3.4.2.Final/jboss-logging-3.4.2.Final.jar:/home/user/.m2/repository/org/javassist/javassist/3.27.0-GA/javassist-3.27.0-GA.jar:/home/user/.m2/repository/net/bytebuddy/byte-buddy/1.10.22/byte-buddy-1.10.22.jar:/home/user/.m2/repository/antlr/antlr/2.7.7/antlr-2.7.7.jar:/home/user/.m2/repository/org/jboss/jandex/2.2.3.Final/jandex-2.2.3.Final.jar:/home/user/.m2/repository/com/fasterxml/classmate/1.5.1/classmate-1.5.1.jar:/home/user/.m2/repository/org/dom4j/dom4j/2.1.3/dom4j-2.1.3.jar:/home/user/.m2/repository/org/hibernate/common/hibernate-commons-annotations/5.1.2.Final/hibernate-commons-annotations-5.1.2.Final.jar:/home/user/.m2/repository/org/glassfish/jaxb/jaxb-runtime/2.3.4/jaxb-runtime-2.3.4.jar:/home/user/.m2/repository/org/g
Launcher Type: SUN_STANDARD

[Global flags]
     intx CICompilerCount                          = 4                                         {product} {ergonomic}
     uint ConcGCThreads                            = 2                                         {product} {ergonomic}
     uint G1ConcRefinementThreads                  = 8                                         {product} {ergonomic}
   size_t G1HeapRegionSize                         = 1048576                                   {product} {ergonomic}
    uintx GCDrainStackTargetSize                   = 64                                        {product} {ergonomic}
   size_t InitialHeapSize                          = 130023424                                 {product} {ergonomic}
   size_t MarkStackSize                            = 4194304                                   {product} {ergonomic}
   size_t MaxHeapSize                              = 2057306112                                {product} {ergonomic}
   size_t MaxNewSize                               = 1234173952                                {product} {ergonomic}
   size_t MinHeapDeltaBytes                        = 1048576                                   {product} {ergonomic}
    uintx NonNMethodCodeHeapSize                   = 5836300                                {pd product} {ergonomic}
    uintx NonProfiledCodeHeapSize                  = 122910970                              {pd product} {ergonomic}
    uintx ProfiledCodeHeapSize                     = 122910970                              {pd product} {ergonomic}
    uintx ReservedCodeCacheSize                    = 251658240                              {pd product} {ergonomic}
     bool SegmentedCodeCache                       = true                                      {product} {ergonomic}
     bool UseCompressedClassPointers               = true                                 {lp64_product} {ergonomic}
     bool UseCompressedOops                        = true                                 {lp64_product} {ergonomic}
     bool UseG1GC                                  = true                                      {product} {ergonomic}

Logging:
Log output configuration:
 #0: stdout all=warning uptime,level,tags
 #1: stderr all=off uptime,level,tags

Environment Variables:
JAVA_HOME=/usr/lib/jvm/java-11-openjdk-amd64
PATH=/usr/local/sbin:/usr/local/bin:/usr/sbin:/usr/bin:/sbin:/bin:/usr/games:/usr/local/games:/snap/bin:/home/user/.dotnet/tools
SHELL=/bin/bash
DISPLAY=:0
LANG=en_US.UTF-8

Signal Handlers:
SIGSEGV: [libjvm.so+0xe1d0a0], sa_mask[0]=11111111011111111101111111111110, sa_flags=SA_RESTART|SA_SIGINFO
SIGBUS: [libjvm.so+0xe1d0a0], sa_mask[0]=11111111011111111101111111111110, sa_flags=SA_RESTART|SA_SIGINFO
SIGFPE: [libjvm.so+0xe1d0a0], sa_mask[0]=11111111011111111101111111111110, sa_flags=SA_RESTART|SA_SIGINFO
SIGPIPE: [libjvm.so+0xb717f0], sa_mask[0]=11111111011111111101111111111110, sa_flags=SA_RESTART|SA_SIGINFO
SIGXFSZ: [libjvm.so+0xb717f0], sa_mask[0]=11111111011111111101111111111110, sa_flags=SA_RESTART|SA_SIGINFO
SIGILL: [libjvm.so+0xe1d0a0], sa_mask[0]=11111111011111111101111111111110, sa_flags=SA_RESTART|SA_SIGINFO
SIGUSR2: [libjvm.so+0xb71680], sa_mask[0]=00100000000000000000000000000000, sa_flags=SA_RESTART|SA_SIGINFO
SIGHUP: [libjvm.so+0xb71b30], sa_mask[0]=11111111011111111101111111111110, sa_flags=SA_RESTART|SA_SIGINFO
SIGINT: SIG_IGN, sa_mask[0]=00000000000000000000000000000000, sa_flags=none
SIGTERM: [libjvm.so+0xb71b30], sa_mask[0]=11111111011111111101111111111110, sa_flags=SA_RESTART|SA_SIGINFO
SIGQUIT: [libjvm.so+0xb71b30], sa_mask[0]=11111111011111111101111111111110, sa_flags=SA_RESTART|SA_SIGINFO


---------------  S Y S T E M  ---------------

OS:DISTRIB_ID=LinuxMint
DISTRIB_RELEASE=19.3
DISTRIB_CODENAME=tricia
DISTRIB_DESCRIPTION="Linux Mint 19.3 Tricia"
uname:Linux 5.4.0-52-generic #57~18.04.1-Ubuntu SMP Thu Oct 15 14:04:49 UTC 2020 x86_64
OS uptime: 0 days 2:56 hours
libc:glibc 2.27 NPTL 2.27 
rlimit (soft/hard): STACK 8192k/infinity , CORE 0k/infinity , NPROC 31068/31068 , NOFILE 1048576/1048576 , AS infinity/infinity , CPU infinity/infinity , DATA infinity/infinity , FSIZE infinity/infinity , MEMLOCK 65536k/65536k
load average:2,74 2,19 1,85

/proc/meminfo:
MemTotal:        8028268 kB
MemFree:          541572 kB
MemAvailable:    3046408 kB
Buffers:          238664 kB
Cached:          2514672 kB
SwapCached:           32 kB
Active:          5149092 kB
Inactive:        1747788 kB
Active(anon):    3853892 kB
Inactive(anon):   384008 kB
Active(file):    1295200 kB
Inactive(file):  1363780 kB
Unevictable:         708 kB
Mlocked:              64 kB
SwapTotal:       2097148 kB
SwapFree:        2096112 kB
Dirty:               680 kB
Writeback:             0 kB
AnonPages:       4144464 kB
Mapped:           831816 kB
Shmem:             98692 kB
KReclaimable:     140124 kB
Slab:             325424 kB
SReclaimable:     140124 kB
SUnreclaim:       185300 kB
KernelStack:       17492 kB
PageTables:        75316 kB
NFS_Unstable:          0 kB
Bounce:                0 kB
WritebackTmp:          0 kB
CommitLimit:     6111280 kB
Committed_AS:   13276272 kB
VmallocTotal:   34359738367 kB
VmallocUsed:       69604 kB
VmallocChunk:          0 kB
Percpu:             6240 kB
HardwareCorrupted:     0 kB
AnonHugePages:         0 kB
ShmemHugePages:        0 kB
ShmemPmdMapped:        0 kB
FileHugePages:         0 kB
FilePmdMapped:         0 kB
CmaTotal:              0 kB
CmaFree:               0 kB
HugePages_Total:       0
HugePages_Free:        0
HugePages_Rsvd:        0
HugePages_Surp:        0
Hugepagesize:       2048 kB
Hugetlb:               0 kB
DirectMap4k:      576124 kB
DirectMap2M:     7690240 kB
DirectMap1G:           0 kB

/sys/kernel/mm/transparent_hugepage/enabled:
always [madvise] never
/sys/kernel/mm/transparent_hugepage/defrag (defrag/compaction efforts parameter):
always defer defer+madvise [madvise] never

Process Memory:
Virtual Size: 4730340K (peak: 13484624K)
Resident Set Size: 38692K (peak: 38692K) (anon: 12252K, file: 26440K, shmem: 0K)
Swapped out: 0K
C-Heap outstanding allocations: 5038K

/proc/sys/kernel/threads-max (system-wide limit on the number of threads):
62137
/proc/sys/vm/max_map_count (maximum number of memory map areas a process may have):
65530
/proc/sys/kernel/pid_max (system-wide limit on number of process identifiers):
32768

container (cgroup) information:
container_type: cgroupv1
cpu_cpuset_cpus: 0-7
cpu_memory_nodes: 0
active_processor_count: 8
cpu_quota: -1
cpu_period: 100000
cpu_shares: -1
memory_limit_in_bytes: -1
memory_and_swap_limit_in_bytes: -2
memory_soft_limit_in_bytes: -1
memory_usage_in_bytes: 5563482112
memory_max_usage_in_bytes: 5804519424

Steal ticks since vm start: 0
Steal ticks percentage since vm start:  0,000

CPU:total 8 (initial active 8) (4 cores per cpu, 2 threads per core) family 6 model 158 stepping 10 microcode 0xde, cmov, cx8, fxsr, mmx, sse, sse2, sse3, ssse3, sse4.1, sse4.2, popcnt, avx, avx2, aes, clmul, erms, 3dnowpref, lzcnt, ht, tsc, tscinvbit, bmi1, bmi2, adx, fma
CPU Model and flags from /proc/cpuinfo:
model name	: Intel(R) Core(TM) i5-9300H CPU @ 2.40GHz
flags		: fpu vme de pse tsc msr pae mce cx8 apic sep mtrr pge mca cmov pat pse36 clflush dts acpi mmx fxsr sse sse2 ss ht tm pbe syscall nx pdpe1gb rdtscp lm constant_tsc art arch_perfmon pebs bts rep_good nopl xtopology nonstop_tsc cpuid aperfmperf pni pclmulqdq dtes64 monitor ds_cpl vmx est tm2 ssse3 sdbg fma cx16 xtpr pdcm pcid sse4_1 sse4_2 x2apic movbe popcnt tsc_deadline_timer aes xsave avx f16c rdrand lahf_lm abm 3dnowprefetch cpuid_fault epb invpcid_single pti ssbd ibrs ibpb stibp tpr_shadow vnmi flexpriority ept vpid ept_ad fsgsbase tsc_adjust bmi1 avx2 smep bmi2 erms invpcid mpx rdseed adx smap clflushopt intel_pt xsaveopt xsavec xgetbv1 xsaves dtherm ida arat pln pts hwp hwp_notify hwp_act_window hwp_epp md_clear flush_l1d
Online cpus:
0-7
Offline cpus:

BIOS frequency limitation:
<Not Available>
Frequency switch latency (ns):
0
Available cpu frequencies:
<Not Available>
Current governor:
powersave
Core performance/turbo boost:
<Not Available>

Memory: 4k page, physical 8028268k(541572k free), swap 2097148k(2096112k free)

vm_info: OpenJDK 64-Bit Server VM (11.0.11+9-Ubuntu-0ubuntu2.18.04) for linux-amd64 JRE (11.0.11+9-Ubuntu-0ubuntu2.18.04), built on Apr 21 2021 09:15:32 by "unknown" with gcc 8.4.0

END.
