#
# A fatal error has been detected by the Java Runtime Environment:
#
#  SIGSEGV (0xb) at pc=0x00007fc5ce66198e, pid=12959, tid=12960
#
# JRE version: OpenJDK Runtime Environment (11.0.11+9) (build 11.0.11+9-Ubuntu-0ubuntu2.18.04)
# Java VM: OpenJDK 64-Bit Server VM (11.0.11+9-Ubuntu-0ubuntu2.18.04, mixed mode, sharing, tiered, compressed oops, g1 gc, linux-amd64)
# Problematic frame:
# C  [libhill.so+0x98e]  Java_com_java_crypto_jni_HillJni_multiplyMatrices+0x329
#
# Core dump will be written. Default location: Core dumps may be processed with "/lib/systemd/systemd-coredump %P %u %g %s %t 9223372036854775808 %e" (or dumping to /home/user/Faks/5.godina/2.semestar/Java/projekt/ClassicCryptography/core.12959)
#
# If you would like to submit a bug report, please visit:
#   https://bugs.launchpad.net/ubuntu/+source/openjdk-lts
# The crash happened outside the Java Virtual Machine in native code.
# See problematic frame for where to report the bug.
#

---------------  S U M M A R Y ------------

Command Line: com.java.crypto.jni.HillJni

Host: Intel(R) Core(TM) i5-9300H CPU @ 2.40GHz, 8 cores, 7G, Linux Mint 19.3 Tricia
Time: Sun Jul  4 14:04:26 2021 CEST elapsed time: 0.059616 seconds (0d 0h 0m 0s)

---------------  T H R E A D  ---------------

Current thread (0x00007fc600018800):  JavaThread "main" [_thread_in_native, id=12960, stack(0x00007fc607694000,0x00007fc607795000)]

Stack: [0x00007fc607694000,0x00007fc607795000],  sp=0x00007fc607793830,  free space=1022k
Native frames: (J=compiled Java code, A=aot compiled Java code, j=interpreted, Vv=VM code, C=native code)
C  [libhill.so+0x98e]  Java_com_java_crypto_jni_HillJni_multiplyMatrices+0x329
j  com.java.crypto.jni.HillJni.multiplyMatrices([[I[[II)[[I+0
j  com.java.crypto.jni.HillJni.main([Ljava/lang/String;)V+144
v  ~StubRoutines::call_stub
V  [libjvm.so+0x82db91]
V  [libjvm.so+0x8a25bc]
V  [libjvm.so+0x8a4658]
C  [libjli.so+0x4738]
C  [libjli.so+0x87ed]

Java frames: (J=compiled Java code, j=interpreted, Vv=VM code)
j  com.java.crypto.jni.HillJni.multiplyMatrices([[I[[II)[[I+0
j  com.java.crypto.jni.HillJni.main([Ljava/lang/String;)V+144
v  ~StubRoutines::call_stub

siginfo: si_signo: 11 (SIGSEGV), si_code: 128 (SI_KERNEL), si_addr: 0x0000000000000000

Register to memory mapping:

RAX=0x008b48ffffff7885 is an unknown value
RBX=0x00007fc6001bfca0 points into unknown readable memory: 0x00007fc6001bfd10 | 10 fd 1b 00 c6 7f 00 00
RCX=0x00007fc600000020 points into unknown readable memory: 0x0000000200000000 | 00 00 00 00 02 00 00 00
RDX=0x0 is NULL
RSP=0x00007fc607793830 is pointing into the stack for thread: 0x00007fc600018800
RBP=0x00007fc6077938e0 is pointing into the stack for thread: 0x00007fc600018800
RSI=0x0000000000000004 is an unknown value
RDI=0x00007fc6001bfd80 points into unknown readable memory: 0x48008b48ffffff78 | 78 ff ff ff 48 8b 00 48
R8 =0x0000000000000003 is an unknown value
R9 =0x0 is NULL
R10=0x00007fc6000008d0 points into unknown readable memory: 0x0001000101000000 | 00 00 00 01 01 00 01 00
R11=0x0 is NULL
R12=0x0 is NULL
R13=0x00007fc5cfc00538 is pointing into metadata
R14=0x00007fc607793988 is pointing into the stack for thread: 0x00007fc600018800
R15=0x00007fc600018800 is a thread


Registers:
RAX=0x008b48ffffff7885, RBX=0x00007fc6001bfca0, RCX=0x00007fc600000020, RDX=0x0000000000000000
RSP=0x00007fc607793830, RBP=0x00007fc6077938e0, RSI=0x0000000000000004, RDI=0x00007fc6001bfd80
R8 =0x0000000000000003, R9 =0x0000000000000000, R10=0x00007fc6000008d0, R11=0x0000000000000000
R12=0x0000000000000000, R13=0x00007fc5cfc00538, R14=0x00007fc607793988, R15=0x00007fc600018800
RIP=0x00007fc5ce66198e, EFLAGS=0x0000000000010202, CSGSFS=0x002b000000000033, ERR=0x0000000000000000
  TRAPNO=0x000000000000000d

Top of Stack: (sp=0x00007fc607793830)
0x00007fc607793830:   0000000000000000 0000001a0601ca00
0x00007fc607793840:   00007fc607793980 00007fc607793988
0x00007fc607793850:   00007fc607793968 00007fc600018b48
0x00007fc607793860:   00007fc6077938a0 0000000300000003 

Instructions: (pc=0x00007fc5ce66198e)
0x00007fc5ce66188e:   00 48 8b 55 d0 48 8d 1c 11 8b 55 8c 48 8b b5 68
0x00007fc5ce66189e:   ff ff ff 48 8b 8d 78 ff ff ff 48 89 cf ff d0 48
0x00007fc5ce6618ae:   89 03 48 8b 85 78 ff ff ff 48 8b 00 48 8b 80 d8
0x00007fc5ce6618be:   05 00 00 8b 55 8c 48 63 d2 48 8d 0c d5 00 00 00
0x00007fc5ce6618ce:   00 48 8b 55 d0 48 01 ca 48 8b 32 8b 55 8c 48 63
0x00007fc5ce6618de:   d2 48 8d 0c d5 00 00 00 00 48 8b 55 c8 48 8d 1c
0x00007fc5ce6618ee:   11 48 8b 8d 78 ff ff ff ba 00 00 00 00 48 89 cf
0x00007fc5ce6618fe:   ff d0 48 89 03 83 45 8c 01 8b 45 8c 3b 45 9c 0f
0x00007fc5ce66190e:   8c 5d ff ff ff 8b 45 9c 48 98 48 c1 e0 03 48 89
0x00007fc5ce66191e:   c7 e8 6c fc ff ff 48 89 45 d8 8b 45 a0 48 98 48
0x00007fc5ce66192e:   c1 e0 03 48 89 c7 e8 57 fc ff ff 48 89 45 e0 8b
0x00007fc5ce66193e:   45 9c 48 98 48 c1 e0 02 48 89 c7 e8 42 fc ff ff
0x00007fc5ce66194e:   48 89 45 e8 c7 45 90 00 00 00 00 e9 3c 01 00 00
0x00007fc5ce66195e:   c7 45 94 00 00 00 00 e9 20 01 00 00 8b 45 90 48
0x00007fc5ce66196e:   98 48 8d 14 c5 00 00 00 00 48 8b 45 d8 48 01 d0
0x00007fc5ce66197e:   48 8b 00 8b 55 94 48 63 d2 48 c1 e2 02 48 01 d0
0x00007fc5ce66198e:   c7 00 00 00 00 00 c7 45 98 00 00 00 00 e9 a1 00
0x00007fc5ce66199e:   00 00 8b 45 90 48 98 48 8d 14 c5 00 00 00 00 48
0x00007fc5ce6619ae:   8b 45 d8 48 01 d0 48 8b 00 8b 55 94 48 63 d2 48
0x00007fc5ce6619be:   c1 e2 02 48 01 d0 8b 08 8b 45 90 48 98 48 8d 14
0x00007fc5ce6619ce:   c5 00 00 00 00 48 8b 45 c8 48 01 d0 48 8b 00 8b
0x00007fc5ce6619de:   55 98 48 63 d2 48 c1 e2 02 48 01 d0 8b 10 8b 45
0x00007fc5ce6619ee:   98 48 98 48 8d 34 c5 00 00 00 00 48 8b 45 b8 48
0x00007fc5ce6619fe:   01 f0 48 8b 00 8b 75 94 48 63 f6 48 c1 e6 02 48
0x00007fc5ce661a0e:   01 f0 8b 00 0f af d0 8b 45 90 48 98 48 8d 34 c5
0x00007fc5ce661a1e:   00 00 00 00 48 8b 45 d8 48 01 f0 48 8b 00 8b 75
0x00007fc5ce661a2e:   94 48 63 f6 48 c1 e6 02 48 01 f0 01 ca 89 10 83
0x00007fc5ce661a3e:   45 98 01 8b 45 98 3b 45 9c 0f 8c 53 ff ff ff 8b
0x00007fc5ce661a4e:   45 90 48 98 48 8d 14 c5 00 00 00 00 48 8b 45 d8
0x00007fc5ce661a5e:   48 01 d0 48 8b 00 8b 55 94 48 63 d2 48 c1 e2 02
0x00007fc5ce661a6e:   48 01 d0 8b 00 89 c6 48 8d 3d 44 00 00 00 b8 00
0x00007fc5ce661a7e:   00 00 00 e8 fa fa ff ff 83 45 94 01 8b 45 94 3b 


Stack slot to memory mapping:
stack at sp + 0 slots: 0x0 is NULL
stack at sp + 1 slots: 0x0000001a0601ca00 is an unknown value
stack at sp + 2 slots: 0x00007fc607793980 is pointing into the stack for thread: 0x00007fc600018800
stack at sp + 3 slots: 0x00007fc607793988 is pointing into the stack for thread: 0x00007fc600018800
stack at sp + 4 slots: 0x00007fc607793968 is pointing into the stack for thread: 0x00007fc600018800
stack at sp + 5 slots: 0x00007fc600018b48 points into unknown readable memory: 0x00007fc6068c2a60 | 60 2a 8c 06 c6 7f 00 00
stack at sp + 6 slots: 0x00007fc6077938a0 is pointing into the stack for thread: 0x00007fc600018800
stack at sp + 7 slots: 0x0000000300000003 is an unknown value


---------------  P R O C E S S  ---------------

Threads class SMR info:
_java_thread_list=0x00007fc6001a0d20, length=9, elements={
0x00007fc600018800, 0x00007fc600123800, 0x00007fc600125800, 0x00007fc60012c000,
0x00007fc60012e000, 0x00007fc600130000, 0x00007fc600132000, 0x00007fc600134000,
0x00007fc60019f800
}

Java Threads: ( => current thread )
=>0x00007fc600018800 JavaThread "main" [_thread_in_native, id=12960, stack(0x00007fc607694000,0x00007fc607795000)]
  0x00007fc600123800 JavaThread "Reference Handler" daemon [_thread_blocked, id=12971, stack(0x00007fc5cf5fd000,0x00007fc5cf6fe000)]
  0x00007fc600125800 JavaThread "Finalizer" daemon [_thread_blocked, id=12972, stack(0x00007fc5cf4fc000,0x00007fc5cf5fd000)]
  0x00007fc60012c000 JavaThread "Signal Dispatcher" daemon [_thread_blocked, id=12973, stack(0x00007fc5cee6a000,0x00007fc5cef6b000)]
  0x00007fc60012e000 JavaThread "Service Thread" daemon [_thread_blocked, id=12974, stack(0x00007fc5ced69000,0x00007fc5cee6a000)]
  0x00007fc600130000 JavaThread "C2 CompilerThread0" daemon [_thread_blocked, id=12975, stack(0x00007fc5cec68000,0x00007fc5ced69000)]
  0x00007fc600132000 JavaThread "C1 CompilerThread0" daemon [_thread_in_native, id=12976, stack(0x00007fc5ceb67000,0x00007fc5cec68000)]
  0x00007fc600134000 JavaThread "Sweeper thread" daemon [_thread_blocked, id=12977, stack(0x00007fc5cea66000,0x00007fc5ceb67000)]
  0x00007fc60019f800 JavaThread "Common-Cleaner" daemon [_thread_blocked, id=12979, stack(0x00007fc5ce863000,0x00007fc5ce964000)]

Other Threads:
  0x00007fc600120800 VMThread "VM Thread" [stack: 0x00007fc5cf700000,0x00007fc5cf800000] [id=12970]
  0x00007fc60019d000 WatcherThread [stack: 0x00007fc5ce966000,0x00007fc5cea66000] [id=12978]
  0x00007fc600031000 GCTaskThread "GC Thread#0" [stack: 0x00007fc5e7e4d000,0x00007fc5e7f4d000] [id=12965]
  0x00007fc600062000 ConcurrentGCThread "G1 Main Marker" [stack: 0x00007fc5e4b1c000,0x00007fc5e4c1c000] [id=12966]
  0x00007fc600064000 ConcurrentGCThread "G1 Conc#0" [stack: 0x00007fc5e4a1a000,0x00007fc5e4b1a000] [id=12967]
  0x00007fc6000ed000 ConcurrentGCThread "G1 Refine#0" [stack: 0x00007fc5e4110000,0x00007fc5e4210000] [id=12968]
  0x00007fc6000ee800 ConcurrentGCThread "G1 Young RemSet Sampling" [stack: 0x00007fc5e400e000,0x00007fc5e410e000] [id=12969]

Threads with active compile tasks:
C1 CompilerThread0     62  179       3       jdk.internal.org.objectweb.asm.Frame::execute (2264 bytes)

VM state:not at safepoint (normal execution)

VM Mutex/Monitor currently owned by a thread: None

Heap address: 0x0000000085600000, size: 1962 MB, Compressed Oops mode: 32-bit
Narrow klass base: 0x0000000800000000, Narrow klass shift: 3
Compressed class space size: 1073741824 Address: 0x0000000840000000

Heap:
 garbage-first heap   total 129024K, used 1736K [0x0000000085600000, 0x0000000100000000)
  region size 1024K, 2 young (2048K), 0 survivors (0K)
 Metaspace       used 384K, capacity 4520K, committed 4864K, reserved 1056768K
  class space    used 30K, capacity 399K, committed 512K, reserved 1048576K
Heap Regions: E=young(eden), S=young(survivor), O=old, HS=humongous(starts), HC=humongous(continues), CS=collection set, F=free, A=archive, TAMS=top-at-mark-start (previous, next)
|   0|0x0000000085600000, 0x0000000085600000, 0x0000000085700000|  0%| F|  |TAMS 0x0000000085600000, 0x0000000085600000| Untracked 
|   1|0x0000000085700000, 0x0000000085700000, 0x0000000085800000|  0%| F|  |TAMS 0x0000000085700000, 0x0000000085700000| Untracked 
|   2|0x0000000085800000, 0x0000000085800000, 0x0000000085900000|  0%| F|  |TAMS 0x0000000085800000, 0x0000000085800000| Untracked 
|   3|0x0000000085900000, 0x0000000085900000, 0x0000000085a00000|  0%| F|  |TAMS 0x0000000085900000, 0x0000000085900000| Untracked 
|   4|0x0000000085a00000, 0x0000000085a00000, 0x0000000085b00000|  0%| F|  |TAMS 0x0000000085a00000, 0x0000000085a00000| Untracked 
|   5|0x0000000085b00000, 0x0000000085b00000, 0x0000000085c00000|  0%| F|  |TAMS 0x0000000085b00000, 0x0000000085b00000| Untracked 
|   6|0x0000000085c00000, 0x0000000085c00000, 0x0000000085d00000|  0%| F|  |TAMS 0x0000000085c00000, 0x0000000085c00000| Untracked 
|   7|0x0000000085d00000, 0x0000000085d00000, 0x0000000085e00000|  0%| F|  |TAMS 0x0000000085d00000, 0x0000000085d00000| Untracked 
|   8|0x0000000085e00000, 0x0000000085e00000, 0x0000000085f00000|  0%| F|  |TAMS 0x0000000085e00000, 0x0000000085e00000| Untracked 
|   9|0x0000000085f00000, 0x0000000085f00000, 0x0000000086000000|  0%| F|  |TAMS 0x0000000085f00000, 0x0000000085f00000| Untracked 
|  10|0x0000000086000000, 0x0000000086000000, 0x0000000086100000|  0%| F|  |TAMS 0x0000000086000000, 0x0000000086000000| Untracked 
|  11|0x0000000086100000, 0x0000000086100000, 0x0000000086200000|  0%| F|  |TAMS 0x0000000086100000, 0x0000000086100000| Untracked 
|  12|0x0000000086200000, 0x0000000086200000, 0x0000000086300000|  0%| F|  |TAMS 0x0000000086200000, 0x0000000086200000| Untracked 
|  13|0x0000000086300000, 0x0000000086300000, 0x0000000086400000|  0%| F|  |TAMS 0x0000000086300000, 0x0000000086300000| Untracked 
|  14|0x0000000086400000, 0x0000000086400000, 0x0000000086500000|  0%| F|  |TAMS 0x0000000086400000, 0x0000000086400000| Untracked 
|  15|0x0000000086500000, 0x0000000086500000, 0x0000000086600000|  0%| F|  |TAMS 0x0000000086500000, 0x0000000086500000| Untracked 
|  16|0x0000000086600000, 0x0000000086600000, 0x0000000086700000|  0%| F|  |TAMS 0x0000000086600000, 0x0000000086600000| Untracked 
|  17|0x0000000086700000, 0x0000000086700000, 0x0000000086800000|  0%| F|  |TAMS 0x0000000086700000, 0x0000000086700000| Untracked 
|  18|0x0000000086800000, 0x0000000086800000, 0x0000000086900000|  0%| F|  |TAMS 0x0000000086800000, 0x0000000086800000| Untracked 
|  19|0x0000000086900000, 0x0000000086900000, 0x0000000086a00000|  0%| F|  |TAMS 0x0000000086900000, 0x0000000086900000| Untracked 
|  20|0x0000000086a00000, 0x0000000086a00000, 0x0000000086b00000|  0%| F|  |TAMS 0x0000000086a00000, 0x0000000086a00000| Untracked 
|  21|0x0000000086b00000, 0x0000000086b00000, 0x0000000086c00000|  0%| F|  |TAMS 0x0000000086b00000, 0x0000000086b00000| Untracked 
|  22|0x0000000086c00000, 0x0000000086c00000, 0x0000000086d00000|  0%| F|  |TAMS 0x0000000086c00000, 0x0000000086c00000| Untracked 
|  23|0x0000000086d00000, 0x0000000086d00000, 0x0000000086e00000|  0%| F|  |TAMS 0x0000000086d00000, 0x0000000086d00000| Untracked 
|  24|0x0000000086e00000, 0x0000000086e00000, 0x0000000086f00000|  0%| F|  |TAMS 0x0000000086e00000, 0x0000000086e00000| Untracked 
|  25|0x0000000086f00000, 0x0000000086f00000, 0x0000000087000000|  0%| F|  |TAMS 0x0000000086f00000, 0x0000000086f00000| Untracked 
|  26|0x0000000087000000, 0x0000000087000000, 0x0000000087100000|  0%| F|  |TAMS 0x0000000087000000, 0x0000000087000000| Untracked 
|  27|0x0000000087100000, 0x0000000087100000, 0x0000000087200000|  0%| F|  |TAMS 0x0000000087100000, 0x0000000087100000| Untracked 
|  28|0x0000000087200000, 0x0000000087200000, 0x0000000087300000|  0%| F|  |TAMS 0x0000000087200000, 0x0000000087200000| Untracked 
|  29|0x0000000087300000, 0x0000000087300000, 0x0000000087400000|  0%| F|  |TAMS 0x0000000087300000, 0x0000000087300000| Untracked 
|  30|0x0000000087400000, 0x0000000087400000, 0x0000000087500000|  0%| F|  |TAMS 0x0000000087400000, 0x0000000087400000| Untracked 
|  31|0x0000000087500000, 0x0000000087500000, 0x0000000087600000|  0%| F|  |TAMS 0x0000000087500000, 0x0000000087500000| Untracked 
|  32|0x0000000087600000, 0x0000000087600000, 0x0000000087700000|  0%| F|  |TAMS 0x0000000087600000, 0x0000000087600000| Untracked 
|  33|0x0000000087700000, 0x0000000087700000, 0x0000000087800000|  0%| F|  |TAMS 0x0000000087700000, 0x0000000087700000| Untracked 
|  34|0x0000000087800000, 0x0000000087800000, 0x0000000087900000|  0%| F|  |TAMS 0x0000000087800000, 0x0000000087800000| Untracked 
|  35|0x0000000087900000, 0x0000000087900000, 0x0000000087a00000|  0%| F|  |TAMS 0x0000000087900000, 0x0000000087900000| Untracked 
|  36|0x0000000087a00000, 0x0000000087a00000, 0x0000000087b00000|  0%| F|  |TAMS 0x0000000087a00000, 0x0000000087a00000| Untracked 
|  37|0x0000000087b00000, 0x0000000087b00000, 0x0000000087c00000|  0%| F|  |TAMS 0x0000000087b00000, 0x0000000087b00000| Untracked 
|  38|0x0000000087c00000, 0x0000000087c00000, 0x0000000087d00000|  0%| F|  |TAMS 0x0000000087c00000, 0x0000000087c00000| Untracked 
|  39|0x0000000087d00000, 0x0000000087d00000, 0x0000000087e00000|  0%| F|  |TAMS 0x0000000087d00000, 0x0000000087d00000| Untracked 
|  40|0x0000000087e00000, 0x0000000087e00000, 0x0000000087f00000|  0%| F|  |TAMS 0x0000000087e00000, 0x0000000087e00000| Untracked 
|  41|0x0000000087f00000, 0x0000000087f00000, 0x0000000088000000|  0%| F|  |TAMS 0x0000000087f00000, 0x0000000087f00000| Untracked 
|  42|0x0000000088000000, 0x0000000088000000, 0x0000000088100000|  0%| F|  |TAMS 0x0000000088000000, 0x0000000088000000| Untracked 
|  43|0x0000000088100000, 0x0000000088100000, 0x0000000088200000|  0%| F|  |TAMS 0x0000000088100000, 0x0000000088100000| Untracked 
|  44|0x0000000088200000, 0x0000000088200000, 0x0000000088300000|  0%| F|  |TAMS 0x0000000088200000, 0x0000000088200000| Untracked 
|  45|0x0000000088300000, 0x0000000088300000, 0x0000000088400000|  0%| F|  |TAMS 0x0000000088300000, 0x0000000088300000| Untracked 
|  46|0x0000000088400000, 0x0000000088400000, 0x0000000088500000|  0%| F|  |TAMS 0x0000000088400000, 0x0000000088400000| Untracked 
|  47|0x0000000088500000, 0x0000000088500000, 0x0000000088600000|  0%| F|  |TAMS 0x0000000088500000, 0x0000000088500000| Untracked 
|  48|0x0000000088600000, 0x0000000088600000, 0x0000000088700000|  0%| F|  |TAMS 0x0000000088600000, 0x0000000088600000| Untracked 
|  49|0x0000000088700000, 0x0000000088700000, 0x0000000088800000|  0%| F|  |TAMS 0x0000000088700000, 0x0000000088700000| Untracked 
|  50|0x0000000088800000, 0x0000000088800000, 0x0000000088900000|  0%| F|  |TAMS 0x0000000088800000, 0x0000000088800000| Untracked 
|  51|0x0000000088900000, 0x0000000088900000, 0x0000000088a00000|  0%| F|  |TAMS 0x0000000088900000, 0x0000000088900000| Untracked 
|  52|0x0000000088a00000, 0x0000000088a00000, 0x0000000088b00000|  0%| F|  |TAMS 0x0000000088a00000, 0x0000000088a00000| Untracked 
|  53|0x0000000088b00000, 0x0000000088b00000, 0x0000000088c00000|  0%| F|  |TAMS 0x0000000088b00000, 0x0000000088b00000| Untracked 
|  54|0x0000000088c00000, 0x0000000088c00000, 0x0000000088d00000|  0%| F|  |TAMS 0x0000000088c00000, 0x0000000088c00000| Untracked 
|  55|0x0000000088d00000, 0x0000000088d00000, 0x0000000088e00000|  0%| F|  |TAMS 0x0000000088d00000, 0x0000000088d00000| Untracked 
|  56|0x0000000088e00000, 0x0000000088e00000, 0x0000000088f00000|  0%| F|  |TAMS 0x0000000088e00000, 0x0000000088e00000| Untracked 
|  57|0x0000000088f00000, 0x0000000088f00000, 0x0000000089000000|  0%| F|  |TAMS 0x0000000088f00000, 0x0000000088f00000| Untracked 
|  58|0x0000000089000000, 0x0000000089000000, 0x0000000089100000|  0%| F|  |TAMS 0x0000000089000000, 0x0000000089000000| Untracked 
|  59|0x0000000089100000, 0x0000000089100000, 0x0000000089200000|  0%| F|  |TAMS 0x0000000089100000, 0x0000000089100000| Untracked 
|  60|0x0000000089200000, 0x0000000089200000, 0x0000000089300000|  0%| F|  |TAMS 0x0000000089200000, 0x0000000089200000| Untracked 
|  61|0x0000000089300000, 0x0000000089300000, 0x0000000089400000|  0%| F|  |TAMS 0x0000000089300000, 0x0000000089300000| Untracked 
|  62|0x0000000089400000, 0x0000000089400000, 0x0000000089500000|  0%| F|  |TAMS 0x0000000089400000, 0x0000000089400000| Untracked 
|  63|0x0000000089500000, 0x0000000089500000, 0x0000000089600000|  0%| F|  |TAMS 0x0000000089500000, 0x0000000089500000| Untracked 
|  64|0x0000000089600000, 0x0000000089600000, 0x0000000089700000|  0%| F|  |TAMS 0x0000000089600000, 0x0000000089600000| Untracked 
|  65|0x0000000089700000, 0x0000000089700000, 0x0000000089800000|  0%| F|  |TAMS 0x0000000089700000, 0x0000000089700000| Untracked 
|  66|0x0000000089800000, 0x0000000089800000, 0x0000000089900000|  0%| F|  |TAMS 0x0000000089800000, 0x0000000089800000| Untracked 
|  67|0x0000000089900000, 0x0000000089900000, 0x0000000089a00000|  0%| F|  |TAMS 0x0000000089900000, 0x0000000089900000| Untracked 
|  68|0x0000000089a00000, 0x0000000089a00000, 0x0000000089b00000|  0%| F|  |TAMS 0x0000000089a00000, 0x0000000089a00000| Untracked 
|  69|0x0000000089b00000, 0x0000000089b00000, 0x0000000089c00000|  0%| F|  |TAMS 0x0000000089b00000, 0x0000000089b00000| Untracked 
|  70|0x0000000089c00000, 0x0000000089c00000, 0x0000000089d00000|  0%| F|  |TAMS 0x0000000089c00000, 0x0000000089c00000| Untracked 
|  71|0x0000000089d00000, 0x0000000089d00000, 0x0000000089e00000|  0%| F|  |TAMS 0x0000000089d00000, 0x0000000089d00000| Untracked 
|  72|0x0000000089e00000, 0x0000000089e00000, 0x0000000089f00000|  0%| F|  |TAMS 0x0000000089e00000, 0x0000000089e00000| Untracked 
|  73|0x0000000089f00000, 0x0000000089f00000, 0x000000008a000000|  0%| F|  |TAMS 0x0000000089f00000, 0x0000000089f00000| Untracked 
|  74|0x000000008a000000, 0x000000008a000000, 0x000000008a100000|  0%| F|  |TAMS 0x000000008a000000, 0x000000008a000000| Untracked 
|  75|0x000000008a100000, 0x000000008a100000, 0x000000008a200000|  0%| F|  |TAMS 0x000000008a100000, 0x000000008a100000| Untracked 
|  76|0x000000008a200000, 0x000000008a200000, 0x000000008a300000|  0%| F|  |TAMS 0x000000008a200000, 0x000000008a200000| Untracked 
|  77|0x000000008a300000, 0x000000008a300000, 0x000000008a400000|  0%| F|  |TAMS 0x000000008a300000, 0x000000008a300000| Untracked 
|  78|0x000000008a400000, 0x000000008a400000, 0x000000008a500000|  0%| F|  |TAMS 0x000000008a400000, 0x000000008a400000| Untracked 
|  79|0x000000008a500000, 0x000000008a500000, 0x000000008a600000|  0%| F|  |TAMS 0x000000008a500000, 0x000000008a500000| Untracked 
|  80|0x000000008a600000, 0x000000008a600000, 0x000000008a700000|  0%| F|  |TAMS 0x000000008a600000, 0x000000008a600000| Untracked 
|  81|0x000000008a700000, 0x000000008a700000, 0x000000008a800000|  0%| F|  |TAMS 0x000000008a700000, 0x000000008a700000| Untracked 
|  82|0x000000008a800000, 0x000000008a800000, 0x000000008a900000|  0%| F|  |TAMS 0x000000008a800000, 0x000000008a800000| Untracked 
|  83|0x000000008a900000, 0x000000008a900000, 0x000000008aa00000|  0%| F|  |TAMS 0x000000008a900000, 0x000000008a900000| Untracked 
|  84|0x000000008aa00000, 0x000000008aa00000, 0x000000008ab00000|  0%| F|  |TAMS 0x000000008aa00000, 0x000000008aa00000| Untracked 
|  85|0x000000008ab00000, 0x000000008ab00000, 0x000000008ac00000|  0%| F|  |TAMS 0x000000008ab00000, 0x000000008ab00000| Untracked 
|  86|0x000000008ac00000, 0x000000008ac00000, 0x000000008ad00000|  0%| F|  |TAMS 0x000000008ac00000, 0x000000008ac00000| Untracked 
|  87|0x000000008ad00000, 0x000000008ad00000, 0x000000008ae00000|  0%| F|  |TAMS 0x000000008ad00000, 0x000000008ad00000| Untracked 
|  88|0x000000008ae00000, 0x000000008ae00000, 0x000000008af00000|  0%| F|  |TAMS 0x000000008ae00000, 0x000000008ae00000| Untracked 
|  89|0x000000008af00000, 0x000000008af00000, 0x000000008b000000|  0%| F|  |TAMS 0x000000008af00000, 0x000000008af00000| Untracked 
|  90|0x000000008b000000, 0x000000008b000000, 0x000000008b100000|  0%| F|  |TAMS 0x000000008b000000, 0x000000008b000000| Untracked 
|  91|0x000000008b100000, 0x000000008b100000, 0x000000008b200000|  0%| F|  |TAMS 0x000000008b100000, 0x000000008b100000| Untracked 
|  92|0x000000008b200000, 0x000000008b200000, 0x000000008b300000|  0%| F|  |TAMS 0x000000008b200000, 0x000000008b200000| Untracked 
|  93|0x000000008b300000, 0x000000008b300000, 0x000000008b400000|  0%| F|  |TAMS 0x000000008b300000, 0x000000008b300000| Untracked 
|  94|0x000000008b400000, 0x000000008b400000, 0x000000008b500000|  0%| F|  |TAMS 0x000000008b400000, 0x000000008b400000| Untracked 
|  95|0x000000008b500000, 0x000000008b500000, 0x000000008b600000|  0%| F|  |TAMS 0x000000008b500000, 0x000000008b500000| Untracked 
|  96|0x000000008b600000, 0x000000008b600000, 0x000000008b700000|  0%| F|  |TAMS 0x000000008b600000, 0x000000008b600000| Untracked 
|  97|0x000000008b700000, 0x000000008b700000, 0x000000008b800000|  0%| F|  |TAMS 0x000000008b700000, 0x000000008b700000| Untracked 
|  98|0x000000008b800000, 0x000000008b800000, 0x000000008b900000|  0%| F|  |TAMS 0x000000008b800000, 0x000000008b800000| Untracked 
|  99|0x000000008b900000, 0x000000008b900000, 0x000000008ba00000|  0%| F|  |TAMS 0x000000008b900000, 0x000000008b900000| Untracked 
| 100|0x000000008ba00000, 0x000000008ba00000, 0x000000008bb00000|  0%| F|  |TAMS 0x000000008ba00000, 0x000000008ba00000| Untracked 
| 101|0x000000008bb00000, 0x000000008bb00000, 0x000000008bc00000|  0%| F|  |TAMS 0x000000008bb00000, 0x000000008bb00000| Untracked 
| 102|0x000000008bc00000, 0x000000008bc00000, 0x000000008bd00000|  0%| F|  |TAMS 0x000000008bc00000, 0x000000008bc00000| Untracked 
| 103|0x000000008bd00000, 0x000000008bd00000, 0x000000008be00000|  0%| F|  |TAMS 0x000000008bd00000, 0x000000008bd00000| Untracked 
| 104|0x000000008be00000, 0x000000008be00000, 0x000000008bf00000|  0%| F|  |TAMS 0x000000008be00000, 0x000000008be00000| Untracked 
| 105|0x000000008bf00000, 0x000000008bf00000, 0x000000008c000000|  0%| F|  |TAMS 0x000000008bf00000, 0x000000008bf00000| Untracked 
| 106|0x000000008c000000, 0x000000008c000000, 0x000000008c100000|  0%| F|  |TAMS 0x000000008c000000, 0x000000008c000000| Untracked 
| 107|0x000000008c100000, 0x000000008c100000, 0x000000008c200000|  0%| F|  |TAMS 0x000000008c100000, 0x000000008c100000| Untracked 
| 108|0x000000008c200000, 0x000000008c200000, 0x000000008c300000|  0%| F|  |TAMS 0x000000008c200000, 0x000000008c200000| Untracked 
| 109|0x000000008c300000, 0x000000008c300000, 0x000000008c400000|  0%| F|  |TAMS 0x000000008c300000, 0x000000008c300000| Untracked 
| 110|0x000000008c400000, 0x000000008c400000, 0x000000008c500000|  0%| F|  |TAMS 0x000000008c400000, 0x000000008c400000| Untracked 
| 111|0x000000008c500000, 0x000000008c500000, 0x000000008c600000|  0%| F|  |TAMS 0x000000008c500000, 0x000000008c500000| Untracked 
| 112|0x000000008c600000, 0x000000008c600000, 0x000000008c700000|  0%| F|  |TAMS 0x000000008c600000, 0x000000008c600000| Untracked 
| 113|0x000000008c700000, 0x000000008c700000, 0x000000008c800000|  0%| F|  |TAMS 0x000000008c700000, 0x000000008c700000| Untracked 
| 114|0x000000008c800000, 0x000000008c800000, 0x000000008c900000|  0%| F|  |TAMS 0x000000008c800000, 0x000000008c800000| Untracked 
| 115|0x000000008c900000, 0x000000008c900000, 0x000000008ca00000|  0%| F|  |TAMS 0x000000008c900000, 0x000000008c900000| Untracked 
| 116|0x000000008ca00000, 0x000000008ca00000, 0x000000008cb00000|  0%| F|  |TAMS 0x000000008ca00000, 0x000000008ca00000| Untracked 
| 117|0x000000008cb00000, 0x000000008cb00000, 0x000000008cc00000|  0%| F|  |TAMS 0x000000008cb00000, 0x000000008cb00000| Untracked 
| 118|0x000000008cc00000, 0x000000008cc00000, 0x000000008cd00000|  0%| F|  |TAMS 0x000000008cc00000, 0x000000008cc00000| Untracked 
| 119|0x000000008cd00000, 0x000000008cd00000, 0x000000008ce00000|  0%| F|  |TAMS 0x000000008cd00000, 0x000000008cd00000| Untracked 
| 120|0x000000008ce00000, 0x000000008ce00000, 0x000000008cf00000|  0%| F|  |TAMS 0x000000008ce00000, 0x000000008ce00000| Untracked 
| 121|0x000000008cf00000, 0x000000008cf00000, 0x000000008d000000|  0%| F|  |TAMS 0x000000008cf00000, 0x000000008cf00000| Untracked 
| 122|0x000000008d000000, 0x000000008d07b648, 0x000000008d100000| 48%| E|  |TAMS 0x000000008d000000, 0x000000008d000000| Complete 
| 123|0x000000008d100000, 0x000000008d200000, 0x000000008d200000|100%| E|CS|TAMS 0x000000008d100000, 0x000000008d100000| Complete 
|1960|0x00000000ffe00000, 0x00000000ffe47000, 0x00000000fff00000| 27%|OA|  |TAMS 0x00000000ffe00000, 0x00000000ffe00000| Untracked 
|1961|0x00000000fff00000, 0x00000000fff6b000, 0x0000000100000000| 41%|CA|  |TAMS 0x00000000fff00000, 0x00000000fff00000| Untracked 

Card table byte_map: [0x00007fc5e6e99000,0x00007fc5e726e000] _byte_map_base: 0x00007fc5e6a6e000

Marking Bits (Prev, Next): (CMBitMap*) 0x00007fc600059908, (CMBitMap*) 0x00007fc600059940
 Prev Bits: [0x00007fc5e4c1c000, 0x00007fc5e6ac4000)
 Next Bits: [0x00007fc5de158000, 0x00007fc5e0000000)

Polling page: 0x00007fc6077b4000

Metaspace:

Usage:
  Non-class:      4,02 MB capacity,   354,11 KB (  9%) used,     3,68 MB ( 91%) free+waste,     1,44 KB ( <1%) overhead. 
      Class:    399,00 KB capacity,    30,23 KB (  8%) used,   367,83 KB ( 92%) free+waste,   960 bytes ( <1%) overhead. 
       Both:      4,41 MB capacity,   384,34 KB (  9%) used,     4,04 MB ( 91%) free+waste,     2,38 KB ( <1%) overhead. 

Virtual space:
  Non-class space:        8,00 MB reserved,       4,25 MB ( 53%) committed 
      Class space:        1,00 GB reserved,     512,00 KB ( <1%) committed 
             Both:        1,01 GB reserved,       4,75 MB ( <1%) committed 

Chunk freelists:
   Non-Class:  0 bytes
       Class:  0 bytes
        Both:  0 bytes

MaxMetaspaceSize: unlimited
CompressedClassSpaceSize: 1,00 GB

CodeHeap 'non-profiled nmethods': size=120032Kb used=52Kb max_used=52Kb free=119979Kb
 bounds [0x00007fc5efb00000, 0x00007fc5efd70000, 0x00007fc5f7038000]
CodeHeap 'profiled nmethods': size=120028Kb used=199Kb max_used=199Kb free=119828Kb
 bounds [0x00007fc5e85c9000, 0x00007fc5e8839000, 0x00007fc5efb00000]
CodeHeap 'non-nmethods': size=5700Kb used=1019Kb max_used=1031Kb free=4680Kb
 bounds [0x00007fc5e8038000, 0x00007fc5e82a8000, 0x00007fc5e85c9000]
 total_blobs=469 nmethods=176 adapters=206
 compilation: enabled
              stopped_count=0, restarted_count=0
 full_count=0

Compilation events (20 events):
Event: 0,057 Thread 0x00007fc600132000 nmethod 157 0x00007fc5e85f6690 code [0x00007fc5e85f6840, 0x00007fc5e85f6a10]
Event: 0,057 Thread 0x00007fc600132000  160       3       java.util.Arrays::copyOf (40 bytes)
Event: 0,058 Thread 0x00007fc600132000 nmethod 160 0x00007fc5e85f6a90 code [0x00007fc5e85f6ca0, 0x00007fc5e85f7360]
Event: 0,058 Thread 0x00007fc600132000  168       3       java.lang.invoke.LambdaForm$Name::useCount (42 bytes)
Event: 0,058 Thread 0x00007fc600132000 nmethod 168 0x00007fc5e85f7590 code [0x00007fc5e85f7760, 0x00007fc5e85f7a70]
Event: 0,058 Thread 0x00007fc600132000  165       3       java.util.ImmutableCollections$ListN::get (7 bytes)
Event: 0,058 Thread 0x00007fc600132000 nmethod 165 0x00007fc5e85f7b90 code [0x00007fc5e85f7d40, 0x00007fc5e85f7e70]
Event: 0,058 Thread 0x00007fc600132000  161       3       java.util.AbstractCollection::<init> (5 bytes)
Event: 0,058 Thread 0x00007fc600132000 nmethod 161 0x00007fc5e85f7f10 code [0x00007fc5e85f80c0, 0x00007fc5e85f8230]
Event: 0,058 Thread 0x00007fc600132000  172       3       java.util.ImmutableCollections$ListN::size (6 bytes)
Event: 0,058 Thread 0x00007fc600132000 nmethod 172 0x00007fc5e85f8310 code [0x00007fc5e85f84c0, 0x00007fc5e85f85f0]
Event: 0,058 Thread 0x00007fc600132000  170       3       java.lang.StringBuilder::append (8 bytes)
Event: 0,058 Thread 0x00007fc600132000 nmethod 170 0x00007fc5e85f8690 code [0x00007fc5e85f8840, 0x00007fc5e85f89a0]
Event: 0,058 Thread 0x00007fc600132000  176       3       java.util.Arrays::equals (57 bytes)
Event: 0,058 Thread 0x00007fc600132000 nmethod 176 0x00007fc5e85f8a90 code [0x00007fc5e85f8c80, 0x00007fc5e85f91e0]
Event: 0,058 Thread 0x00007fc600132000  177       3       jdk.internal.org.objectweb.asm.Item::isEqualTo (354 bytes)
Event: 0,059 Thread 0x00007fc600132000 nmethod 177 0x00007fc5e85f9390 code [0x00007fc5e85f9600, 0x00007fc5e85fa100]
Event: 0,059 Thread 0x00007fc600132000  178       3       jdk.internal.org.objectweb.asm.Frame::push (110 bytes)
Event: 0,059 Thread 0x00007fc600132000 nmethod 178 0x00007fc5e85fa410 code [0x00007fc5e85fa600, 0x00007fc5e85fab80]
Event: 0,059 Thread 0x00007fc600132000  179       3       jdk.internal.org.objectweb.asm.Frame::execute (2264 bytes)

GC Heap History (0 events):
No events

Deoptimization events (0 events):
No events

Classes redefined (0 events):
No events

Internal exceptions (0 events):
No events

Events (20 events):
Event: 0,043 Protecting memory [0x00007fc5ce863000,0x00007fc5ce867000] with protection modes 0
Event: 0,043 Executing VM operation: RevokeBias
Event: 0,043 Executing VM operation: RevokeBias done
Event: 0,048 loading class java/lang/invoke/BoundMethodHandle$Species_LL
Event: 0,048 loading class java/lang/invoke/BoundMethodHandle$Species_LL done
Event: 0,050 loading class java/lang/invoke/BoundMethodHandle$Species_LLL
Event: 0,050 loading class java/lang/invoke/BoundMethodHandle$Species_LLL done
Event: 0,051 loading class java/lang/invoke/BoundMethodHandle$Species_LLLL
Event: 0,051 loading class java/lang/invoke/BoundMethodHandle$Species_LLLL done
Event: 0,053 loading class java/lang/invoke/BoundMethodHandle$Species_LLLLL
Event: 0,053 loading class java/lang/invoke/BoundMethodHandle$Species_LLLLL done
Event: 0,054 loading class java/lang/invoke/BoundMethodHandle$Species_LLLLLL
Event: 0,054 loading class java/lang/invoke/BoundMethodHandle$Species_LLLLLL done
Event: 0,056 loading class java/lang/invoke/BoundMethodHandle$Species_LLLLLLI
Event: 0,056 loading class java/lang/invoke/BoundMethodHandle$Species_LLLLLLI done
Event: 0,057 loading class java/lang/invoke/BoundMethodHandle$Species_LLLLLLII
Event: 0,057 loading class java/lang/invoke/BoundMethodHandle$Species_LLLLLLII done
Event: 0,058 loading class java/lang/invoke/BoundMethodHandle$Species_LLLLLLIIL
Event: 0,058 loading class java/lang/invoke/BoundMethodHandle$Species_LLLLLLIIL done
Event: 0,059 Loaded shared library /home/user/Faks/5.godina/2.semestar/Java/projekt/ClassicCryptography/src/main/resources/native/libhill.so


Dynamic libraries:
85600000-8d200000 rw-p 00000000 00:00 0 
8d200000-ffe00000 ---p 00000000 00:00 0 
ffe00000-ffe47000 rw-p 01111000 08:03 1048744                            /usr/lib/jvm/java-11-openjdk-amd64/lib/server/classes.jsa
ffe47000-fff00000 rw-p 00000000 00:00 0 
fff00000-fff6b000 rw-p 010a6000 08:03 1048744                            /usr/lib/jvm/java-11-openjdk-amd64/lib/server/classes.jsa
fff6b000-100000000 rw-p 00000000 00:00 0 
800000000-800002000 rwxp 00001000 08:03 1048744                          /usr/lib/jvm/java-11-openjdk-amd64/lib/server/classes.jsa
800002000-8003b9000 rw-p 00003000 08:03 1048744                          /usr/lib/jvm/java-11-openjdk-amd64/lib/server/classes.jsa
8003b9000-800a96000 r--p 003ba000 08:03 1048744                          /usr/lib/jvm/java-11-openjdk-amd64/lib/server/classes.jsa
800a96000-800a97000 rw-p 00a97000 08:03 1048744                          /usr/lib/jvm/java-11-openjdk-amd64/lib/server/classes.jsa
800a97000-8010a5000 r--p 00a98000 08:03 1048744                          /usr/lib/jvm/java-11-openjdk-amd64/lib/server/classes.jsa
840000000-840080000 rw-p 00000000 00:00 0 
840080000-880000000 ---p 00000000 00:00 0 
560dd54d2000-560dd54d3000 r-xp 00000000 08:03 1055283                    /usr/lib/jvm/java-11-openjdk-amd64/bin/java
560dd56d3000-560dd56d4000 r--p 00001000 08:03 1055283                    /usr/lib/jvm/java-11-openjdk-amd64/bin/java
560dd56d4000-560dd56d5000 rw-p 00002000 08:03 1055283                    /usr/lib/jvm/java-11-openjdk-amd64/bin/java
560dd61f0000-560dd6211000 rw-p 00000000 00:00 0                          [heap]
7fc59c000000-7fc59c021000 rw-p 00000000 00:00 0 
7fc59c021000-7fc5a0000000 ---p 00000000 00:00 0 
7fc5a4000000-7fc5a4021000 rw-p 00000000 00:00 0 
7fc5a4021000-7fc5a8000000 ---p 00000000 00:00 0 
7fc5a8000000-7fc5a8021000 rw-p 00000000 00:00 0 
7fc5a8021000-7fc5ac000000 ---p 00000000 00:00 0 
7fc5ac000000-7fc5ac086000 rw-p 00000000 00:00 0 
7fc5ac086000-7fc5b0000000 ---p 00000000 00:00 0 
7fc5b0000000-7fc5b0211000 rw-p 00000000 00:00 0 
7fc5b0211000-7fc5b4000000 ---p 00000000 00:00 0 
7fc5b4000000-7fc5b4021000 rw-p 00000000 00:00 0 
7fc5b4021000-7fc5b8000000 ---p 00000000 00:00 0 
7fc5b8000000-7fc5b8021000 rw-p 00000000 00:00 0 
7fc5b8021000-7fc5bc000000 ---p 00000000 00:00 0 
7fc5bc000000-7fc5bc021000 rw-p 00000000 00:00 0 
7fc5bc021000-7fc5c0000000 ---p 00000000 00:00 0 
7fc5c0000000-7fc5c0021000 rw-p 00000000 00:00 0 
7fc5c0021000-7fc5c4000000 ---p 00000000 00:00 0 
7fc5c4000000-7fc5c4021000 rw-p 00000000 00:00 0 
7fc5c4021000-7fc5c8000000 ---p 00000000 00:00 0 
7fc5c8000000-7fc5c8021000 rw-p 00000000 00:00 0 
7fc5c8021000-7fc5cc000000 ---p 00000000 00:00 0 
7fc5ce661000-7fc5ce662000 r-xp 00000000 08:03 1078773                    /home/user/Faks/5.godina/2.semestar/Java/projekt/ClassicCryptography/src/main/resources/native/libhill.so
7fc5ce662000-7fc5ce861000 ---p 00001000 08:03 1078773                    /home/user/Faks/5.godina/2.semestar/Java/projekt/ClassicCryptography/src/main/resources/native/libhill.so
7fc5ce861000-7fc5ce862000 r--p 00000000 08:03 1078773                    /home/user/Faks/5.godina/2.semestar/Java/projekt/ClassicCryptography/src/main/resources/native/libhill.so
7fc5ce862000-7fc5ce863000 rw-p 00001000 08:03 1078773                    /home/user/Faks/5.godina/2.semestar/Java/projekt/ClassicCryptography/src/main/resources/native/libhill.so
7fc5ce863000-7fc5ce867000 ---p 00000000 00:00 0 
7fc5ce867000-7fc5ce964000 rw-p 00000000 00:00 0 
7fc5ce964000-7fc5ce965000 ---p 00000000 00:00 0 
7fc5ce965000-7fc5cea66000 rw-p 00000000 00:00 0 
7fc5cea66000-7fc5cea6a000 ---p 00000000 00:00 0 
7fc5cea6a000-7fc5ceb67000 rw-p 00000000 00:00 0 
7fc5ceb67000-7fc5ceb6b000 ---p 00000000 00:00 0 
7fc5ceb6b000-7fc5cec68000 rw-p 00000000 00:00 0 
7fc5cec68000-7fc5cec6c000 ---p 00000000 00:00 0 
7fc5cec6c000-7fc5ced69000 rw-p 00000000 00:00 0 
7fc5ced69000-7fc5ced6d000 ---p 00000000 00:00 0 
7fc5ced6d000-7fc5cee6a000 rw-p 00000000 00:00 0 
7fc5cee6a000-7fc5cee6e000 ---p 00000000 00:00 0 
7fc5cee6e000-7fc5cef6b000 rw-p 00000000 00:00 0 
7fc5cef6b000-7fc5cf4fc000 r--p 00000000 08:03 1050494                    /usr/lib/locale/locale-archive
7fc5cf4fc000-7fc5cf500000 ---p 00000000 00:00 0 
7fc5cf500000-7fc5cf5fd000 rw-p 00000000 00:00 0 
7fc5cf5fd000-7fc5cf601000 ---p 00000000 00:00 0 
7fc5cf601000-7fc5cf6fe000 rw-p 00000000 00:00 0 
7fc5cf6fe000-7fc5cf6ff000 ---p 00000000 00:00 0 
7fc5cf6ff000-7fc5cfc40000 rw-p 00000000 00:00 0 
7fc5cfc40000-7fc5d0000000 ---p 00000000 00:00 0 
7fc5d0000000-7fc5d0021000 rw-p 00000000 00:00 0 
7fc5d0021000-7fc5d4000000 ---p 00000000 00:00 0 
7fc5d4000000-7fc5d4021000 rw-p 00000000 00:00 0 
7fc5d4021000-7fc5d8000000 ---p 00000000 00:00 0 
7fc5d8000000-7fc5d8021000 rw-p 00000000 00:00 0 
7fc5d8021000-7fc5dc000000 ---p 00000000 00:00 0 
7fc5dc07c000-7fc5de348000 rw-p 00000000 00:00 0 
7fc5de348000-7fc5dfff8000 ---p 00000000 00:00 0 
7fc5dfff8000-7fc5e0000000 rw-p 00000000 00:00 0 
7fc5e0000000-7fc5e0021000 rw-p 00000000 00:00 0 
7fc5e0021000-7fc5e4000000 ---p 00000000 00:00 0 
7fc5e400c000-7fc5e400d000 ---p 00000000 00:00 0 
7fc5e400d000-7fc5e410e000 rw-p 00000000 00:00 0 
7fc5e410e000-7fc5e410f000 ---p 00000000 00:00 0 
7fc5e410f000-7fc5e4a18000 rw-p 00000000 00:00 0 
7fc5e4a18000-7fc5e4a19000 ---p 00000000 00:00 0 
7fc5e4a19000-7fc5e4b1a000 rw-p 00000000 00:00 0 
7fc5e4b1a000-7fc5e4b1b000 ---p 00000000 00:00 0 
7fc5e4b1b000-7fc5e4e0c000 rw-p 00000000 00:00 0 
7fc5e4e0c000-7fc5e6abc000 ---p 00000000 00:00 0 
7fc5e6abc000-7fc5e6b02000 rw-p 00000000 00:00 0 
7fc5e6b02000-7fc5e6e98000 ---p 00000000 00:00 0 
7fc5e6e98000-7fc5e6ed7000 rw-p 00000000 00:00 0 
7fc5e6ed7000-7fc5e726d000 ---p 00000000 00:00 0 
7fc5e726d000-7fc5e72ac000 rw-p 00000000 00:00 0 
7fc5e72ac000-7fc5e7642000 ---p 00000000 00:00 0 
7fc5e7642000-7fc5e7e4b000 rw-p 00000000 00:00 0 
7fc5e7e4b000-7fc5e7e4c000 ---p 00000000 00:00 0 
7fc5e7e4c000-7fc5e7f52000 rw-p 00000000 00:00 0 
7fc5e7f52000-7fc5e8038000 ---p 00000000 00:00 0 
7fc5e8038000-7fc5e82a8000 rwxp 00000000 00:00 0 
7fc5e82a8000-7fc5e85c9000 ---p 00000000 00:00 0 
7fc5e85c9000-7fc5e8839000 rwxp 00000000 00:00 0 
7fc5e8839000-7fc5efb00000 ---p 00000000 00:00 0 
7fc5efb00000-7fc5efd70000 rwxp 00000000 00:00 0 
7fc5efd70000-7fc5f7038000 ---p 00000000 00:00 0 
7fc5f7038000-7fc5f703f000 r-xp 00000000 08:03 1056644                    /usr/lib/jvm/java-11-openjdk-amd64/lib/libzip.so
7fc5f703f000-7fc5f723e000 ---p 00007000 08:03 1056644                    /usr/lib/jvm/java-11-openjdk-amd64/lib/libzip.so
7fc5f723e000-7fc5f723f000 r--p 00006000 08:03 1056644                    /usr/lib/jvm/java-11-openjdk-amd64/lib/libzip.so
7fc5f723f000-7fc5f7240000 rw-p 00007000 08:03 1056644                    /usr/lib/jvm/java-11-openjdk-amd64/lib/libzip.so
7fc5f7240000-7fc5f724b000 r-xp 00000000 08:03 267275                     /lib/x86_64-linux-gnu/libnss_files-2.27.so
7fc5f724b000-7fc5f744a000 ---p 0000b000 08:03 267275                     /lib/x86_64-linux-gnu/libnss_files-2.27.so
7fc5f744a000-7fc5f744b000 r--p 0000a000 08:03 267275                     /lib/x86_64-linux-gnu/libnss_files-2.27.so
7fc5f744b000-7fc5f744c000 rw-p 0000b000 08:03 267275                     /lib/x86_64-linux-gnu/libnss_files-2.27.so
7fc5f744c000-7fc5f7452000 rw-p 00000000 00:00 0 
7fc5f7452000-7fc5f7469000 r-xp 00000000 08:03 267268                     /lib/x86_64-linux-gnu/libnsl-2.27.so
7fc5f7469000-7fc5f7668000 ---p 00017000 08:03 267268                     /lib/x86_64-linux-gnu/libnsl-2.27.so
7fc5f7668000-7fc5f7669000 r--p 00016000 08:03 267268                     /lib/x86_64-linux-gnu/libnsl-2.27.so
7fc5f7669000-7fc5f766a000 rw-p 00017000 08:03 267268                     /lib/x86_64-linux-gnu/libnsl-2.27.so
7fc5f766a000-7fc5f766c000 rw-p 00000000 00:00 0 
7fc5f766c000-7fc5f7677000 r-xp 00000000 08:03 267291                     /lib/x86_64-linux-gnu/libnss_nis-2.27.so
7fc5f7677000-7fc5f7876000 ---p 0000b000 08:03 267291                     /lib/x86_64-linux-gnu/libnss_nis-2.27.so
7fc5f7876000-7fc5f7877000 r--p 0000a000 08:03 267291                     /lib/x86_64-linux-gnu/libnss_nis-2.27.so
7fc5f7877000-7fc5f7878000 rw-p 0000b000 08:03 267291                     /lib/x86_64-linux-gnu/libnss_nis-2.27.so
7fc5f7878000-7fc600000000 r--s 00000000 08:03 1056645                    /usr/lib/jvm/java-11-openjdk-amd64/lib/modules
7fc600000000-7fc6001c8000 rw-p 00000000 00:00 0 
7fc6001c8000-7fc604000000 ---p 00000000 00:00 0 
7fc604025000-7fc604052000 rw-p 00000000 00:00 0 
7fc604052000-7fc604138000 ---p 00000000 00:00 0 
7fc604138000-7fc604140000 r-xp 00000000 08:03 267269                     /lib/x86_64-linux-gnu/libnss_compat-2.27.so
7fc604140000-7fc604340000 ---p 00008000 08:03 267269                     /lib/x86_64-linux-gnu/libnss_compat-2.27.so
7fc604340000-7fc604341000 r--p 00008000 08:03 267269                     /lib/x86_64-linux-gnu/libnss_compat-2.27.so
7fc604341000-7fc604342000 rw-p 00009000 08:03 267269                     /lib/x86_64-linux-gnu/libnss_compat-2.27.so
7fc604342000-7fc604347000 r-xp 00000000 08:03 1056623                    /usr/lib/jvm/java-11-openjdk-amd64/lib/libjimage.so
7fc604347000-7fc604546000 ---p 00005000 08:03 1056623                    /usr/lib/jvm/java-11-openjdk-amd64/lib/libjimage.so
7fc604546000-7fc604547000 r--p 00004000 08:03 1056623                    /usr/lib/jvm/java-11-openjdk-amd64/lib/libjimage.so
7fc604547000-7fc604548000 rw-p 00005000 08:03 1056623                    /usr/lib/jvm/java-11-openjdk-amd64/lib/libjimage.so
7fc604548000-7fc604570000 r-xp 00000000 08:03 1056619                    /usr/lib/jvm/java-11-openjdk-amd64/lib/libjava.so
7fc604570000-7fc604770000 ---p 00028000 08:03 1056619                    /usr/lib/jvm/java-11-openjdk-amd64/lib/libjava.so
7fc604770000-7fc604771000 r--p 00028000 08:03 1056619                    /usr/lib/jvm/java-11-openjdk-amd64/lib/libjava.so
7fc604771000-7fc604772000 rw-p 00029000 08:03 1056619                    /usr/lib/jvm/java-11-openjdk-amd64/lib/libjava.so
7fc604772000-7fc604773000 rw-p 00000000 00:00 0 
7fc604773000-7fc604780000 r-xp 00000000 08:03 1056643                    /usr/lib/jvm/java-11-openjdk-amd64/lib/libverify.so
7fc604780000-7fc60497f000 ---p 0000d000 08:03 1056643                    /usr/lib/jvm/java-11-openjdk-amd64/lib/libverify.so
7fc60497f000-7fc604981000 r--p 0000c000 08:03 1056643                    /usr/lib/jvm/java-11-openjdk-amd64/lib/libverify.so
7fc604981000-7fc604982000 rw-p 0000e000 08:03 1056643                    /usr/lib/jvm/java-11-openjdk-amd64/lib/libverify.so
7fc604982000-7fc604989000 r-xp 00000000 08:03 267306                     /lib/x86_64-linux-gnu/librt-2.27.so
7fc604989000-7fc604b88000 ---p 00007000 08:03 267306                     /lib/x86_64-linux-gnu/librt-2.27.so
7fc604b88000-7fc604b89000 r--p 00006000 08:03 267306                     /lib/x86_64-linux-gnu/librt-2.27.so
7fc604b89000-7fc604b8a000 rw-p 00007000 08:03 267306                     /lib/x86_64-linux-gnu/librt-2.27.so
7fc604b8a000-7fc604ba1000 r-xp 00000000 08:03 262233                     /lib/x86_64-linux-gnu/libgcc_s.so.1
7fc604ba1000-7fc604da0000 ---p 00017000 08:03 262233                     /lib/x86_64-linux-gnu/libgcc_s.so.1
7fc604da0000-7fc604da1000 r--p 00016000 08:03 262233                     /lib/x86_64-linux-gnu/libgcc_s.so.1
7fc604da1000-7fc604da2000 rw-p 00017000 08:03 262233                     /lib/x86_64-linux-gnu/libgcc_s.so.1
7fc604da2000-7fc604f3f000 r-xp 00000000 08:03 267211                     /lib/x86_64-linux-gnu/libm-2.27.so
7fc604f3f000-7fc60513e000 ---p 0019d000 08:03 267211                     /lib/x86_64-linux-gnu/libm-2.27.so
7fc60513e000-7fc60513f000 r--p 0019c000 08:03 267211                     /lib/x86_64-linux-gnu/libm-2.27.so
7fc60513f000-7fc605140000 rw-p 0019d000 08:03 267211                     /lib/x86_64-linux-gnu/libm-2.27.so
7fc605140000-7fc605303000 r-xp 00000000 08:03 1052506                    /usr/lib/x86_64-linux-gnu/libstdc++.so.6.0.28
7fc605303000-7fc605503000 ---p 001c3000 08:03 1052506                    /usr/lib/x86_64-linux-gnu/libstdc++.so.6.0.28
7fc605503000-7fc60550e000 r--p 001c3000 08:03 1052506                    /usr/lib/x86_64-linux-gnu/libstdc++.so.6.0.28
7fc60550e000-7fc605511000 rw-p 001ce000 08:03 1052506                    /usr/lib/x86_64-linux-gnu/libstdc++.so.6.0.28
7fc605511000-7fc605514000 rw-p 00000000 00:00 0 
7fc605514000-7fc6065fc000 r-xp 00000000 08:03 1056649                    /usr/lib/jvm/java-11-openjdk-amd64/lib/server/libjvm.so
7fc6065fc000-7fc6067fb000 ---p 010e8000 08:03 1056649                    /usr/lib/jvm/java-11-openjdk-amd64/lib/server/libjvm.so
7fc6067fb000-7fc6068bc000 r--p 010e7000 08:03 1056649                    /usr/lib/jvm/java-11-openjdk-amd64/lib/server/libjvm.so
7fc6068bc000-7fc6068f7000 rw-p 011a8000 08:03 1056649                    /usr/lib/jvm/java-11-openjdk-amd64/lib/server/libjvm.so
7fc6068f7000-7fc60694e000 rw-p 00000000 00:00 0 
7fc60694e000-7fc606968000 r-xp 00000000 08:03 267296                     /lib/x86_64-linux-gnu/libpthread-2.27.so
7fc606968000-7fc606b67000 ---p 0001a000 08:03 267296                     /lib/x86_64-linux-gnu/libpthread-2.27.so
7fc606b67000-7fc606b68000 r--p 00019000 08:03 267296                     /lib/x86_64-linux-gnu/libpthread-2.27.so
7fc606b68000-7fc606b69000 rw-p 0001a000 08:03 267296                     /lib/x86_64-linux-gnu/libpthread-2.27.so
7fc606b69000-7fc606b6d000 rw-p 00000000 00:00 0 
7fc606b6d000-7fc606b70000 r-xp 00000000 08:03 267210                     /lib/x86_64-linux-gnu/libdl-2.27.so
7fc606b70000-7fc606d6f000 ---p 00003000 08:03 267210                     /lib/x86_64-linux-gnu/libdl-2.27.so
7fc606d6f000-7fc606d70000 r--p 00002000 08:03 267210                     /lib/x86_64-linux-gnu/libdl-2.27.so
7fc606d70000-7fc606d71000 rw-p 00003000 08:03 267210                     /lib/x86_64-linux-gnu/libdl-2.27.so
7fc606d71000-7fc606d8d000 r-xp 00000000 08:03 267378                     /lib/x86_64-linux-gnu/libz.so.1.2.11
7fc606d8d000-7fc606f8c000 ---p 0001c000 08:03 267378                     /lib/x86_64-linux-gnu/libz.so.1.2.11
7fc606f8c000-7fc606f8d000 r--p 0001b000 08:03 267378                     /lib/x86_64-linux-gnu/libz.so.1.2.11
7fc606f8d000-7fc606f8e000 rw-p 0001c000 08:03 267378                     /lib/x86_64-linux-gnu/libz.so.1.2.11
7fc606f8e000-7fc607175000 r-xp 00000000 08:03 267183                     /lib/x86_64-linux-gnu/libc-2.27.so
7fc607175000-7fc607375000 ---p 001e7000 08:03 267183                     /lib/x86_64-linux-gnu/libc-2.27.so
7fc607375000-7fc607379000 r--p 001e7000 08:03 267183                     /lib/x86_64-linux-gnu/libc-2.27.so
7fc607379000-7fc60737b000 rw-p 001eb000 08:03 267183                     /lib/x86_64-linux-gnu/libc-2.27.so
7fc60737b000-7fc60737f000 rw-p 00000000 00:00 0 
7fc60737f000-7fc60738e000 r-xp 00000000 08:03 1055366                    /usr/lib/jvm/java-11-openjdk-amd64/lib/jli/libjli.so
7fc60738e000-7fc60758d000 ---p 0000f000 08:03 1055366                    /usr/lib/jvm/java-11-openjdk-amd64/lib/jli/libjli.so
7fc60758d000-7fc60758e000 r--p 0000e000 08:03 1055366                    /usr/lib/jvm/java-11-openjdk-amd64/lib/jli/libjli.so
7fc60758e000-7fc60758f000 rw-p 0000f000 08:03 1055366                    /usr/lib/jvm/java-11-openjdk-amd64/lib/jli/libjli.so
7fc60758f000-7fc6075b8000 r-xp 00000000 08:03 267177                     /lib/x86_64-linux-gnu/ld-2.27.so
7fc6075d3000-7fc607694000 rw-p 00000000 00:00 0 
7fc607694000-7fc607698000 ---p 00000000 00:00 0 
7fc607698000-7fc607797000 rw-p 00000000 00:00 0 
7fc6077a0000-7fc6077a5000 rw-p 00000000 00:00 0 
7fc6077a5000-7fc6077ac000 ---p 00000000 00:00 0 
7fc6077ac000-7fc6077b4000 rw-s 00000000 08:03 4850384                    /tmp/hsperfdata_user/12959
7fc6077b4000-7fc6077b5000 ---p 00000000 00:00 0 
7fc6077b5000-7fc6077b6000 r--p 00000000 00:00 0 
7fc6077b6000-7fc6077b8000 rw-p 00000000 00:00 0 
7fc6077b8000-7fc6077b9000 r--p 00029000 08:03 267177                     /lib/x86_64-linux-gnu/ld-2.27.so
7fc6077b9000-7fc6077ba000 rw-p 0002a000 08:03 267177                     /lib/x86_64-linux-gnu/ld-2.27.so
7fc6077ba000-7fc6077bb000 rw-p 00000000 00:00 0 
7ffc58171000-7ffc58194000 rw-p 00000000 00:00 0                          [stack]
7ffc5819c000-7ffc5819f000 r--p 00000000 00:00 0                          [vvar]
7ffc5819f000-7ffc581a0000 r-xp 00000000 00:00 0                          [vdso]
ffffffffff600000-ffffffffff601000 --xp 00000000 00:00 0                  [vsyscall]


VM Arguments:
java_command: com.java.crypto.jni.HillJni
java_class_path (initial): /home/user/Faks/5.godina/2.semestar/Java/projekt/ClassicCryptography/target/classes:/home/user/.m2/repository/org/springframework/boot/spring-boot-starter-data-jpa/2.3.12.RELEASE/spring-boot-starter-data-jpa-2.3.12.RELEASE.jar:/home/user/.m2/repository/org/springframework/boot/spring-boot-starter-aop/2.3.12.RELEASE/spring-boot-starter-aop-2.3.12.RELEASE.jar:/home/user/.m2/repository/org/springframework/spring-aop/5.2.15.RELEASE/spring-aop-5.2.15.RELEASE.jar:/home/user/.m2/repository/org/aspectj/aspectjweaver/1.9.6/aspectjweaver-1.9.6.jar:/home/user/.m2/repository/org/springframework/boot/spring-boot-starter-jdbc/2.3.12.RELEASE/spring-boot-starter-jdbc-2.3.12.RELEASE.jar:/home/user/.m2/repository/com/zaxxer/HikariCP/3.4.5/HikariCP-3.4.5.jar:/home/user/.m2/repository/org/springframework/spring-jdbc/5.2.15.RELEASE/spring-jdbc-5.2.15.RELEASE.jar:/home/user/.m2/repository/jakarta/transaction/jakarta.transaction-api/1.3.3/jakarta.transaction-api-1.3.3.jar:/home/user/.m2/repository/jakarta/persistence/jakarta.persistence-api/2.2.3/jakarta.persistence-api-2.2.3.jar:/home/user/.m2/repository/org/hibernate/hibernate-core/5.4.32.Final/hibernate-core-5.4.32.Final.jar:/home/user/.m2/repository/org/jboss/logging/jboss-logging/3.4.2.Final/jboss-logging-3.4.2.Final.jar:/home/user/.m2/repository/org/javassist/javassist/3.27.0-GA/javassist-3.27.0-GA.jar:/home/user/.m2/repository/net/bytebuddy/byte-buddy/1.10.22/byte-buddy-1.10.22.jar:/home/user/.m2/repository/antlr/antlr/2.7.7/antlr-2.7.7.jar:/home/user/.m2/repository/org/jboss/jandex/2.2.3.Final/jandex-2.2.3.Final.jar:/home/user/.m2/repository/com/fasterxml/classmate/1.5.1/classmate-1.5.1.jar:/home/user/.m2/repository/org/dom4j/dom4j/2.1.3/dom4j-2.1.3.jar:/home/user/.m2/repository/org/hibernate/common/hibernate-commons-annotations/5.1.2.Final/hibernate-commons-annotations-5.1.2.Final.jar:/home/user/.m2/repository/org/glassfish/jaxb/jaxb-runtime/2.3.4/jaxb-runtime-2.3.4.jar:/home/user/.m2/repository/org/g
Launcher Type: SUN_STANDARD

[Global flags]
     intx CICompilerCount                          = 4                                         {product} {ergonomic}
     uint ConcGCThreads                            = 2                                         {product} {ergonomic}
     uint G1ConcRefinementThreads                  = 8                                         {product} {ergonomic}
   size_t G1HeapRegionSize                         = 1048576                                   {product} {ergonomic}
    uintx GCDrainStackTargetSize                   = 64                                        {product} {ergonomic}
   size_t InitialHeapSize                          = 130023424                                 {product} {ergonomic}
   size_t MarkStackSize                            = 4194304                                   {product} {ergonomic}
   size_t MaxHeapSize                              = 2057306112                                {product} {ergonomic}
   size_t MaxNewSize                               = 1234173952                                {product} {ergonomic}
   size_t MinHeapDeltaBytes                        = 1048576                                   {product} {ergonomic}
    uintx NonNMethodCodeHeapSize                   = 5836300                                {pd product} {ergonomic}
    uintx NonProfiledCodeHeapSize                  = 122910970                              {pd product} {ergonomic}
    uintx ProfiledCodeHeapSize                     = 122910970                              {pd product} {ergonomic}
    uintx ReservedCodeCacheSize                    = 251658240                              {pd product} {ergonomic}
     bool SegmentedCodeCache                       = true                                      {product} {ergonomic}
     bool UseCompressedClassPointers               = true                                 {lp64_product} {ergonomic}
     bool UseCompressedOops                        = true                                 {lp64_product} {ergonomic}
     bool UseG1GC                                  = true                                      {product} {ergonomic}

Logging:
Log output configuration:
 #0: stdout all=warning uptime,level,tags
 #1: stderr all=off uptime,level,tags

Environment Variables:
JAVA_HOME=/usr/lib/jvm/java-11-openjdk-amd64
PATH=/usr/local/sbin:/usr/local/bin:/usr/sbin:/usr/bin:/sbin:/bin:/usr/games:/usr/local/games:/snap/bin:/home/user/.dotnet/tools
SHELL=/bin/bash
DISPLAY=:0
LANG=en_US.UTF-8

Signal Handlers:
SIGSEGV: [libjvm.so+0xe1d0a0], sa_mask[0]=11111111011111111101111111111110, sa_flags=SA_RESTART|SA_SIGINFO
SIGBUS: [libjvm.so+0xe1d0a0], sa_mask[0]=11111111011111111101111111111110, sa_flags=SA_RESTART|SA_SIGINFO
SIGFPE: [libjvm.so+0xe1d0a0], sa_mask[0]=11111111011111111101111111111110, sa_flags=SA_RESTART|SA_SIGINFO
SIGPIPE: [libjvm.so+0xb717f0], sa_mask[0]=11111111011111111101111111111110, sa_flags=SA_RESTART|SA_SIGINFO
SIGXFSZ: [libjvm.so+0xb717f0], sa_mask[0]=11111111011111111101111111111110, sa_flags=SA_RESTART|SA_SIGINFO
SIGILL: [libjvm.so+0xe1d0a0], sa_mask[0]=11111111011111111101111111111110, sa_flags=SA_RESTART|SA_SIGINFO
SIGUSR2: [libjvm.so+0xb71680], sa_mask[0]=00100000000000000000000000000000, sa_flags=SA_RESTART|SA_SIGINFO
SIGHUP: [libjvm.so+0xb71b30], sa_mask[0]=11111111011111111101111111111110, sa_flags=SA_RESTART|SA_SIGINFO
SIGINT: SIG_IGN, sa_mask[0]=00000000000000000000000000000000, sa_flags=none
SIGTERM: [libjvm.so+0xb71b30], sa_mask[0]=11111111011111111101111111111110, sa_flags=SA_RESTART|SA_SIGINFO
SIGQUIT: [libjvm.so+0xb71b30], sa_mask[0]=11111111011111111101111111111110, sa_flags=SA_RESTART|SA_SIGINFO


---------------  S Y S T E M  ---------------

OS:DISTRIB_ID=LinuxMint
DISTRIB_RELEASE=19.3
DISTRIB_CODENAME=tricia
DISTRIB_DESCRIPTION="Linux Mint 19.3 Tricia"
uname:Linux 5.4.0-52-generic #57~18.04.1-Ubuntu SMP Thu Oct 15 14:04:49 UTC 2020 x86_64
OS uptime: 0 days 2:50 hours
libc:glibc 2.27 NPTL 2.27 
rlimit (soft/hard): STACK 8192k/infinity , CORE 0k/infinity , NPROC 31068/31068 , NOFILE 1048576/1048576 , AS infinity/infinity , CPU infinity/infinity , DATA infinity/infinity , FSIZE infinity/infinity , MEMLOCK 65536k/65536k
load average:1,38 1,50 1,45

/proc/meminfo:
MemTotal:        8028268 kB
MemFree:          621644 kB
MemAvailable:    3048084 kB
Buffers:          293600 kB
Cached:          2381780 kB
SwapCached:            0 kB
Active:          5246208 kB
Inactive:        1567916 kB
Active(anon):    4136632 kB
Inactive(anon):    99284 kB
Active(file):    1109576 kB
Inactive(file):  1468632 kB
Unevictable:         708 kB
Mlocked:              64 kB
SwapTotal:       2097148 kB
SwapFree:        2097148 kB
Dirty:               580 kB
Writeback:             0 kB
AnonPages:       4140016 kB
Mapped:           834540 kB
Shmem:            101508 kB
KReclaimable:     144876 kB
Slab:             327728 kB
SReclaimable:     144876 kB
SUnreclaim:       182852 kB
KernelStack:       17352 kB
PageTables:        75216 kB
NFS_Unstable:          0 kB
Bounce:                0 kB
WritebackTmp:          0 kB
CommitLimit:     6111280 kB
Committed_AS:   13275112 kB
VmallocTotal:   34359738367 kB
VmallocUsed:       69428 kB
VmallocChunk:          0 kB
Percpu:             6240 kB
HardwareCorrupted:     0 kB
AnonHugePages:         0 kB
ShmemHugePages:        0 kB
ShmemPmdMapped:        0 kB
FileHugePages:         0 kB
FilePmdMapped:         0 kB
CmaTotal:              0 kB
CmaFree:               0 kB
HugePages_Total:       0
HugePages_Free:        0
HugePages_Rsvd:        0
HugePages_Surp:        0
Hugepagesize:       2048 kB
Hugetlb:               0 kB
DirectMap4k:      563836 kB
DirectMap2M:     7702528 kB
DirectMap1G:           0 kB

/sys/kernel/mm/transparent_hugepage/enabled:
always [madvise] never
/sys/kernel/mm/transparent_hugepage/defrag (defrag/compaction efforts parameter):
always defer defer+madvise [madvise] never

Process Memory:
Virtual Size: 4730340K (peak: 13484624K)
Resident Set Size: 37584K (peak: 37584K) (anon: 11676K, file: 25908K, shmem: 0K)
Swapped out: 0K
C-Heap outstanding allocations: 4659K

/proc/sys/kernel/threads-max (system-wide limit on the number of threads):
62137
/proc/sys/vm/max_map_count (maximum number of memory map areas a process may have):
65530
/proc/sys/kernel/pid_max (system-wide limit on number of process identifiers):
32768

container (cgroup) information:
container_type: cgroupv1
cpu_cpuset_cpus: 0-7
cpu_memory_nodes: 0
active_processor_count: 8
cpu_quota: -1
cpu_period: 100000
cpu_shares: -1
memory_limit_in_bytes: -1
memory_and_swap_limit_in_bytes: -2
memory_soft_limit_in_bytes: -1
memory_usage_in_bytes: 5633486848
memory_max_usage_in_bytes: 5638459392

Steal ticks since vm start: 0
Steal ticks percentage since vm start:  0,000

CPU:total 8 (initial active 8) (4 cores per cpu, 2 threads per core) family 6 model 158 stepping 10 microcode 0xde, cmov, cx8, fxsr, mmx, sse, sse2, sse3, ssse3, sse4.1, sse4.2, popcnt, avx, avx2, aes, clmul, erms, 3dnowpref, lzcnt, ht, tsc, tscinvbit, bmi1, bmi2, adx, fma
CPU Model and flags from /proc/cpuinfo:
model name	: Intel(R) Core(TM) i5-9300H CPU @ 2.40GHz
flags		: fpu vme de pse tsc msr pae mce cx8 apic sep mtrr pge mca cmov pat pse36 clflush dts acpi mmx fxsr sse sse2 ss ht tm pbe syscall nx pdpe1gb rdtscp lm constant_tsc art arch_perfmon pebs bts rep_good nopl xtopology nonstop_tsc cpuid aperfmperf pni pclmulqdq dtes64 monitor ds_cpl vmx est tm2 ssse3 sdbg fma cx16 xtpr pdcm pcid sse4_1 sse4_2 x2apic movbe popcnt tsc_deadline_timer aes xsave avx f16c rdrand lahf_lm abm 3dnowprefetch cpuid_fault epb invpcid_single pti ssbd ibrs ibpb stibp tpr_shadow vnmi flexpriority ept vpid ept_ad fsgsbase tsc_adjust bmi1 avx2 smep bmi2 erms invpcid mpx rdseed adx smap clflushopt intel_pt xsaveopt xsavec xgetbv1 xsaves dtherm ida arat pln pts hwp hwp_notify hwp_act_window hwp_epp md_clear flush_l1d
Online cpus:
0-7
Offline cpus:

BIOS frequency limitation:
<Not Available>
Frequency switch latency (ns):
0
Available cpu frequencies:
<Not Available>
Current governor:
powersave
Core performance/turbo boost:
<Not Available>

Memory: 4k page, physical 8028268k(621644k free), swap 2097148k(2097148k free)

vm_info: OpenJDK 64-Bit Server VM (11.0.11+9-Ubuntu-0ubuntu2.18.04) for linux-amd64 JRE (11.0.11+9-Ubuntu-0ubuntu2.18.04), built on Apr 21 2021 09:15:32 by "unknown" with gcc 8.4.0

END.
