#
# A fatal error has been detected by the Java Runtime Environment:
#
#  SIGSEGV (0xb) at pc=0x00007fdb7e8649f7, pid=13382, tid=13383
#
# JRE version: OpenJDK Runtime Environment (11.0.11+9) (build 11.0.11+9-Ubuntu-0ubuntu2.18.04)
# Java VM: OpenJDK 64-Bit Server VM (11.0.11+9-Ubuntu-0ubuntu2.18.04, mixed mode, sharing, tiered, compressed oops, g1 gc, linux-amd64)
# Problematic frame:
# C  [libhill.so+0x9f7]  Java_com_java_crypto_jni_HillJni_multiplyMatrices+0x392
#
# Core dump will be written. Default location: Core dumps may be processed with "/lib/systemd/systemd-coredump %P %u %g %s %t 9223372036854775808 %e" (or dumping to /home/user/Faks/5.godina/2.semestar/Java/projekt/ClassicCryptography/core.13382)
#
# If you would like to submit a bug report, please visit:
#   https://bugs.launchpad.net/ubuntu/+source/openjdk-lts
# The crash happened outside the Java Virtual Machine in native code.
# See problematic frame for where to report the bug.
#

---------------  S U M M A R Y ------------

Command Line: com.java.crypto.jni.HillJni

Host: Intel(R) Core(TM) i5-9300H CPU @ 2.40GHz, 8 cores, 7G, Linux Mint 19.3 Tricia
Time: Sun Jul  4 14:09:50 2021 CEST elapsed time: 0.075183 seconds (0d 0h 0m 0s)

---------------  T H R E A D  ---------------

Current thread (0x00007fdbb0018800):  JavaThread "main" [_thread_in_native, id=13383, stack(0x00007fdbb787b000,0x00007fdbb797c000)]

Stack: [0x00007fdbb787b000,0x00007fdbb797c000],  sp=0x00007fdbb797a820,  free space=1022k
Native frames: (J=compiled Java code, A=aot compiled Java code, j=interpreted, Vv=VM code, C=native code)
C  [libhill.so+0x9f7]  Java_com_java_crypto_jni_HillJni_multiplyMatrices+0x392
j  com.java.crypto.jni.HillJni.multiplyMatrices([[I[[II)[[I+0
j  com.java.crypto.jni.HillJni.main([Ljava/lang/String;)V+144
v  ~StubRoutines::call_stub
V  [libjvm.so+0x82db91]
V  [libjvm.so+0x8a25bc]
V  [libjvm.so+0x8a4658]
C  [libjli.so+0x4738]
C  [libjli.so+0x87ed]

Java frames: (J=compiled Java code, j=interpreted, Vv=VM code)
j  com.java.crypto.jni.HillJni.multiplyMatrices([[I[[II)[[I+0
j  com.java.crypto.jni.HillJni.main([Ljava/lang/String;)V+144
v  ~StubRoutines::call_stub

siginfo: si_signo: 11 (SIGSEGV), si_code: 128 (SI_KERNEL), si_addr: 0x0000000000000000

Register to memory mapping:

RAX=0x008b48ffffff6885 is an unknown value
RBX=0x00007fdbb0187af0 points into unknown readable memory: 0x00007fdbb0187b60 | 60 7b 18 b0 db 7f 00 00
RCX=0x00007fdbb0000020 points into unknown readable memory: 0x0000000200000000 | 00 00 00 00 02 00 00 00
RDX=0x0 is NULL
RSP=0x00007fdbb797a820 is pointing into the stack for thread: 0x00007fdbb0018800
RBP=0x00007fdbb797a8e0 is pointing into the stack for thread: 0x00007fdbb0018800
RSI=0x0000000000000004 is an unknown value
RDI=0x00007fdbb0187bd0 points into unknown readable memory: 0x48008b48ffffff68 | 68 ff ff ff 48 8b 00 48
R8 =0x0000000000000003 is an unknown value
R9 =0x0 is NULL
R10=0x00007fdbb00008d0 points into unknown readable memory: 0x0001000101000000 | 00 00 00 01 01 00 01 00
R11=0x0 is NULL
R12=0x0 is NULL
R13=0x00007fdb7fc00538 is pointing into metadata
R14=0x00007fdbb797a988 is pointing into the stack for thread: 0x00007fdbb0018800
R15=0x00007fdbb0018800 is a thread


Registers:
RAX=0x008b48ffffff6885, RBX=0x00007fdbb0187af0, RCX=0x00007fdbb0000020, RDX=0x0000000000000000
RSP=0x00007fdbb797a820, RBP=0x00007fdbb797a8e0, RSI=0x0000000000000004, RDI=0x00007fdbb0187bd0
R8 =0x0000000000000003, R9 =0x0000000000000000, R10=0x00007fdbb00008d0, R11=0x0000000000000000
R12=0x0000000000000000, R13=0x00007fdb7fc00538, R14=0x00007fdbb797a988, R15=0x00007fdbb0018800
RIP=0x00007fdb7e8649f7, EFLAGS=0x0000000000010202, CSGSFS=0x002b000000000033, ERR=0x0000000000000000
  TRAPNO=0x000000000000000d

Top of Stack: (sp=0x00007fdbb797a820)
0x00007fdbb797a820:   0000000000000000 0000001a00000000
0x00007fdbb797a830:   00007fdbb797a980 00007fdbb797a988
0x00007fdbb797a840:   00007fdbb797a968 00007fdbb0018b48
0x00007fdbb797a850:   00007fdb7fc00548 00000003b0018800 

Instructions: (pc=0x00007fdb7e8649f7)
0x00007fdb7e8648f7:   00 48 8b 55 d0 48 8d 1c 11 8b 55 80 48 8b b5 58
0x00007fdb7e864907:   ff ff ff 48 8b 8d 68 ff ff ff 48 89 cf ff d0 48
0x00007fdb7e864917:   89 03 48 8b 85 68 ff ff ff 48 8b 00 48 8b 80 d8
0x00007fdb7e864927:   05 00 00 8b 55 80 48 63 d2 48 8d 0c d5 00 00 00
0x00007fdb7e864937:   00 48 8b 55 d0 48 01 ca 48 8b 32 8b 55 80 48 63
0x00007fdb7e864947:   d2 48 8d 0c d5 00 00 00 00 48 8b 55 c8 48 8d 1c
0x00007fdb7e864957:   11 48 8b 8d 68 ff ff ff ba 00 00 00 00 48 89 cf
0x00007fdb7e864967:   ff d0 48 89 03 83 45 80 01 8b 45 80 3b 45 90 0f
0x00007fdb7e864977:   8c 5d ff ff ff 8b 45 90 48 98 48 c1 e0 03 48 89
0x00007fdb7e864987:   c7 e8 03 fc ff ff 48 89 45 d8 8b 45 98 48 98 48
0x00007fdb7e864997:   c1 e0 03 48 89 c7 e8 ee fb ff ff 48 89 45 e0 8b
0x00007fdb7e8649a7:   45 90 48 98 48 c1 e0 02 48 89 c7 e8 d9 fb ff ff
0x00007fdb7e8649b7:   48 89 45 e8 c7 45 84 00 00 00 00 e9 3c 01 00 00
0x00007fdb7e8649c7:   c7 45 88 00 00 00 00 e9 20 01 00 00 8b 45 84 48
0x00007fdb7e8649d7:   98 48 8d 14 c5 00 00 00 00 48 8b 45 d8 48 01 d0
0x00007fdb7e8649e7:   48 8b 00 8b 55 88 48 63 d2 48 c1 e2 02 48 01 d0
0x00007fdb7e8649f7:   c7 00 00 00 00 00 c7 45 8c 00 00 00 00 e9 a1 00
0x00007fdb7e864a07:   00 00 8b 45 84 48 98 48 8d 14 c5 00 00 00 00 48
0x00007fdb7e864a17:   8b 45 d8 48 01 d0 48 8b 00 8b 55 88 48 63 d2 48
0x00007fdb7e864a27:   c1 e2 02 48 01 d0 8b 08 8b 45 84 48 98 48 8d 14
0x00007fdb7e864a37:   c5 00 00 00 00 48 8b 45 c8 48 01 d0 48 8b 00 8b
0x00007fdb7e864a47:   55 8c 48 63 d2 48 c1 e2 02 48 01 d0 8b 10 8b 45
0x00007fdb7e864a57:   8c 48 98 48 8d 34 c5 00 00 00 00 48 8b 45 b8 48
0x00007fdb7e864a67:   01 f0 48 8b 00 8b 75 88 48 63 f6 48 c1 e6 02 48
0x00007fdb7e864a77:   01 f0 8b 00 0f af d0 8b 45 84 48 98 48 8d 34 c5
0x00007fdb7e864a87:   00 00 00 00 48 8b 45 d8 48 01 f0 48 8b 00 8b 75
0x00007fdb7e864a97:   88 48 63 f6 48 c1 e6 02 48 01 f0 01 ca 89 10 83
0x00007fdb7e864aa7:   45 8c 01 8b 45 8c 3b 45 94 0f 8c 53 ff ff ff 8b
0x00007fdb7e864ab7:   45 84 48 98 48 8d 14 c5 00 00 00 00 48 8b 45 d8
0x00007fdb7e864ac7:   48 01 d0 48 8b 00 8b 55 88 48 63 d2 48 c1 e2 02
0x00007fdb7e864ad7:   48 01 d0 8b 00 89 c6 48 8d 3d 47 00 00 00 b8 00
0x00007fdb7e864ae7:   00 00 00 e8 91 fa ff ff 83 45 88 01 8b 45 88 3b 


Stack slot to memory mapping:
stack at sp + 0 slots: 0x0 is NULL
stack at sp + 1 slots: 0x0000001a00000000 is an unknown value
stack at sp + 2 slots: 0x00007fdbb797a980 is pointing into the stack for thread: 0x00007fdbb0018800
stack at sp + 3 slots: 0x00007fdbb797a988 is pointing into the stack for thread: 0x00007fdbb0018800
stack at sp + 4 slots: 0x00007fdbb797a968 is pointing into the stack for thread: 0x00007fdbb0018800
stack at sp + 5 slots: 0x00007fdbb0018b48 points into unknown readable memory: 0x00007fdbb6aa9a60 | 60 9a aa b6 db 7f 00 00
stack at sp + 6 slots: {method} {0x00007fdb7fc00548} 'multiplyMatrices' '([[I[[II)[[I' in 'com/java/crypto/jni/HillJni'
stack at sp + 7 slots: 0x00000003b0018800 is an unknown value


---------------  P R O C E S S  ---------------

Threads class SMR info:
_java_thread_list=0x00007fdbb0170c20, length=9, elements={
0x00007fdbb0018800, 0x00007fdbb0123800, 0x00007fdbb0125800, 0x00007fdbb012c000,
0x00007fdbb012e000, 0x00007fdbb0130000, 0x00007fdbb0132000, 0x00007fdbb0134000,
0x00007fdbb016f800
}

Java Threads: ( => current thread )
=>0x00007fdbb0018800 JavaThread "main" [_thread_in_native, id=13383, stack(0x00007fdbb787b000,0x00007fdbb797c000)]
  0x00007fdbb0123800 JavaThread "Reference Handler" daemon [_thread_blocked, id=13394, stack(0x00007fdb8c03a000,0x00007fdb8c13b000)]
  0x00007fdbb0125800 JavaThread "Finalizer" daemon [_thread_blocked, id=13395, stack(0x00007fdb7f6ff000,0x00007fdb7f800000)]
  0x00007fdbb012c000 JavaThread "Signal Dispatcher" daemon [_thread_blocked, id=13396, stack(0x00007fdb7f06d000,0x00007fdb7f16e000)]
  0x00007fdbb012e000 JavaThread "Service Thread" daemon [_thread_blocked, id=13397, stack(0x00007fdb7ef6c000,0x00007fdb7f06d000)]
  0x00007fdbb0130000 JavaThread "C2 CompilerThread0" daemon [_thread_blocked, id=13398, stack(0x00007fdb7ee6b000,0x00007fdb7ef6c000)]
  0x00007fdbb0132000 JavaThread "C1 CompilerThread0" daemon [_thread_blocked, id=13399, stack(0x00007fdb7ed6a000,0x00007fdb7ee6b000)]
  0x00007fdbb0134000 JavaThread "Sweeper thread" daemon [_thread_blocked, id=13400, stack(0x00007fdb7ec69000,0x00007fdb7ed6a000)]
  0x00007fdbb016f800 JavaThread "Common-Cleaner" daemon [_thread_blocked, id=13402, stack(0x00007fdb7ea66000,0x00007fdb7eb67000)]

Other Threads:
  0x00007fdbb0120800 VMThread "VM Thread" [stack: 0x00007fdb8c13d000,0x00007fdb8c23d000] [id=13393]
  0x00007fdbb016d000 WatcherThread [stack: 0x00007fdb7eb69000,0x00007fdb7ec69000] [id=13401]
  0x00007fdbb0031000 GCTaskThread "GC Thread#0" [stack: 0x00007fdb98059000,0x00007fdb98159000] [id=13388]
  0x00007fdbb0062000 ConcurrentGCThread "G1 Main Marker" [stack: 0x00007fdb8ee29000,0x00007fdb8ef29000] [id=13389]
  0x00007fdbb0064000 ConcurrentGCThread "G1 Conc#0" [stack: 0x00007fdb8ed27000,0x00007fdb8ee27000] [id=13390]
  0x00007fdbb00ed000 ConcurrentGCThread "G1 Refine#0" [stack: 0x00007fdb8c41d000,0x00007fdb8c51d000] [id=13391]
  0x00007fdbb00ee800 ConcurrentGCThread "G1 Young RemSet Sampling" [stack: 0x00007fdb8c31b000,0x00007fdb8c41b000] [id=13392]

Threads with active compile tasks:

VM state:not at safepoint (normal execution)

VM Mutex/Monitor currently owned by a thread: None

Heap address: 0x0000000085600000, size: 1962 MB, Compressed Oops mode: 32-bit
Narrow klass base: 0x0000000800000000, Narrow klass shift: 3
Compressed class space size: 1073741824 Address: 0x0000000840000000

Heap:
 garbage-first heap   total 129024K, used 1736K [0x0000000085600000, 0x0000000100000000)
  region size 1024K, 2 young (2048K), 0 survivors (0K)
 Metaspace       used 386K, capacity 4520K, committed 4864K, reserved 1056768K
  class space    used 30K, capacity 399K, committed 512K, reserved 1048576K
Heap Regions: E=young(eden), S=young(survivor), O=old, HS=humongous(starts), HC=humongous(continues), CS=collection set, F=free, A=archive, TAMS=top-at-mark-start (previous, next)
|   0|0x0000000085600000, 0x0000000085600000, 0x0000000085700000|  0%| F|  |TAMS 0x0000000085600000, 0x0000000085600000| Untracked 
|   1|0x0000000085700000, 0x0000000085700000, 0x0000000085800000|  0%| F|  |TAMS 0x0000000085700000, 0x0000000085700000| Untracked 
|   2|0x0000000085800000, 0x0000000085800000, 0x0000000085900000|  0%| F|  |TAMS 0x0000000085800000, 0x0000000085800000| Untracked 
|   3|0x0000000085900000, 0x0000000085900000, 0x0000000085a00000|  0%| F|  |TAMS 0x0000000085900000, 0x0000000085900000| Untracked 
|   4|0x0000000085a00000, 0x0000000085a00000, 0x0000000085b00000|  0%| F|  |TAMS 0x0000000085a00000, 0x0000000085a00000| Untracked 
|   5|0x0000000085b00000, 0x0000000085b00000, 0x0000000085c00000|  0%| F|  |TAMS 0x0000000085b00000, 0x0000000085b00000| Untracked 
|   6|0x0000000085c00000, 0x0000000085c00000, 0x0000000085d00000|  0%| F|  |TAMS 0x0000000085c00000, 0x0000000085c00000| Untracked 
|   7|0x0000000085d00000, 0x0000000085d00000, 0x0000000085e00000|  0%| F|  |TAMS 0x0000000085d00000, 0x0000000085d00000| Untracked 
|   8|0x0000000085e00000, 0x0000000085e00000, 0x0000000085f00000|  0%| F|  |TAMS 0x0000000085e00000, 0x0000000085e00000| Untracked 
|   9|0x0000000085f00000, 0x0000000085f00000, 0x0000000086000000|  0%| F|  |TAMS 0x0000000085f00000, 0x0000000085f00000| Untracked 
|  10|0x0000000086000000, 0x0000000086000000, 0x0000000086100000|  0%| F|  |TAMS 0x0000000086000000, 0x0000000086000000| Untracked 
|  11|0x0000000086100000, 0x0000000086100000, 0x0000000086200000|  0%| F|  |TAMS 0x0000000086100000, 0x0000000086100000| Untracked 
|  12|0x0000000086200000, 0x0000000086200000, 0x0000000086300000|  0%| F|  |TAMS 0x0000000086200000, 0x0000000086200000| Untracked 
|  13|0x0000000086300000, 0x0000000086300000, 0x0000000086400000|  0%| F|  |TAMS 0x0000000086300000, 0x0000000086300000| Untracked 
|  14|0x0000000086400000, 0x0000000086400000, 0x0000000086500000|  0%| F|  |TAMS 0x0000000086400000, 0x0000000086400000| Untracked 
|  15|0x0000000086500000, 0x0000000086500000, 0x0000000086600000|  0%| F|  |TAMS 0x0000000086500000, 0x0000000086500000| Untracked 
|  16|0x0000000086600000, 0x0000000086600000, 0x0000000086700000|  0%| F|  |TAMS 0x0000000086600000, 0x0000000086600000| Untracked 
|  17|0x0000000086700000, 0x0000000086700000, 0x0000000086800000|  0%| F|  |TAMS 0x0000000086700000, 0x0000000086700000| Untracked 
|  18|0x0000000086800000, 0x0000000086800000, 0x0000000086900000|  0%| F|  |TAMS 0x0000000086800000, 0x0000000086800000| Untracked 
|  19|0x0000000086900000, 0x0000000086900000, 0x0000000086a00000|  0%| F|  |TAMS 0x0000000086900000, 0x0000000086900000| Untracked 
|  20|0x0000000086a00000, 0x0000000086a00000, 0x0000000086b00000|  0%| F|  |TAMS 0x0000000086a00000, 0x0000000086a00000| Untracked 
|  21|0x0000000086b00000, 0x0000000086b00000, 0x0000000086c00000|  0%| F|  |TAMS 0x0000000086b00000, 0x0000000086b00000| Untracked 
|  22|0x0000000086c00000, 0x0000000086c00000, 0x0000000086d00000|  0%| F|  |TAMS 0x0000000086c00000, 0x0000000086c00000| Untracked 
|  23|0x0000000086d00000, 0x0000000086d00000, 0x0000000086e00000|  0%| F|  |TAMS 0x0000000086d00000, 0x0000000086d00000| Untracked 
|  24|0x0000000086e00000, 0x0000000086e00000, 0x0000000086f00000|  0%| F|  |TAMS 0x0000000086e00000, 0x0000000086e00000| Untracked 
|  25|0x0000000086f00000, 0x0000000086f00000, 0x0000000087000000|  0%| F|  |TAMS 0x0000000086f00000, 0x0000000086f00000| Untracked 
|  26|0x0000000087000000, 0x0000000087000000, 0x0000000087100000|  0%| F|  |TAMS 0x0000000087000000, 0x0000000087000000| Untracked 
|  27|0x0000000087100000, 0x0000000087100000, 0x0000000087200000|  0%| F|  |TAMS 0x0000000087100000, 0x0000000087100000| Untracked 
|  28|0x0000000087200000, 0x0000000087200000, 0x0000000087300000|  0%| F|  |TAMS 0x0000000087200000, 0x0000000087200000| Untracked 
|  29|0x0000000087300000, 0x0000000087300000, 0x0000000087400000|  0%| F|  |TAMS 0x0000000087300000, 0x0000000087300000| Untracked 
|  30|0x0000000087400000, 0x0000000087400000, 0x0000000087500000|  0%| F|  |TAMS 0x0000000087400000, 0x0000000087400000| Untracked 
|  31|0x0000000087500000, 0x0000000087500000, 0x0000000087600000|  0%| F|  |TAMS 0x0000000087500000, 0x0000000087500000| Untracked 
|  32|0x0000000087600000, 0x0000000087600000, 0x0000000087700000|  0%| F|  |TAMS 0x0000000087600000, 0x0000000087600000| Untracked 
|  33|0x0000000087700000, 0x0000000087700000, 0x0000000087800000|  0%| F|  |TAMS 0x0000000087700000, 0x0000000087700000| Untracked 
|  34|0x0000000087800000, 0x0000000087800000, 0x0000000087900000|  0%| F|  |TAMS 0x0000000087800000, 0x0000000087800000| Untracked 
|  35|0x0000000087900000, 0x0000000087900000, 0x0000000087a00000|  0%| F|  |TAMS 0x0000000087900000, 0x0000000087900000| Untracked 
|  36|0x0000000087a00000, 0x0000000087a00000, 0x0000000087b00000|  0%| F|  |TAMS 0x0000000087a00000, 0x0000000087a00000| Untracked 
|  37|0x0000000087b00000, 0x0000000087b00000, 0x0000000087c00000|  0%| F|  |TAMS 0x0000000087b00000, 0x0000000087b00000| Untracked 
|  38|0x0000000087c00000, 0x0000000087c00000, 0x0000000087d00000|  0%| F|  |TAMS 0x0000000087c00000, 0x0000000087c00000| Untracked 
|  39|0x0000000087d00000, 0x0000000087d00000, 0x0000000087e00000|  0%| F|  |TAMS 0x0000000087d00000, 0x0000000087d00000| Untracked 
|  40|0x0000000087e00000, 0x0000000087e00000, 0x0000000087f00000|  0%| F|  |TAMS 0x0000000087e00000, 0x0000000087e00000| Untracked 
|  41|0x0000000087f00000, 0x0000000087f00000, 0x0000000088000000|  0%| F|  |TAMS 0x0000000087f00000, 0x0000000087f00000| Untracked 
|  42|0x0000000088000000, 0x0000000088000000, 0x0000000088100000|  0%| F|  |TAMS 0x0000000088000000, 0x0000000088000000| Untracked 
|  43|0x0000000088100000, 0x0000000088100000, 0x0000000088200000|  0%| F|  |TAMS 0x0000000088100000, 0x0000000088100000| Untracked 
|  44|0x0000000088200000, 0x0000000088200000, 0x0000000088300000|  0%| F|  |TAMS 0x0000000088200000, 0x0000000088200000| Untracked 
|  45|0x0000000088300000, 0x0000000088300000, 0x0000000088400000|  0%| F|  |TAMS 0x0000000088300000, 0x0000000088300000| Untracked 
|  46|0x0000000088400000, 0x0000000088400000, 0x0000000088500000|  0%| F|  |TAMS 0x0000000088400000, 0x0000000088400000| Untracked 
|  47|0x0000000088500000, 0x0000000088500000, 0x0000000088600000|  0%| F|  |TAMS 0x0000000088500000, 0x0000000088500000| Untracked 
|  48|0x0000000088600000, 0x0000000088600000, 0x0000000088700000|  0%| F|  |TAMS 0x0000000088600000, 0x0000000088600000| Untracked 
|  49|0x0000000088700000, 0x0000000088700000, 0x0000000088800000|  0%| F|  |TAMS 0x0000000088700000, 0x0000000088700000| Untracked 
|  50|0x0000000088800000, 0x0000000088800000, 0x0000000088900000|  0%| F|  |TAMS 0x0000000088800000, 0x0000000088800000| Untracked 
|  51|0x0000000088900000, 0x0000000088900000, 0x0000000088a00000|  0%| F|  |TAMS 0x0000000088900000, 0x0000000088900000| Untracked 
|  52|0x0000000088a00000, 0x0000000088a00000, 0x0000000088b00000|  0%| F|  |TAMS 0x0000000088a00000, 0x0000000088a00000| Untracked 
|  53|0x0000000088b00000, 0x0000000088b00000, 0x0000000088c00000|  0%| F|  |TAMS 0x0000000088b00000, 0x0000000088b00000| Untracked 
|  54|0x0000000088c00000, 0x0000000088c00000, 0x0000000088d00000|  0%| F|  |TAMS 0x0000000088c00000, 0x0000000088c00000| Untracked 
|  55|0x0000000088d00000, 0x0000000088d00000, 0x0000000088e00000|  0%| F|  |TAMS 0x0000000088d00000, 0x0000000088d00000| Untracked 
|  56|0x0000000088e00000, 0x0000000088e00000, 0x0000000088f00000|  0%| F|  |TAMS 0x0000000088e00000, 0x0000000088e00000| Untracked 
|  57|0x0000000088f00000, 0x0000000088f00000, 0x0000000089000000|  0%| F|  |TAMS 0x0000000088f00000, 0x0000000088f00000| Untracked 
|  58|0x0000000089000000, 0x0000000089000000, 0x0000000089100000|  0%| F|  |TAMS 0x0000000089000000, 0x0000000089000000| Untracked 
|  59|0x0000000089100000, 0x0000000089100000, 0x0000000089200000|  0%| F|  |TAMS 0x0000000089100000, 0x0000000089100000| Untracked 
|  60|0x0000000089200000, 0x0000000089200000, 0x0000000089300000|  0%| F|  |TAMS 0x0000000089200000, 0x0000000089200000| Untracked 
|  61|0x0000000089300000, 0x0000000089300000, 0x0000000089400000|  0%| F|  |TAMS 0x0000000089300000, 0x0000000089300000| Untracked 
|  62|0x0000000089400000, 0x0000000089400000, 0x0000000089500000|  0%| F|  |TAMS 0x0000000089400000, 0x0000000089400000| Untracked 
|  63|0x0000000089500000, 0x0000000089500000, 0x0000000089600000|  0%| F|  |TAMS 0x0000000089500000, 0x0000000089500000| Untracked 
|  64|0x0000000089600000, 0x0000000089600000, 0x0000000089700000|  0%| F|  |TAMS 0x0000000089600000, 0x0000000089600000| Untracked 
|  65|0x0000000089700000, 0x0000000089700000, 0x0000000089800000|  0%| F|  |TAMS 0x0000000089700000, 0x0000000089700000| Untracked 
|  66|0x0000000089800000, 0x0000000089800000, 0x0000000089900000|  0%| F|  |TAMS 0x0000000089800000, 0x0000000089800000| Untracked 
|  67|0x0000000089900000, 0x0000000089900000, 0x0000000089a00000|  0%| F|  |TAMS 0x0000000089900000, 0x0000000089900000| Untracked 
|  68|0x0000000089a00000, 0x0000000089a00000, 0x0000000089b00000|  0%| F|  |TAMS 0x0000000089a00000, 0x0000000089a00000| Untracked 
|  69|0x0000000089b00000, 0x0000000089b00000, 0x0000000089c00000|  0%| F|  |TAMS 0x0000000089b00000, 0x0000000089b00000| Untracked 
|  70|0x0000000089c00000, 0x0000000089c00000, 0x0000000089d00000|  0%| F|  |TAMS 0x0000000089c00000, 0x0000000089c00000| Untracked 
|  71|0x0000000089d00000, 0x0000000089d00000, 0x0000000089e00000|  0%| F|  |TAMS 0x0000000089d00000, 0x0000000089d00000| Untracked 
|  72|0x0000000089e00000, 0x0000000089e00000, 0x0000000089f00000|  0%| F|  |TAMS 0x0000000089e00000, 0x0000000089e00000| Untracked 
|  73|0x0000000089f00000, 0x0000000089f00000, 0x000000008a000000|  0%| F|  |TAMS 0x0000000089f00000, 0x0000000089f00000| Untracked 
|  74|0x000000008a000000, 0x000000008a000000, 0x000000008a100000|  0%| F|  |TAMS 0x000000008a000000, 0x000000008a000000| Untracked 
|  75|0x000000008a100000, 0x000000008a100000, 0x000000008a200000|  0%| F|  |TAMS 0x000000008a100000, 0x000000008a100000| Untracked 
|  76|0x000000008a200000, 0x000000008a200000, 0x000000008a300000|  0%| F|  |TAMS 0x000000008a200000, 0x000000008a200000| Untracked 
|  77|0x000000008a300000, 0x000000008a300000, 0x000000008a400000|  0%| F|  |TAMS 0x000000008a300000, 0x000000008a300000| Untracked 
|  78|0x000000008a400000, 0x000000008a400000, 0x000000008a500000|  0%| F|  |TAMS 0x000000008a400000, 0x000000008a400000| Untracked 
|  79|0x000000008a500000, 0x000000008a500000, 0x000000008a600000|  0%| F|  |TAMS 0x000000008a500000, 0x000000008a500000| Untracked 
|  80|0x000000008a600000, 0x000000008a600000, 0x000000008a700000|  0%| F|  |TAMS 0x000000008a600000, 0x000000008a600000| Untracked 
|  81|0x000000008a700000, 0x000000008a700000, 0x000000008a800000|  0%| F|  |TAMS 0x000000008a700000, 0x000000008a700000| Untracked 
|  82|0x000000008a800000, 0x000000008a800000, 0x000000008a900000|  0%| F|  |TAMS 0x000000008a800000, 0x000000008a800000| Untracked 
|  83|0x000000008a900000, 0x000000008a900000, 0x000000008aa00000|  0%| F|  |TAMS 0x000000008a900000, 0x000000008a900000| Untracked 
|  84|0x000000008aa00000, 0x000000008aa00000, 0x000000008ab00000|  0%| F|  |TAMS 0x000000008aa00000, 0x000000008aa00000| Untracked 
|  85|0x000000008ab00000, 0x000000008ab00000, 0x000000008ac00000|  0%| F|  |TAMS 0x000000008ab00000, 0x000000008ab00000| Untracked 
|  86|0x000000008ac00000, 0x000000008ac00000, 0x000000008ad00000|  0%| F|  |TAMS 0x000000008ac00000, 0x000000008ac00000| Untracked 
|  87|0x000000008ad00000, 0x000000008ad00000, 0x000000008ae00000|  0%| F|  |TAMS 0x000000008ad00000, 0x000000008ad00000| Untracked 
|  88|0x000000008ae00000, 0x000000008ae00000, 0x000000008af00000|  0%| F|  |TAMS 0x000000008ae00000, 0x000000008ae00000| Untracked 
|  89|0x000000008af00000, 0x000000008af00000, 0x000000008b000000|  0%| F|  |TAMS 0x000000008af00000, 0x000000008af00000| Untracked 
|  90|0x000000008b000000, 0x000000008b000000, 0x000000008b100000|  0%| F|  |TAMS 0x000000008b000000, 0x000000008b000000| Untracked 
|  91|0x000000008b100000, 0x000000008b100000, 0x000000008b200000|  0%| F|  |TAMS 0x000000008b100000, 0x000000008b100000| Untracked 
|  92|0x000000008b200000, 0x000000008b200000, 0x000000008b300000|  0%| F|  |TAMS 0x000000008b200000, 0x000000008b200000| Untracked 
|  93|0x000000008b300000, 0x000000008b300000, 0x000000008b400000|  0%| F|  |TAMS 0x000000008b300000, 0x000000008b300000| Untracked 
|  94|0x000000008b400000, 0x000000008b400000, 0x000000008b500000|  0%| F|  |TAMS 0x000000008b400000, 0x000000008b400000| Untracked 
|  95|0x000000008b500000, 0x000000008b500000, 0x000000008b600000|  0%| F|  |TAMS 0x000000008b500000, 0x000000008b500000| Untracked 
|  96|0x000000008b600000, 0x000000008b600000, 0x000000008b700000|  0%| F|  |TAMS 0x000000008b600000, 0x000000008b600000| Untracked 
|  97|0x000000008b700000, 0x000000008b700000, 0x000000008b800000|  0%| F|  |TAMS 0x000000008b700000, 0x000000008b700000| Untracked 
|  98|0x000000008b800000, 0x000000008b800000, 0x000000008b900000|  0%| F|  |TAMS 0x000000008b800000, 0x000000008b800000| Untracked 
|  99|0x000000008b900000, 0x000000008b900000, 0x000000008ba00000|  0%| F|  |TAMS 0x000000008b900000, 0x000000008b900000| Untracked 
| 100|0x000000008ba00000, 0x000000008ba00000, 0x000000008bb00000|  0%| F|  |TAMS 0x000000008ba00000, 0x000000008ba00000| Untracked 
| 101|0x000000008bb00000, 0x000000008bb00000, 0x000000008bc00000|  0%| F|  |TAMS 0x000000008bb00000, 0x000000008bb00000| Untracked 
| 102|0x000000008bc00000, 0x000000008bc00000, 0x000000008bd00000|  0%| F|  |TAMS 0x000000008bc00000, 0x000000008bc00000| Untracked 
| 103|0x000000008bd00000, 0x000000008bd00000, 0x000000008be00000|  0%| F|  |TAMS 0x000000008bd00000, 0x000000008bd00000| Untracked 
| 104|0x000000008be00000, 0x000000008be00000, 0x000000008bf00000|  0%| F|  |TAMS 0x000000008be00000, 0x000000008be00000| Untracked 
| 105|0x000000008bf00000, 0x000000008bf00000, 0x000000008c000000|  0%| F|  |TAMS 0x000000008bf00000, 0x000000008bf00000| Untracked 
| 106|0x000000008c000000, 0x000000008c000000, 0x000000008c100000|  0%| F|  |TAMS 0x000000008c000000, 0x000000008c000000| Untracked 
| 107|0x000000008c100000, 0x000000008c100000, 0x000000008c200000|  0%| F|  |TAMS 0x000000008c100000, 0x000000008c100000| Untracked 
| 108|0x000000008c200000, 0x000000008c200000, 0x000000008c300000|  0%| F|  |TAMS 0x000000008c200000, 0x000000008c200000| Untracked 
| 109|0x000000008c300000, 0x000000008c300000, 0x000000008c400000|  0%| F|  |TAMS 0x000000008c300000, 0x000000008c300000| Untracked 
| 110|0x000000008c400000, 0x000000008c400000, 0x000000008c500000|  0%| F|  |TAMS 0x000000008c400000, 0x000000008c400000| Untracked 
| 111|0x000000008c500000, 0x000000008c500000, 0x000000008c600000|  0%| F|  |TAMS 0x000000008c500000, 0x000000008c500000| Untracked 
| 112|0x000000008c600000, 0x000000008c600000, 0x000000008c700000|  0%| F|  |TAMS 0x000000008c600000, 0x000000008c600000| Untracked 
| 113|0x000000008c700000, 0x000000008c700000, 0x000000008c800000|  0%| F|  |TAMS 0x000000008c700000, 0x000000008c700000| Untracked 
| 114|0x000000008c800000, 0x000000008c800000, 0x000000008c900000|  0%| F|  |TAMS 0x000000008c800000, 0x000000008c800000| Untracked 
| 115|0x000000008c900000, 0x000000008c900000, 0x000000008ca00000|  0%| F|  |TAMS 0x000000008c900000, 0x000000008c900000| Untracked 
| 116|0x000000008ca00000, 0x000000008ca00000, 0x000000008cb00000|  0%| F|  |TAMS 0x000000008ca00000, 0x000000008ca00000| Untracked 
| 117|0x000000008cb00000, 0x000000008cb00000, 0x000000008cc00000|  0%| F|  |TAMS 0x000000008cb00000, 0x000000008cb00000| Untracked 
| 118|0x000000008cc00000, 0x000000008cc00000, 0x000000008cd00000|  0%| F|  |TAMS 0x000000008cc00000, 0x000000008cc00000| Untracked 
| 119|0x000000008cd00000, 0x000000008cd00000, 0x000000008ce00000|  0%| F|  |TAMS 0x000000008cd00000, 0x000000008cd00000| Untracked 
| 120|0x000000008ce00000, 0x000000008ce00000, 0x000000008cf00000|  0%| F|  |TAMS 0x000000008ce00000, 0x000000008ce00000| Untracked 
| 121|0x000000008cf00000, 0x000000008cf00000, 0x000000008d000000|  0%| F|  |TAMS 0x000000008cf00000, 0x000000008cf00000| Untracked 
| 122|0x000000008d000000, 0x000000008d07b648, 0x000000008d100000| 48%| E|  |TAMS 0x000000008d000000, 0x000000008d000000| Complete 
| 123|0x000000008d100000, 0x000000008d200000, 0x000000008d200000|100%| E|CS|TAMS 0x000000008d100000, 0x000000008d100000| Complete 
|1960|0x00000000ffe00000, 0x00000000ffe47000, 0x00000000fff00000| 27%|OA|  |TAMS 0x00000000ffe00000, 0x00000000ffe00000| Untracked 
|1961|0x00000000fff00000, 0x00000000fff6b000, 0x0000000100000000| 41%|CA|  |TAMS 0x00000000fff00000, 0x00000000fff00000| Untracked 

Card table byte_map: [0x00007fdb9304e000,0x00007fdb93423000] _byte_map_base: 0x00007fdb92c23000

Marking Bits (Prev, Next): (CMBitMap*) 0x00007fdbb0059908, (CMBitMap*) 0x00007fdbb0059940
 Prev Bits: [0x00007fdb90dd1000, 0x00007fdb92c79000)
 Next Bits: [0x00007fdb8ef29000, 0x00007fdb90dd1000)

Polling page: 0x00007fdbb799b000

Metaspace:

Usage:
  Non-class:      4,02 MB capacity,   356,72 KB (  9%) used,     3,67 MB ( 91%) free+waste,     1,44 KB ( <1%) overhead. 
      Class:    399,00 KB capacity,    30,23 KB (  8%) used,   367,83 KB ( 92%) free+waste,   960 bytes ( <1%) overhead. 
       Both:      4,41 MB capacity,   386,95 KB (  9%) used,     4,03 MB ( 91%) free+waste,     2,38 KB ( <1%) overhead. 

Virtual space:
  Non-class space:        8,00 MB reserved,       4,25 MB ( 53%) committed 
      Class space:        1,00 GB reserved,     512,00 KB ( <1%) committed 
             Both:        1,01 GB reserved,       4,75 MB ( <1%) committed 

Chunk freelists:
   Non-Class:  0 bytes
       Class:  0 bytes
        Both:  0 bytes

MaxMetaspaceSize: unlimited
CompressedClassSpaceSize: 1,00 GB

CodeHeap 'non-profiled nmethods': size=120032Kb used=53Kb max_used=53Kb free=119978Kb
 bounds [0x00007fdb9fd0c000, 0x00007fdb9ff7c000, 0x00007fdba7244000]
CodeHeap 'profiled nmethods': size=120028Kb used=241Kb max_used=241Kb free=119786Kb
 bounds [0x00007fdb987d5000, 0x00007fdb98a45000, 0x00007fdb9fd0c000]
CodeHeap 'non-nmethods': size=5700Kb used=1019Kb max_used=1031Kb free=4680Kb
 bounds [0x00007fdb98244000, 0x00007fdb984b4000, 0x00007fdb987d5000]
 total_blobs=477 nmethods=184 adapters=206
 compilation: enabled
              stopped_count=0, restarted_count=0
 full_count=0

Compilation events (20 events):
Event: 0,070 Thread 0x00007fdbb0132000 nmethod 156 0x00007fdb98800e10 code [0x00007fdb98801020, 0x00007fdb988013b0]
Event: 0,070 Thread 0x00007fdbb0132000  159       3       jdk.internal.org.objectweb.asm.ByteVector::put12 (64 bytes)
Event: 0,070 Thread 0x00007fdbb0132000 nmethod 159 0x00007fdb98801590 code [0x00007fdb98801760, 0x00007fdb988019a0]
Event: 0,070 Thread 0x00007fdbb0132000  161       3       java.lang.Number::<init> (5 bytes)
Event: 0,070 Thread 0x00007fdbb0132000 nmethod 161 0x00007fdb98801b10 code [0x00007fdb98801cc0, 0x00007fdb98801e30]
Event: 0,070 Thread 0x00007fdbb0132000  162       3       java.lang.Byte::<init> (10 bytes)
Event: 0,070 Thread 0x00007fdbb0132000 nmethod 162 0x00007fdb98801f10 code [0x00007fdb988020c0, 0x00007fdb98802290]
Event: 0,070 Thread 0x00007fdbb0132000  164       3       sun.invoke.util.VerifyAccess::isTypeVisible (118 bytes)
Event: 0,071 Thread 0x00007fdbb0130000  172       4       java.lang.String::hashCode (49 bytes)
Event: 0,071 Thread 0x00007fdbb0132000 nmethod 164 0x00007fdb98802390 code [0x00007fdb98802740, 0x00007fdb98804220]
Event: 0,071 Thread 0x00007fdbb0132000  165       3       java.lang.invoke.MemberName::testAllFlags (7 bytes)
Event: 0,071 Thread 0x00007fdbb0132000 nmethod 165 0x00007fdb98804a10 code [0x00007fdb98804bc0, 0x00007fdb98804d90]
Event: 0,071 Thread 0x00007fdbb0132000  168       3       java.lang.invoke.LambdaForm$Name::initIndex (26 bytes)
Event: 0,071 Thread 0x00007fdbb0132000 nmethod 168 0x00007fdb98804e90 code [0x00007fdb98805040, 0x00007fdb988051f0]
Event: 0,071 Thread 0x00007fdbb0132000  166       3       java.lang.invoke.MemberName::initResolved (53 bytes)
Event: 0,071 Thread 0x00007fdbb0132000 nmethod 166 0x00007fdb98805290 code [0x00007fdb98805440, 0x00007fdb98805610]
Event: 0,071 Thread 0x00007fdbb0132000  170       3       java.util.AbstractCollection::<init> (5 bytes)
Event: 0,071 Thread 0x00007fdbb0132000 nmethod 170 0x00007fdb98805690 code [0x00007fdb98805840, 0x00007fdb988059b0]
Event: 0,071 Thread 0x00007fdbb0132000  173       3       jdk.internal.org.objectweb.asm.Frame::execute (2264 bytes)
Event: 0,074 Thread 0x00007fdbb0130000 nmethod 172 0x00007fdb9fd18f10 code [0x00007fdb9fd190a0, 0x00007fdb9fd192d8]

GC Heap History (0 events):
No events

Deoptimization events (0 events):
No events

Classes redefined (0 events):
No events

Internal exceptions (0 events):
No events

Events (20 events):
Event: 0,053 Protecting memory [0x00007fdb7ea66000,0x00007fdb7ea6a000] with protection modes 0
Event: 0,053 Executing VM operation: RevokeBias
Event: 0,053 Executing VM operation: RevokeBias done
Event: 0,061 loading class java/lang/invoke/BoundMethodHandle$Species_LL
Event: 0,061 loading class java/lang/invoke/BoundMethodHandle$Species_LL done
Event: 0,063 loading class java/lang/invoke/BoundMethodHandle$Species_LLL
Event: 0,063 loading class java/lang/invoke/BoundMethodHandle$Species_LLL done
Event: 0,064 loading class java/lang/invoke/BoundMethodHandle$Species_LLLL
Event: 0,065 loading class java/lang/invoke/BoundMethodHandle$Species_LLLL done
Event: 0,067 loading class java/lang/invoke/BoundMethodHandle$Species_LLLLL
Event: 0,067 loading class java/lang/invoke/BoundMethodHandle$Species_LLLLL done
Event: 0,068 loading class java/lang/invoke/BoundMethodHandle$Species_LLLLLL
Event: 0,068 loading class java/lang/invoke/BoundMethodHandle$Species_LLLLLL done
Event: 0,070 loading class java/lang/invoke/BoundMethodHandle$Species_LLLLLLI
Event: 0,070 loading class java/lang/invoke/BoundMethodHandle$Species_LLLLLLI done
Event: 0,071 loading class java/lang/invoke/BoundMethodHandle$Species_LLLLLLII
Event: 0,071 loading class java/lang/invoke/BoundMethodHandle$Species_LLLLLLII done
Event: 0,073 loading class java/lang/invoke/BoundMethodHandle$Species_LLLLLLIIL
Event: 0,073 loading class java/lang/invoke/BoundMethodHandle$Species_LLLLLLIIL done
Event: 0,075 Loaded shared library /home/user/Faks/5.godina/2.semestar/Java/projekt/ClassicCryptography/src/main/resources/native/libhill.so


Dynamic libraries:
85600000-8d200000 rw-p 00000000 00:00 0 
8d200000-ffe00000 ---p 00000000 00:00 0 
ffe00000-ffe47000 rw-p 01111000 08:03 1048744                            /usr/lib/jvm/java-11-openjdk-amd64/lib/server/classes.jsa
ffe47000-fff00000 rw-p 00000000 00:00 0 
fff00000-fff6b000 rw-p 010a6000 08:03 1048744                            /usr/lib/jvm/java-11-openjdk-amd64/lib/server/classes.jsa
fff6b000-100000000 rw-p 00000000 00:00 0 
800000000-800002000 rwxp 00001000 08:03 1048744                          /usr/lib/jvm/java-11-openjdk-amd64/lib/server/classes.jsa
800002000-8003b9000 rw-p 00003000 08:03 1048744                          /usr/lib/jvm/java-11-openjdk-amd64/lib/server/classes.jsa
8003b9000-800a96000 r--p 003ba000 08:03 1048744                          /usr/lib/jvm/java-11-openjdk-amd64/lib/server/classes.jsa
800a96000-800a97000 rw-p 00a97000 08:03 1048744                          /usr/lib/jvm/java-11-openjdk-amd64/lib/server/classes.jsa
800a97000-8010a5000 r--p 00a98000 08:03 1048744                          /usr/lib/jvm/java-11-openjdk-amd64/lib/server/classes.jsa
840000000-840080000 rw-p 00000000 00:00 0 
840080000-880000000 ---p 00000000 00:00 0 
55a910989000-55a91098a000 r-xp 00000000 08:03 1055283                    /usr/lib/jvm/java-11-openjdk-amd64/bin/java
55a910b8a000-55a910b8b000 r--p 00001000 08:03 1055283                    /usr/lib/jvm/java-11-openjdk-amd64/bin/java
55a910b8b000-55a910b8c000 rw-p 00002000 08:03 1055283                    /usr/lib/jvm/java-11-openjdk-amd64/bin/java
55a9112e3000-55a911304000 rw-p 00000000 00:00 0                          [heap]
7fdb4c000000-7fdb4c021000 rw-p 00000000 00:00 0 
7fdb4c021000-7fdb50000000 ---p 00000000 00:00 0 
7fdb54000000-7fdb54021000 rw-p 00000000 00:00 0 
7fdb54021000-7fdb58000000 ---p 00000000 00:00 0 
7fdb58000000-7fdb58021000 rw-p 00000000 00:00 0 
7fdb58021000-7fdb5c000000 ---p 00000000 00:00 0 
7fdb5c000000-7fdb5c12a000 rw-p 00000000 00:00 0 
7fdb5c12a000-7fdb60000000 ---p 00000000 00:00 0 
7fdb60000000-7fdb601aa000 rw-p 00000000 00:00 0 
7fdb601aa000-7fdb64000000 ---p 00000000 00:00 0 
7fdb64000000-7fdb64021000 rw-p 00000000 00:00 0 
7fdb64021000-7fdb68000000 ---p 00000000 00:00 0 
7fdb68000000-7fdb68021000 rw-p 00000000 00:00 0 
7fdb68021000-7fdb6c000000 ---p 00000000 00:00 0 
7fdb6c000000-7fdb6c021000 rw-p 00000000 00:00 0 
7fdb6c021000-7fdb70000000 ---p 00000000 00:00 0 
7fdb70000000-7fdb70021000 rw-p 00000000 00:00 0 
7fdb70021000-7fdb74000000 ---p 00000000 00:00 0 
7fdb74000000-7fdb74021000 rw-p 00000000 00:00 0 
7fdb74021000-7fdb78000000 ---p 00000000 00:00 0 
7fdb78000000-7fdb78021000 rw-p 00000000 00:00 0 
7fdb78021000-7fdb7c000000 ---p 00000000 00:00 0 
7fdb7e864000-7fdb7e865000 r-xp 00000000 08:03 1078776                    /home/user/Faks/5.godina/2.semestar/Java/projekt/ClassicCryptography/src/main/resources/native/libhill.so
7fdb7e865000-7fdb7ea64000 ---p 00001000 08:03 1078776                    /home/user/Faks/5.godina/2.semestar/Java/projekt/ClassicCryptography/src/main/resources/native/libhill.so
7fdb7ea64000-7fdb7ea65000 r--p 00000000 08:03 1078776                    /home/user/Faks/5.godina/2.semestar/Java/projekt/ClassicCryptography/src/main/resources/native/libhill.so
7fdb7ea65000-7fdb7ea66000 rw-p 00001000 08:03 1078776                    /home/user/Faks/5.godina/2.semestar/Java/projekt/ClassicCryptography/src/main/resources/native/libhill.so
7fdb7ea66000-7fdb7ea6a000 ---p 00000000 00:00 0 
7fdb7ea6a000-7fdb7eb67000 rw-p 00000000 00:00 0 
7fdb7eb67000-7fdb7eb68000 ---p 00000000 00:00 0 
7fdb7eb68000-7fdb7ec69000 rw-p 00000000 00:00 0 
7fdb7ec69000-7fdb7ec6d000 ---p 00000000 00:00 0 
7fdb7ec6d000-7fdb7ed6a000 rw-p 00000000 00:00 0 
7fdb7ed6a000-7fdb7ed6e000 ---p 00000000 00:00 0 
7fdb7ed6e000-7fdb7ee6b000 rw-p 00000000 00:00 0 
7fdb7ee6b000-7fdb7ee6f000 ---p 00000000 00:00 0 
7fdb7ee6f000-7fdb7ef6c000 rw-p 00000000 00:00 0 
7fdb7ef6c000-7fdb7ef70000 ---p 00000000 00:00 0 
7fdb7ef70000-7fdb7f06d000 rw-p 00000000 00:00 0 
7fdb7f06d000-7fdb7f071000 ---p 00000000 00:00 0 
7fdb7f071000-7fdb7f16e000 rw-p 00000000 00:00 0 
7fdb7f16e000-7fdb7f6ff000 r--p 00000000 08:03 1050494                    /usr/lib/locale/locale-archive
7fdb7f6ff000-7fdb7f703000 ---p 00000000 00:00 0 
7fdb7f703000-7fdb7fc40000 rw-p 00000000 00:00 0 
7fdb7fc40000-7fdb80000000 ---p 00000000 00:00 0 
7fdb80000000-7fdb80021000 rw-p 00000000 00:00 0 
7fdb80021000-7fdb84000000 ---p 00000000 00:00 0 
7fdb84000000-7fdb84021000 rw-p 00000000 00:00 0 
7fdb84021000-7fdb88000000 ---p 00000000 00:00 0 
7fdb88000000-7fdb88021000 rw-p 00000000 00:00 0 
7fdb88021000-7fdb8c000000 ---p 00000000 00:00 0 
7fdb8c03a000-7fdb8c03e000 ---p 00000000 00:00 0 
7fdb8c03e000-7fdb8c13b000 rw-p 00000000 00:00 0 
7fdb8c13b000-7fdb8c13c000 ---p 00000000 00:00 0 
7fdb8c13c000-7fdb8c319000 rw-p 00000000 00:00 0 
7fdb8c319000-7fdb8c31a000 ---p 00000000 00:00 0 
7fdb8c31a000-7fdb8c41b000 rw-p 00000000 00:00 0 
7fdb8c41b000-7fdb8c41c000 ---p 00000000 00:00 0 
7fdb8c41c000-7fdb8ed25000 rw-p 00000000 00:00 0 
7fdb8ed25000-7fdb8ed26000 ---p 00000000 00:00 0 
7fdb8ed26000-7fdb8ee27000 rw-p 00000000 00:00 0 
7fdb8ee27000-7fdb8ee28000 ---p 00000000 00:00 0 
7fdb8ee28000-7fdb8f119000 rw-p 00000000 00:00 0 
7fdb8f119000-7fdb90dc9000 ---p 00000000 00:00 0 
7fdb90dc9000-7fdb90fc1000 rw-p 00000000 00:00 0 
7fdb90fc1000-7fdb92c71000 ---p 00000000 00:00 0 
7fdb92c71000-7fdb92cb7000 rw-p 00000000 00:00 0 
7fdb92cb7000-7fdb9304d000 ---p 00000000 00:00 0 
7fdb9304d000-7fdb9308c000 rw-p 00000000 00:00 0 
7fdb9308c000-7fdb93422000 ---p 00000000 00:00 0 
7fdb93422000-7fdb93461000 rw-p 00000000 00:00 0 
7fdb93461000-7fdb937f7000 ---p 00000000 00:00 0 
7fdb937f7000-7fdb94000000 rw-p 00000000 00:00 0 
7fdb94000000-7fdb94021000 rw-p 00000000 00:00 0 
7fdb94021000-7fdb98000000 ---p 00000000 00:00 0 
7fdb98057000-7fdb98058000 ---p 00000000 00:00 0 
7fdb98058000-7fdb9815e000 rw-p 00000000 00:00 0 
7fdb9815e000-7fdb98244000 ---p 00000000 00:00 0 
7fdb98244000-7fdb984b4000 rwxp 00000000 00:00 0 
7fdb984b4000-7fdb987d5000 ---p 00000000 00:00 0 
7fdb987d5000-7fdb98a45000 rwxp 00000000 00:00 0 
7fdb98a45000-7fdb9fd0c000 ---p 00000000 00:00 0 
7fdb9fd0c000-7fdb9ff7c000 rwxp 00000000 00:00 0 
7fdb9ff7c000-7fdba7244000 ---p 00000000 00:00 0 
7fdba7244000-7fdba724b000 r-xp 00000000 08:03 1056644                    /usr/lib/jvm/java-11-openjdk-amd64/lib/libzip.so
7fdba724b000-7fdba744a000 ---p 00007000 08:03 1056644                    /usr/lib/jvm/java-11-openjdk-amd64/lib/libzip.so
7fdba744a000-7fdba744b000 r--p 00006000 08:03 1056644                    /usr/lib/jvm/java-11-openjdk-amd64/lib/libzip.so
7fdba744b000-7fdba744c000 rw-p 00007000 08:03 1056644                    /usr/lib/jvm/java-11-openjdk-amd64/lib/libzip.so
7fdba744c000-7fdba7457000 r-xp 00000000 08:03 267275                     /lib/x86_64-linux-gnu/libnss_files-2.27.so
7fdba7457000-7fdba7656000 ---p 0000b000 08:03 267275                     /lib/x86_64-linux-gnu/libnss_files-2.27.so
7fdba7656000-7fdba7657000 r--p 0000a000 08:03 267275                     /lib/x86_64-linux-gnu/libnss_files-2.27.so
7fdba7657000-7fdba7658000 rw-p 0000b000 08:03 267275                     /lib/x86_64-linux-gnu/libnss_files-2.27.so
7fdba7658000-7fdba765e000 rw-p 00000000 00:00 0 
7fdba765e000-7fdba7675000 r-xp 00000000 08:03 267268                     /lib/x86_64-linux-gnu/libnsl-2.27.so
7fdba7675000-7fdba7874000 ---p 00017000 08:03 267268                     /lib/x86_64-linux-gnu/libnsl-2.27.so
7fdba7874000-7fdba7875000 r--p 00016000 08:03 267268                     /lib/x86_64-linux-gnu/libnsl-2.27.so
7fdba7875000-7fdba7876000 rw-p 00017000 08:03 267268                     /lib/x86_64-linux-gnu/libnsl-2.27.so
7fdba7876000-7fdba7878000 rw-p 00000000 00:00 0 
7fdba7878000-7fdbb0000000 r--s 00000000 08:03 1056645                    /usr/lib/jvm/java-11-openjdk-amd64/lib/modules
7fdbb0000000-7fdbb0190000 rw-p 00000000 00:00 0 
7fdbb0190000-7fdbb4000000 ---p 00000000 00:00 0 
7fdbb4000000-7fdbb402d000 rw-p 00000000 00:00 0 
7fdbb402d000-7fdbb4113000 ---p 00000000 00:00 0 
7fdbb4113000-7fdbb411e000 r-xp 00000000 08:03 267291                     /lib/x86_64-linux-gnu/libnss_nis-2.27.so
7fdbb411e000-7fdbb431d000 ---p 0000b000 08:03 267291                     /lib/x86_64-linux-gnu/libnss_nis-2.27.so
7fdbb431d000-7fdbb431e000 r--p 0000a000 08:03 267291                     /lib/x86_64-linux-gnu/libnss_nis-2.27.so
7fdbb431e000-7fdbb431f000 rw-p 0000b000 08:03 267291                     /lib/x86_64-linux-gnu/libnss_nis-2.27.so
7fdbb431f000-7fdbb4327000 r-xp 00000000 08:03 267269                     /lib/x86_64-linux-gnu/libnss_compat-2.27.so
7fdbb4327000-7fdbb4527000 ---p 00008000 08:03 267269                     /lib/x86_64-linux-gnu/libnss_compat-2.27.so
7fdbb4527000-7fdbb4528000 r--p 00008000 08:03 267269                     /lib/x86_64-linux-gnu/libnss_compat-2.27.so
7fdbb4528000-7fdbb4529000 rw-p 00009000 08:03 267269                     /lib/x86_64-linux-gnu/libnss_compat-2.27.so
7fdbb4529000-7fdbb452e000 r-xp 00000000 08:03 1056623                    /usr/lib/jvm/java-11-openjdk-amd64/lib/libjimage.so
7fdbb452e000-7fdbb472d000 ---p 00005000 08:03 1056623                    /usr/lib/jvm/java-11-openjdk-amd64/lib/libjimage.so
7fdbb472d000-7fdbb472e000 r--p 00004000 08:03 1056623                    /usr/lib/jvm/java-11-openjdk-amd64/lib/libjimage.so
7fdbb472e000-7fdbb472f000 rw-p 00005000 08:03 1056623                    /usr/lib/jvm/java-11-openjdk-amd64/lib/libjimage.so
7fdbb472f000-7fdbb4757000 r-xp 00000000 08:03 1056619                    /usr/lib/jvm/java-11-openjdk-amd64/lib/libjava.so
7fdbb4757000-7fdbb4957000 ---p 00028000 08:03 1056619                    /usr/lib/jvm/java-11-openjdk-amd64/lib/libjava.so
7fdbb4957000-7fdbb4958000 r--p 00028000 08:03 1056619                    /usr/lib/jvm/java-11-openjdk-amd64/lib/libjava.so
7fdbb4958000-7fdbb4959000 rw-p 00029000 08:03 1056619                    /usr/lib/jvm/java-11-openjdk-amd64/lib/libjava.so
7fdbb4959000-7fdbb495a000 rw-p 00000000 00:00 0 
7fdbb495a000-7fdbb4967000 r-xp 00000000 08:03 1056643                    /usr/lib/jvm/java-11-openjdk-amd64/lib/libverify.so
7fdbb4967000-7fdbb4b66000 ---p 0000d000 08:03 1056643                    /usr/lib/jvm/java-11-openjdk-amd64/lib/libverify.so
7fdbb4b66000-7fdbb4b68000 r--p 0000c000 08:03 1056643                    /usr/lib/jvm/java-11-openjdk-amd64/lib/libverify.so
7fdbb4b68000-7fdbb4b69000 rw-p 0000e000 08:03 1056643                    /usr/lib/jvm/java-11-openjdk-amd64/lib/libverify.so
7fdbb4b69000-7fdbb4b70000 r-xp 00000000 08:03 267306                     /lib/x86_64-linux-gnu/librt-2.27.so
7fdbb4b70000-7fdbb4d6f000 ---p 00007000 08:03 267306                     /lib/x86_64-linux-gnu/librt-2.27.so
7fdbb4d6f000-7fdbb4d70000 r--p 00006000 08:03 267306                     /lib/x86_64-linux-gnu/librt-2.27.so
7fdbb4d70000-7fdbb4d71000 rw-p 00007000 08:03 267306                     /lib/x86_64-linux-gnu/librt-2.27.so
7fdbb4d71000-7fdbb4d88000 r-xp 00000000 08:03 262233                     /lib/x86_64-linux-gnu/libgcc_s.so.1
7fdbb4d88000-7fdbb4f87000 ---p 00017000 08:03 262233                     /lib/x86_64-linux-gnu/libgcc_s.so.1
7fdbb4f87000-7fdbb4f88000 r--p 00016000 08:03 262233                     /lib/x86_64-linux-gnu/libgcc_s.so.1
7fdbb4f88000-7fdbb4f89000 rw-p 00017000 08:03 262233                     /lib/x86_64-linux-gnu/libgcc_s.so.1
7fdbb4f89000-7fdbb5126000 r-xp 00000000 08:03 267211                     /lib/x86_64-linux-gnu/libm-2.27.so
7fdbb5126000-7fdbb5325000 ---p 0019d000 08:03 267211                     /lib/x86_64-linux-gnu/libm-2.27.so
7fdbb5325000-7fdbb5326000 r--p 0019c000 08:03 267211                     /lib/x86_64-linux-gnu/libm-2.27.so
7fdbb5326000-7fdbb5327000 rw-p 0019d000 08:03 267211                     /lib/x86_64-linux-gnu/libm-2.27.so
7fdbb5327000-7fdbb54ea000 r-xp 00000000 08:03 1052506                    /usr/lib/x86_64-linux-gnu/libstdc++.so.6.0.28
7fdbb54ea000-7fdbb56ea000 ---p 001c3000 08:03 1052506                    /usr/lib/x86_64-linux-gnu/libstdc++.so.6.0.28
7fdbb56ea000-7fdbb56f5000 r--p 001c3000 08:03 1052506                    /usr/lib/x86_64-linux-gnu/libstdc++.so.6.0.28
7fdbb56f5000-7fdbb56f8000 rw-p 001ce000 08:03 1052506                    /usr/lib/x86_64-linux-gnu/libstdc++.so.6.0.28
7fdbb56f8000-7fdbb56fb000 rw-p 00000000 00:00 0 
7fdbb56fb000-7fdbb67e3000 r-xp 00000000 08:03 1056649                    /usr/lib/jvm/java-11-openjdk-amd64/lib/server/libjvm.so
7fdbb67e3000-7fdbb69e2000 ---p 010e8000 08:03 1056649                    /usr/lib/jvm/java-11-openjdk-amd64/lib/server/libjvm.so
7fdbb69e2000-7fdbb6aa3000 r--p 010e7000 08:03 1056649                    /usr/lib/jvm/java-11-openjdk-amd64/lib/server/libjvm.so
7fdbb6aa3000-7fdbb6ade000 rw-p 011a8000 08:03 1056649                    /usr/lib/jvm/java-11-openjdk-amd64/lib/server/libjvm.so
7fdbb6ade000-7fdbb6b35000 rw-p 00000000 00:00 0 
7fdbb6b35000-7fdbb6b4f000 r-xp 00000000 08:03 267296                     /lib/x86_64-linux-gnu/libpthread-2.27.so
7fdbb6b4f000-7fdbb6d4e000 ---p 0001a000 08:03 267296                     /lib/x86_64-linux-gnu/libpthread-2.27.so
7fdbb6d4e000-7fdbb6d4f000 r--p 00019000 08:03 267296                     /lib/x86_64-linux-gnu/libpthread-2.27.so
7fdbb6d4f000-7fdbb6d50000 rw-p 0001a000 08:03 267296                     /lib/x86_64-linux-gnu/libpthread-2.27.so
7fdbb6d50000-7fdbb6d54000 rw-p 00000000 00:00 0 
7fdbb6d54000-7fdbb6d57000 r-xp 00000000 08:03 267210                     /lib/x86_64-linux-gnu/libdl-2.27.so
7fdbb6d57000-7fdbb6f56000 ---p 00003000 08:03 267210                     /lib/x86_64-linux-gnu/libdl-2.27.so
7fdbb6f56000-7fdbb6f57000 r--p 00002000 08:03 267210                     /lib/x86_64-linux-gnu/libdl-2.27.so
7fdbb6f57000-7fdbb6f58000 rw-p 00003000 08:03 267210                     /lib/x86_64-linux-gnu/libdl-2.27.so
7fdbb6f58000-7fdbb6f74000 r-xp 00000000 08:03 267378                     /lib/x86_64-linux-gnu/libz.so.1.2.11
7fdbb6f74000-7fdbb7173000 ---p 0001c000 08:03 267378                     /lib/x86_64-linux-gnu/libz.so.1.2.11
7fdbb7173000-7fdbb7174000 r--p 0001b000 08:03 267378                     /lib/x86_64-linux-gnu/libz.so.1.2.11
7fdbb7174000-7fdbb7175000 rw-p 0001c000 08:03 267378                     /lib/x86_64-linux-gnu/libz.so.1.2.11
7fdbb7175000-7fdbb735c000 r-xp 00000000 08:03 267183                     /lib/x86_64-linux-gnu/libc-2.27.so
7fdbb735c000-7fdbb755c000 ---p 001e7000 08:03 267183                     /lib/x86_64-linux-gnu/libc-2.27.so
7fdbb755c000-7fdbb7560000 r--p 001e7000 08:03 267183                     /lib/x86_64-linux-gnu/libc-2.27.so
7fdbb7560000-7fdbb7562000 rw-p 001eb000 08:03 267183                     /lib/x86_64-linux-gnu/libc-2.27.so
7fdbb7562000-7fdbb7566000 rw-p 00000000 00:00 0 
7fdbb7566000-7fdbb7575000 r-xp 00000000 08:03 1055366                    /usr/lib/jvm/java-11-openjdk-amd64/lib/jli/libjli.so
7fdbb7575000-7fdbb7774000 ---p 0000f000 08:03 1055366                    /usr/lib/jvm/java-11-openjdk-amd64/lib/jli/libjli.so
7fdbb7774000-7fdbb7775000 r--p 0000e000 08:03 1055366                    /usr/lib/jvm/java-11-openjdk-amd64/lib/jli/libjli.so
7fdbb7775000-7fdbb7776000 rw-p 0000f000 08:03 1055366                    /usr/lib/jvm/java-11-openjdk-amd64/lib/jli/libjli.so
7fdbb7776000-7fdbb779f000 r-xp 00000000 08:03 267177                     /lib/x86_64-linux-gnu/ld-2.27.so
7fdbb77ba000-7fdbb787b000 rw-p 00000000 00:00 0 
7fdbb787b000-7fdbb787f000 ---p 00000000 00:00 0 
7fdbb787f000-7fdbb797e000 rw-p 00000000 00:00 0 
7fdbb7987000-7fdbb798c000 rw-p 00000000 00:00 0 
7fdbb798c000-7fdbb7993000 ---p 00000000 00:00 0 
7fdbb7993000-7fdbb799b000 rw-s 00000000 08:03 4850384                    /tmp/hsperfdata_user/13382
7fdbb799b000-7fdbb799c000 ---p 00000000 00:00 0 
7fdbb799c000-7fdbb799d000 r--p 00000000 00:00 0 
7fdbb799d000-7fdbb799f000 rw-p 00000000 00:00 0 
7fdbb799f000-7fdbb79a0000 r--p 00029000 08:03 267177                     /lib/x86_64-linux-gnu/ld-2.27.so
7fdbb79a0000-7fdbb79a1000 rw-p 0002a000 08:03 267177                     /lib/x86_64-linux-gnu/ld-2.27.so
7fdbb79a1000-7fdbb79a2000 rw-p 00000000 00:00 0 
7ffdabc0f000-7ffdabc32000 rw-p 00000000 00:00 0                          [stack]
7ffdabd60000-7ffdabd63000 r--p 00000000 00:00 0                          [vvar]
7ffdabd63000-7ffdabd64000 r-xp 00000000 00:00 0                          [vdso]
ffffffffff600000-ffffffffff601000 --xp 00000000 00:00 0                  [vsyscall]


VM Arguments:
java_command: com.java.crypto.jni.HillJni
java_class_path (initial): /home/user/Faks/5.godina/2.semestar/Java/projekt/ClassicCryptography/target/classes:/home/user/.m2/repository/org/springframework/boot/spring-boot-starter-data-jpa/2.3.12.RELEASE/spring-boot-starter-data-jpa-2.3.12.RELEASE.jar:/home/user/.m2/repository/org/springframework/boot/spring-boot-starter-aop/2.3.12.RELEASE/spring-boot-starter-aop-2.3.12.RELEASE.jar:/home/user/.m2/repository/org/springframework/spring-aop/5.2.15.RELEASE/spring-aop-5.2.15.RELEASE.jar:/home/user/.m2/repository/org/aspectj/aspectjweaver/1.9.6/aspectjweaver-1.9.6.jar:/home/user/.m2/repository/org/springframework/boot/spring-boot-starter-jdbc/2.3.12.RELEASE/spring-boot-starter-jdbc-2.3.12.RELEASE.jar:/home/user/.m2/repository/com/zaxxer/HikariCP/3.4.5/HikariCP-3.4.5.jar:/home/user/.m2/repository/org/springframework/spring-jdbc/5.2.15.RELEASE/spring-jdbc-5.2.15.RELEASE.jar:/home/user/.m2/repository/jakarta/transaction/jakarta.transaction-api/1.3.3/jakarta.transaction-api-1.3.3.jar:/home/user/.m2/repository/jakarta/persistence/jakarta.persistence-api/2.2.3/jakarta.persistence-api-2.2.3.jar:/home/user/.m2/repository/org/hibernate/hibernate-core/5.4.32.Final/hibernate-core-5.4.32.Final.jar:/home/user/.m2/repository/org/jboss/logging/jboss-logging/3.4.2.Final/jboss-logging-3.4.2.Final.jar:/home/user/.m2/repository/org/javassist/javassist/3.27.0-GA/javassist-3.27.0-GA.jar:/home/user/.m2/repository/net/bytebuddy/byte-buddy/1.10.22/byte-buddy-1.10.22.jar:/home/user/.m2/repository/antlr/antlr/2.7.7/antlr-2.7.7.jar:/home/user/.m2/repository/org/jboss/jandex/2.2.3.Final/jandex-2.2.3.Final.jar:/home/user/.m2/repository/com/fasterxml/classmate/1.5.1/classmate-1.5.1.jar:/home/user/.m2/repository/org/dom4j/dom4j/2.1.3/dom4j-2.1.3.jar:/home/user/.m2/repository/org/hibernate/common/hibernate-commons-annotations/5.1.2.Final/hibernate-commons-annotations-5.1.2.Final.jar:/home/user/.m2/repository/org/glassfish/jaxb/jaxb-runtime/2.3.4/jaxb-runtime-2.3.4.jar:/home/user/.m2/repository/org/g
Launcher Type: SUN_STANDARD

[Global flags]
     intx CICompilerCount                          = 4                                         {product} {ergonomic}
     uint ConcGCThreads                            = 2                                         {product} {ergonomic}
     uint G1ConcRefinementThreads                  = 8                                         {product} {ergonomic}
   size_t G1HeapRegionSize                         = 1048576                                   {product} {ergonomic}
    uintx GCDrainStackTargetSize                   = 64                                        {product} {ergonomic}
   size_t InitialHeapSize                          = 130023424                                 {product} {ergonomic}
   size_t MarkStackSize                            = 4194304                                   {product} {ergonomic}
   size_t MaxHeapSize                              = 2057306112                                {product} {ergonomic}
   size_t MaxNewSize                               = 1234173952                                {product} {ergonomic}
   size_t MinHeapDeltaBytes                        = 1048576                                   {product} {ergonomic}
    uintx NonNMethodCodeHeapSize                   = 5836300                                {pd product} {ergonomic}
    uintx NonProfiledCodeHeapSize                  = 122910970                              {pd product} {ergonomic}
    uintx ProfiledCodeHeapSize                     = 122910970                              {pd product} {ergonomic}
    uintx ReservedCodeCacheSize                    = 251658240                              {pd product} {ergonomic}
     bool SegmentedCodeCache                       = true                                      {product} {ergonomic}
     bool UseCompressedClassPointers               = true                                 {lp64_product} {ergonomic}
     bool UseCompressedOops                        = true                                 {lp64_product} {ergonomic}
     bool UseG1GC                                  = true                                      {product} {ergonomic}

Logging:
Log output configuration:
 #0: stdout all=warning uptime,level,tags
 #1: stderr all=off uptime,level,tags

Environment Variables:
JAVA_HOME=/usr/lib/jvm/java-11-openjdk-amd64
PATH=/usr/local/sbin:/usr/local/bin:/usr/sbin:/usr/bin:/sbin:/bin:/usr/games:/usr/local/games:/snap/bin:/home/user/.dotnet/tools
SHELL=/bin/bash
DISPLAY=:0
LANG=en_US.UTF-8

Signal Handlers:
SIGSEGV: [libjvm.so+0xe1d0a0], sa_mask[0]=11111111011111111101111111111110, sa_flags=SA_RESTART|SA_SIGINFO
SIGBUS: [libjvm.so+0xe1d0a0], sa_mask[0]=11111111011111111101111111111110, sa_flags=SA_RESTART|SA_SIGINFO
SIGFPE: [libjvm.so+0xe1d0a0], sa_mask[0]=11111111011111111101111111111110, sa_flags=SA_RESTART|SA_SIGINFO
SIGPIPE: [libjvm.so+0xb717f0], sa_mask[0]=11111111011111111101111111111110, sa_flags=SA_RESTART|SA_SIGINFO
SIGXFSZ: [libjvm.so+0xb717f0], sa_mask[0]=11111111011111111101111111111110, sa_flags=SA_RESTART|SA_SIGINFO
SIGILL: [libjvm.so+0xe1d0a0], sa_mask[0]=11111111011111111101111111111110, sa_flags=SA_RESTART|SA_SIGINFO
SIGUSR2: [libjvm.so+0xb71680], sa_mask[0]=00100000000000000000000000000000, sa_flags=SA_RESTART|SA_SIGINFO
SIGHUP: [libjvm.so+0xb71b30], sa_mask[0]=11111111011111111101111111111110, sa_flags=SA_RESTART|SA_SIGINFO
SIGINT: SIG_IGN, sa_mask[0]=00000000000000000000000000000000, sa_flags=none
SIGTERM: [libjvm.so+0xb71b30], sa_mask[0]=11111111011111111101111111111110, sa_flags=SA_RESTART|SA_SIGINFO
SIGQUIT: [libjvm.so+0xb71b30], sa_mask[0]=11111111011111111101111111111110, sa_flags=SA_RESTART|SA_SIGINFO


---------------  S Y S T E M  ---------------

OS:DISTRIB_ID=LinuxMint
DISTRIB_RELEASE=19.3
DISTRIB_CODENAME=tricia
DISTRIB_DESCRIPTION="Linux Mint 19.3 Tricia"
uname:Linux 5.4.0-52-generic #57~18.04.1-Ubuntu SMP Thu Oct 15 14:04:49 UTC 2020 x86_64
OS uptime: 0 days 2:55 hours
libc:glibc 2.27 NPTL 2.27 
rlimit (soft/hard): STACK 8192k/infinity , CORE 0k/infinity , NPROC 31068/31068 , NOFILE 1048576/1048576 , AS infinity/infinity , CPU infinity/infinity , DATA infinity/infinity , FSIZE infinity/infinity , MEMLOCK 65536k/65536k
load average:1,40 1,86 1,73

/proc/meminfo:
MemTotal:        8028268 kB
MemFree:          614468 kB
MemAvailable:    3045264 kB
Buffers:          238156 kB
Cached:          2444932 kB
SwapCached:           36 kB
Active:          5166788 kB
Inactive:        1655932 kB
Active(anon):    3862912 kB
Inactive(anon):   374148 kB
Active(file):    1303876 kB
Inactive(file):  1281784 kB
Unevictable:         708 kB
Mlocked:              64 kB
SwapTotal:       2097148 kB
SwapFree:        2096112 kB
Dirty:               864 kB
Writeback:             0 kB
AnonPages:       4140668 kB
Mapped:           831620 kB
Shmem:            101764 kB
KReclaimable:     138684 kB
Slab:             323468 kB
SReclaimable:     138684 kB
SUnreclaim:       184784 kB
KernelStack:       17396 kB
PageTables:        75204 kB
NFS_Unstable:          0 kB
Bounce:                0 kB
WritebackTmp:          0 kB
CommitLimit:     6111280 kB
Committed_AS:   13273128 kB
VmallocTotal:   34359738367 kB
VmallocUsed:       69508 kB
VmallocChunk:          0 kB
Percpu:             6240 kB
HardwareCorrupted:     0 kB
AnonHugePages:         0 kB
ShmemHugePages:        0 kB
ShmemPmdMapped:        0 kB
FileHugePages:         0 kB
FilePmdMapped:         0 kB
CmaTotal:              0 kB
CmaFree:               0 kB
HugePages_Total:       0
HugePages_Free:        0
HugePages_Rsvd:        0
HugePages_Surp:        0
Hugepagesize:       2048 kB
Hugetlb:               0 kB
DirectMap4k:      574076 kB
DirectMap2M:     7692288 kB
DirectMap1G:           0 kB

/sys/kernel/mm/transparent_hugepage/enabled:
always [madvise] never
/sys/kernel/mm/transparent_hugepage/defrag (defrag/compaction efforts parameter):
always defer defer+madvise [madvise] never

Process Memory:
Virtual Size: 4730340K (peak: 13484624K)
Resident Set Size: 38100K (peak: 38100K) (anon: 11620K, file: 26480K, shmem: 0K)
Swapped out: 0K
C-Heap outstanding allocations: 4658K

/proc/sys/kernel/threads-max (system-wide limit on the number of threads):
62137
/proc/sys/vm/max_map_count (maximum number of memory map areas a process may have):
65530
/proc/sys/kernel/pid_max (system-wide limit on number of process identifiers):
32768

container (cgroup) information:
container_type: cgroupv1
cpu_cpuset_cpus: 0-7
cpu_memory_nodes: 0
active_processor_count: 8
cpu_quota: -1
cpu_period: 100000
cpu_shares: -1
memory_limit_in_bytes: -1
memory_and_swap_limit_in_bytes: -2
memory_soft_limit_in_bytes: -1
memory_usage_in_bytes: 5568655360
memory_max_usage_in_bytes: 5804519424

Steal ticks since vm start: 0
Steal ticks percentage since vm start:  0,000

CPU:total 8 (initial active 8) (4 cores per cpu, 2 threads per core) family 6 model 158 stepping 10 microcode 0xde, cmov, cx8, fxsr, mmx, sse, sse2, sse3, ssse3, sse4.1, sse4.2, popcnt, avx, avx2, aes, clmul, erms, 3dnowpref, lzcnt, ht, tsc, tscinvbit, bmi1, bmi2, adx, fma
CPU Model and flags from /proc/cpuinfo:
model name	: Intel(R) Core(TM) i5-9300H CPU @ 2.40GHz
flags		: fpu vme de pse tsc msr pae mce cx8 apic sep mtrr pge mca cmov pat pse36 clflush dts acpi mmx fxsr sse sse2 ss ht tm pbe syscall nx pdpe1gb rdtscp lm constant_tsc art arch_perfmon pebs bts rep_good nopl xtopology nonstop_tsc cpuid aperfmperf pni pclmulqdq dtes64 monitor ds_cpl vmx est tm2 ssse3 sdbg fma cx16 xtpr pdcm pcid sse4_1 sse4_2 x2apic movbe popcnt tsc_deadline_timer aes xsave avx f16c rdrand lahf_lm abm 3dnowprefetch cpuid_fault epb invpcid_single pti ssbd ibrs ibpb stibp tpr_shadow vnmi flexpriority ept vpid ept_ad fsgsbase tsc_adjust bmi1 avx2 smep bmi2 erms invpcid mpx rdseed adx smap clflushopt intel_pt xsaveopt xsavec xgetbv1 xsaves dtherm ida arat pln pts hwp hwp_notify hwp_act_window hwp_epp md_clear flush_l1d
Online cpus:
0-7
Offline cpus:

BIOS frequency limitation:
<Not Available>
Frequency switch latency (ns):
0
Available cpu frequencies:
<Not Available>
Current governor:
powersave
Core performance/turbo boost:
<Not Available>

Memory: 4k page, physical 8028268k(614468k free), swap 2097148k(2096112k free)

vm_info: OpenJDK 64-Bit Server VM (11.0.11+9-Ubuntu-0ubuntu2.18.04) for linux-amd64 JRE (11.0.11+9-Ubuntu-0ubuntu2.18.04), built on Apr 21 2021 09:15:32 by "unknown" with gcc 8.4.0

END.
